{"timestamp":"2022-12-14T09:54:32,576","container":"87b021db5840","level":"INFO","thread":"main","class":"Besu","message":"Using the Java implementation of alt bn128","throwable":""}
{"timestamp":"2022-12-14T09:54:32,606","container":"87b021db5840","level":"INFO","thread":"main","class":"Besu","message":"Using the native implementation of the signature algorithm","throwable":""}
{"timestamp":"2022-12-14T09:54:32,614","container":"87b021db5840","level":"INFO","thread":"main","class":"Besu","message":"Starting Besu version: besu/v22.7.1/linux-aarch_64/openjdk-java-11","throwable":""}
{"timestamp":"2022-12-14T09:54:33,171","container":"87b021db5840","level":"WARN","thread":"main","class":"Besu","message":"--min-gas-price has been ignored because --miner-enabled was not defined on the command line.","throwable":""}
{"timestamp":"2022-12-14T09:54:34,001","container":"87b021db5840","level":"INFO","thread":"main","class":"Besu","message":"Static Nodes file = /config/static-nodes.json","throwable":""}
{"timestamp":"2022-12-14T09:54:34,156","container":"87b021db5840","level":"INFO","thread":"main","class":"Besu","message":"Connecting to 8 static nodes.","throwable":""}
{"timestamp":"2022-12-14T09:54:34,171","container":"87b021db5840","level":"INFO","thread":"main","class":"Besu","message":"Security Module: localfile","throwable":""}
{"timestamp":"2022-12-14T09:54:34,220","container":"87b021db5840","level":"INFO","thread":"main","class":"RocksDBKeyValueStorageFactory","message":"No existing database detected at /opt/besu/data. Using version 1","throwable":""}
{"timestamp":"2022-12-14T09:54:35,579","container":"87b021db5840","level":"INFO","thread":"main","class":"KeyPairUtil","message":"Loaded public key 0x86fcc16f4730fbfd238dc17ea552854c0943923bb1d5e886e5601b8d884fb0519060e0023f495dd24ffe60a65660fb7fdcdebfceedd2b3673dfa63658825924b from /opt/besu/keys/nodekey","throwable":""}
{"timestamp":"2022-12-14T09:54:35,603","container":"87b021db5840","level":"WARN","thread":"main","class":"Besu","message":"Privacy is disabled. Cannot use EEA/PRIV API methods when not using Privacy.","throwable":""}
{"timestamp":"2022-12-14T09:54:36,105","container":"87b021db5840","level":"INFO","thread":"main","class":"AbstractAltBnPrecompiledContract","message":"Native alt bn128 not available","throwable":""}
{"timestamp":"2022-12-14T09:54:36,123","container":"87b021db5840","level":"INFO","thread":"main","class":"AbstractAltBnPrecompiledContract","message":"Native alt bn128 not available","throwable":""}
{"timestamp":"2022-12-14T09:54:36,125","container":"87b021db5840","level":"INFO","thread":"main","class":"AbstractAltBnPrecompiledContract","message":"Native alt bn128 not available","throwable":""}
{"timestamp":"2022-12-14T09:54:36,195","container":"87b021db5840","level":"INFO","thread":"main","class":"ProtocolScheduleBuilder","message":"Protocol schedule created with milestones: [Petersburg: 0]","throwable":""}
{"timestamp":"2022-12-14T09:54:36,592","container":"87b021db5840","level":"INFO","thread":"main","class":"BesuControllerBuilder","message":"TTD difficulty is not present, creating initial sync phase for PoW","throwable":""}
{"timestamp":"2022-12-14T09:54:36,762","container":"87b021db5840","level":"INFO","thread":"main","class":"RunnerBuilder","message":"Detecting NAT service.","throwable":""}
{"timestamp":"2022-12-14T09:54:38,668","container":"87b021db5840","level":"INFO","thread":"main","class":"Runner","message":"Starting external services ... ","throwable":""}
{"timestamp":"2022-12-14T09:54:38,682","container":"87b021db5840","level":"INFO","thread":"main","class":"MetricsHttpService","message":"Starting metrics http service on 0.0.0.0:9545","throwable":""}
{"timestamp":"2022-12-14T09:54:38,973","container":"87b021db5840","level":"INFO","thread":"vert.x-eventloop-thread-1","class":"MetricsHttpService","message":"Metrics service started and listening on 0.0.0.0:9545","throwable":""}
{"timestamp":"2022-12-14T09:54:38,975","container":"87b021db5840","level":"INFO","thread":"main","class":"JsonRpcHttpService","message":"Starting JSON-RPC service on 0.0.0.0:8545","throwable":""}
{"timestamp":"2022-12-14T09:54:39,007","container":"87b021db5840","level":"INFO","thread":"vert.x-eventloop-thread-1","class":"JsonRpcHttpService","message":"JSON-RPC service started and listening on 0.0.0.0:8545","throwable":""}
{"timestamp":"2022-12-14T09:54:39,010","container":"87b021db5840","level":"INFO","thread":"main","class":"GraphQLHttpService","message":"Starting GraphQL HTTP service on 0.0.0.0:8547","throwable":""}
{"timestamp":"2022-12-14T09:54:39,014","container":"87b021db5840","level":"INFO","thread":"vert.x-eventloop-thread-1","class":"GraphQLHttpService","message":"GraphQL HTTP service started and listening on 0.0.0.0:8547","throwable":""}
{"timestamp":"2022-12-14T09:54:39,015","container":"87b021db5840","level":"INFO","thread":"main","class":"WebSocketService","message":"Starting Websocket service on 0.0.0.0:8546","throwable":""}
{"timestamp":"2022-12-14T09:54:39,019","container":"87b021db5840","level":"INFO","thread":"vert.x-eventloop-thread-1","class":"WebSocketService","message":"Websocket service started and listening on 0.0.0.0:8546","throwable":""}
{"timestamp":"2022-12-14T09:54:39,022","container":"87b021db5840","level":"INFO","thread":"main","class":"AutoTransactionLogBloomCachingService","message":"Starting auto transaction log bloom caching service.","throwable":""}
{"timestamp":"2022-12-14T09:54:39,024","container":"87b021db5840","level":"INFO","thread":"main","class":"LogBloomCacheMetadata","message":"Lookup cache metadata file in data directory: /opt/besu/data/caches","throwable":""}
{"timestamp":"2022-12-14T09:54:39,049","container":"87b021db5840","level":"INFO","thread":"main","class":"Runner","message":"Starting Ethereum main loop ... ","throwable":""}
{"timestamp":"2022-12-14T09:54:39,058","container":"87b021db5840","level":"INFO","thread":"main","class":"NatService","message":"No NAT environment detected so no service could be started","throwable":""}
{"timestamp":"2022-12-14T09:54:39,068","container":"87b021db5840","level":"INFO","thread":"main","class":"NetworkRunner","message":"Starting Network.","throwable":""}
{"timestamp":"2022-12-14T09:54:39,163","container":"87b021db5840","level":"INFO","thread":"nioEventLoopGroup-2-1","class":"RlpxAgent","message":"P2P RLPx agent started and listening on /0.0.0.0:30303.","throwable":""}
{"timestamp":"2022-12-14T09:54:39,166","container":"87b021db5840","level":"INFO","thread":"main","class":"PeerDiscoveryAgent","message":"Starting peer discovery agent on host=0.0.0.0, port=30303","throwable":""}
{"timestamp":"2022-12-14T09:54:39,260","container":"87b021db5840","level":"INFO","thread":"vert.x-eventloop-thread-1","class":"VertxPeerDiscoveryAgent","message":"Started peer discovery agent successfully, on effective host=0.0.0.0 and port=30303","throwable":""}
{"timestamp":"2022-12-14T09:54:39,264","container":"87b021db5840","level":"INFO","thread":"main","class":"PeerDiscoveryAgent","message":"P2P peer discovery agent started and listening on /0.0.0.0:30303","throwable":""}
{"timestamp":"2022-12-14T09:54:39,464","container":"87b021db5840","level":"INFO","thread":"main","class":"PeerDiscoveryAgent","message":"Writing node record to disk. NodeRecord{seq=1, publicKey=0x0386fcc16f4730fbfd238dc17ea552854c0943923bb1d5e886e5601b8d884fb051, udpAddress=Optional[/172.16.239.15:30303], tcpAddress=Optional[/172.16.239.15:30303], asBase64=-Je4QAorqaECRof-SvjbUZdZC4FZlU6vpbIRqxIuohoGz-o-Vh-BX3O8hclUKVExiWkSiKy7_rloLVLQiZLUnb931_cBg2V0aMfGhFuBMk-AgmlkgnY0gmlwhKwQ7w-Jc2VjcDI1NmsxoQOG_MFvRzD7_SONwX6lUoVMCUOSO7HV6IblYBuNiE-wUYN0Y3CCdl-DdWRwgnZf, nodeId=0x133b4f32d7750cdfd4048f04df8b560be949c229c821731554c33ead5e3888a4, customFields={tcp=30303, udp=30303, ip=0xac10ef0f, eth=[[0x5b81324f, 0x]], id=V4, secp256k1=0x0386fcc16f4730fbfd238dc17ea552854c0943923bb1d5e886e5601b8d884fb051}}","throwable":""}
{"timestamp":"2022-12-14T09:54:39,649","container":"87b021db5840","level":"INFO","thread":"main","class":"DefaultP2PNetwork","message":"Enode URL enode://86fcc16f4730fbfd238dc17ea552854c0943923bb1d5e886e5601b8d884fb0519060e0023f495dd24ffe60a65660fb7fdcdebfceedd2b3673dfa63658825924b@172.16.239.15:30303","throwable":""}
{"timestamp":"2022-12-14T09:54:39,651","container":"87b021db5840","level":"INFO","thread":"main","class":"DefaultP2PNetwork","message":"Node address 0xdf8b560be949c229c821731554c33ead5e3888a4","throwable":""}
{"timestamp":"2022-12-14T09:54:39,661","container":"87b021db5840","level":"INFO","thread":"main","class":"DefaultSynchronizer","message":"Starting synchronizer.","throwable":""}
{"timestamp":"2022-12-14T09:54:39,720","container":"87b021db5840","level":"INFO","thread":"main","class":"FullSyncDownloader","message":"Starting full sync.","throwable":""}
{"timestamp":"2022-12-14T09:54:39,744","container":"87b021db5840","level":"INFO","thread":"main","class":"FullSyncTargetManager","message":"No sync target, waiting for peers. Current peers: 0","throwable":""}
{"timestamp":"2022-12-14T09:54:39,834","container":"87b021db5840","level":"INFO","thread":"main","class":"Runner","message":"Ethereum main loop is up.","throwable":""}
{"timestamp":"2022-12-14T09:54:41,572","container":"87b021db5840","level":"INFO","thread":"nioEventLoopGroup-3-3","class":"FullSyncTargetManager","message":"No sync target, waiting for peers. Current peers: 4","throwable":""}
{"timestamp":"2022-12-14T09:54:46,616","container":"87b021db5840","level":"INFO","thread":"EthScheduler-Timer-0","class":"FullSyncTargetManager","message":"No sync target, waiting for peers. Current peers: 4","throwable":""}
{"timestamp":"2022-12-14T09:54:49,453","container":"87b021db5840","level":"INFO","thread":"EthScheduler-Workers-0","class":"PersistBlockTask","message":"Imported #1 / 0 tx / 0 om / 0 (0.0%) gas / (0xd6349157545f24127316ebd1128670cb0e977445d7ba19fab7fdd27cd65d16cb) in 0.070s. Peers: 4","throwable":""}
{"timestamp":"2022-12-14T09:54:51,619","container":"87b021db5840","level":"INFO","thread":"EthScheduler-Timer-0","class":"FullSyncTargetManager","message":"No sync target, waiting for peers. Current peers: 4","throwable":""}
{"timestamp":"2022-12-14T09:54:54,243","container":"87b021db5840","level":"INFO","thread":"EthScheduler-Workers-2","class":"PersistBlockTask","message":"Imported #2 / 0 tx / 0 om / 0 (0.0%) gas / (0x7809215187bf3e56bc5e2b69c2312783f020cc548794b1ecf5257f6ecc1797ac) in 0.021s. Peers: 4","throwable":""}
{"timestamp":"2022-12-14T09:54:59,093","container":"87b021db5840","level":"INFO","thread":"EthScheduler-Workers-1","class":"PersistBlockTask","message":"Imported #3 / 0 tx / 0 om / 0 (0.0%) gas / (0xd61298a9978bc91c2812541b53c1bfc76f8c1d028f0c8d747d2f5a408caf440c) in 0.010s. Peers: 4","throwable":""}
{"timestamp":"2022-12-14T09:55:04,143","container":"87b021db5840","level":"INFO","thread":"EthScheduler-Workers-3","class":"PersistBlockTask","message":"Imported #4 / 0 tx / 0 om / 0 (0.0%) gas / (0x6bec162929caad5c461f9d43883b04b737ac44b7d5428d550aa9efdd592ec53c) in 0.020s. Peers: 4","throwable":""}
{"timestamp":"2022-12-14T09:55:09,076","container":"87b021db5840","level":"INFO","thread":"EthScheduler-Workers-0","class":"PersistBlockTask","message":"Imported #5 / 0 tx / 0 om / 0 (0.0%) gas / (0xa9ff0836ad258c44a125547a32509c37b5128dcc542893c9c7699d04c6aa71f1) in 0.007s. Peers: 4","throwable":""}
{"timestamp":"2022-12-14T09:55:14,074","container":"87b021db5840","level":"INFO","thread":"EthScheduler-Workers-2","class":"PersistBlockTask","message":"Imported #6 / 0 tx / 0 om / 0 (0.0%) gas / (0xb3129e87fd88cc1442f578f73d9a770aad7dd819ead685cfbec08de9c04a7dd8) in 0.005s. Peers: 4","throwable":""}
{"timestamp":"2022-12-14T09:55:19,112","container":"87b021db5840","level":"INFO","thread":"EthScheduler-Workers-1","class":"PersistBlockTask","message":"Imported #7 / 0 tx / 0 om / 0 (0.0%) gas / (0x8e3c7b8ce368271a08c34a3fc620f6e0e85303d112791714ef1a24ae41492b30) in 0.014s. Peers: 4","throwable":""}
{"timestamp":"2022-12-14T09:55:24,051","container":"87b021db5840","level":"INFO","thread":"EthScheduler-Workers-3","class":"PersistBlockTask","message":"Imported #8 / 0 tx / 0 om / 0 (0.0%) gas / (0xd0fc62eb8af988557d566b98b9081cc17c3bf63ce73d8b1a8c0546ba70e3b60a) in 0.002s. Peers: 4","throwable":""}
{"timestamp":"2022-12-14T09:55:29,122","container":"87b021db5840","level":"INFO","thread":"EthScheduler-Workers-0","class":"PersistBlockTask","message":"Imported #9 / 0 tx / 0 om / 0 (0.0%) gas / (0x13fe212dc1a5847329946703a1c88b85f7d95e3c2a08eaacb44e0d3ac4accef3) in 0.005s. Peers: 4","throwable":""}
{"timestamp":"2022-12-14T09:55:34,068","container":"87b021db5840","level":"INFO","thread":"EthScheduler-Workers-2","class":"PersistBlockTask","message":"Imported #10 / 0 tx / 0 om / 0 (0.0%) gas / (0xa06c0bc5dd15f1ee3745d277eb480d1498ef17fc890166deddeb59f0be47b2a8) in 0.016s. Peers: 4","throwable":""}
{"timestamp":"2022-12-14T09:55:39,039","container":"87b021db5840","level":"INFO","thread":"EthScheduler-Workers-1","class":"PersistBlockTask","message":"Imported #11 / 0 tx / 0 om / 0 (0.0%) gas / (0x571a0b0aa478e23ad96408cac6983454f1ab12c7310a188bcd3d0432931d700c) in 0.001s. Peers: 4","throwable":""}
{"timestamp":"2022-12-14T09:55:44,054","container":"87b021db5840","level":"INFO","thread":"EthScheduler-Workers-3","class":"PersistBlockTask","message":"Imported #12 / 0 tx / 0 om / 0 (0.0%) gas / (0x5772b8e4232d259b85903fb5c014652f9bb8c89bafcf870c1ebc206dc133204f) in 0.002s. Peers: 4","throwable":""}
{"timestamp":"2022-12-14T09:55:49,059","container":"87b021db5840","level":"INFO","thread":"EthScheduler-Workers-0","class":"PersistBlockTask","message":"Imported #13 / 0 tx / 0 om / 0 (0.0%) gas / (0x41b985999b5dabadaa3697afe6482100a95c3f8b78937ff5ad66531256bfb36b) in 0.003s. Peers: 4","throwable":""}
{"timestamp":"2022-12-14T09:55:54,054","container":"87b021db5840","level":"INFO","thread":"EthScheduler-Workers-2","class":"PersistBlockTask","message":"Imported #14 / 0 tx / 0 om / 0 (0.0%) gas / (0x4532a450b386175c38d864892ec4cf9c2f64a02047930f0c6fdcb21ffdac7340) in 0.006s. Peers: 4","throwable":""}
{"timestamp":"2022-12-14T09:55:59,048","container":"87b021db5840","level":"INFO","thread":"EthScheduler-Workers-1","class":"PersistBlockTask","message":"Imported #15 / 0 tx / 0 om / 0 (0.0%) gas / (0x19f0119ad67c124f7781840831b0f6b3f0ca784e3a4cf0124ba3e6f6ce7204bf) in 0.003s. Peers: 4","throwable":""}
{"timestamp":"2022-12-14T09:56:04,059","container":"87b021db5840","level":"INFO","thread":"EthScheduler-Workers-3","class":"PersistBlockTask","message":"Imported #16 / 0 tx / 0 om / 0 (0.0%) gas / (0x72b013d1f40017796648f57fd5dbcba087301e45dc2f6310403cb3d87603c712) in 0.006s. Peers: 4","throwable":""}
{"timestamp":"2022-12-14T09:56:09,048","container":"87b021db5840","level":"INFO","thread":"EthScheduler-Workers-0","class":"PersistBlockTask","message":"Imported #17 / 0 tx / 0 om / 0 (0.0%) gas / (0x63884db53a617ca0bd2af5e6940e98d4a25d51a100d0262e2151e08c353c3aed) in 0.004s. Peers: 4","throwable":""}
{"timestamp":"2022-12-14T09:56:14,033","container":"87b021db5840","level":"INFO","thread":"EthScheduler-Workers-2","class":"PersistBlockTask","message":"Imported #18 / 0 tx / 0 om / 0 (0.0%) gas / (0x23f75a6ffd354cd824bc0cf8d9c9499174ac1f556f8bd37289afef617ec7d7cd) in 0.002s. Peers: 4","throwable":""}
{"timestamp":"2022-12-14T09:56:19,052","container":"87b021db5840","level":"INFO","thread":"EthScheduler-Workers-1","class":"PersistBlockTask","message":"Imported #19 / 0 tx / 0 om / 0 (0.0%) gas / (0xeee9faae1723703b842fdaea6aa24b338f2c35a625aa6cbdd52003299430b798) in 0.002s. Peers: 4","throwable":""}
{"timestamp":"2022-12-14T09:56:24,038","container":"87b021db5840","level":"INFO","thread":"EthScheduler-Workers-3","class":"PersistBlockTask","message":"Imported #20 / 0 tx / 0 om / 0 (0.0%) gas / (0x41a4bce698458106dafb927dfa0f416fcc92b03a2044f278df8aa358bdd2a3a8) in 0.005s. Peers: 4","throwable":""}
{"timestamp":"2022-12-14T09:56:29,065","container":"87b021db5840","level":"INFO","thread":"EthScheduler-Workers-0","class":"PersistBlockTask","message":"Imported #21 / 0 tx / 0 om / 0 (0.0%) gas / (0x0ddb2ded553f3f4da3ad597fc5b62de85bfe2912f3fc356cc47169fdaca6e4f1) in 0.007s. Peers: 4","throwable":""}
{"timestamp":"2022-12-14T09:56:34,055","container":"87b021db5840","level":"INFO","thread":"EthScheduler-Workers-2","class":"PersistBlockTask","message":"Imported #22 / 0 tx / 0 om / 0 (0.0%) gas / (0x47747a3d15b57418d0feb6d1eae564e1b6a01afc3fc750641ecc4a15b9dc8f97) in 0.007s. Peers: 4","throwable":""}
{"timestamp":"2022-12-14T09:56:39,031","container":"87b021db5840","level":"INFO","thread":"EthScheduler-Workers-1","class":"PersistBlockTask","message":"Imported #23 / 0 tx / 0 om / 0 (0.0%) gas / (0x9b3afe1161459cad5577ff808385f30ffc1db958da2ca5ec6d8ed5fef349bc1c) in 0.003s. Peers: 4","throwable":""}
{"timestamp":"2022-12-14T09:56:44,026","container":"87b021db5840","level":"INFO","thread":"EthScheduler-Workers-3","class":"PersistBlockTask","message":"Imported #24 / 0 tx / 0 om / 0 (0.0%) gas / (0xac1486d293c4ed87c0567746520d8ec202db881963833664c12fcd22baa6a9de) in 0.002s. Peers: 4","throwable":""}
{"timestamp":"2022-12-14T09:56:49,141","container":"87b021db5840","level":"INFO","thread":"EthScheduler-Workers-0","class":"PersistBlockTask","message":"Imported #25 / 0 tx / 0 om / 0 (0.0%) gas / (0x9d288349caece74fcd0c27c961a0de6ab4137f4b73c0dca690d7b612952122e3) in 0.013s. Peers: 4","throwable":""}
{"timestamp":"2022-12-14T09:56:54,043","container":"87b021db5840","level":"INFO","thread":"EthScheduler-Workers-2","class":"PersistBlockTask","message":"Imported #26 / 0 tx / 0 om / 0 (0.0%) gas / (0x5961810f6f732ddbfc0e8310ccc36575e033c95d046e9732cc643d7324032aed) in 0.002s. Peers: 4","throwable":""}
{"timestamp":"2022-12-14T09:56:59,048","container":"87b021db5840","level":"INFO","thread":"EthScheduler-Workers-1","class":"PersistBlockTask","message":"Imported #27 / 0 tx / 0 om / 0 (0.0%) gas / (0x868b605a87e5dcde243de03d21557f10f526d383114eaf408edf1b36968a1fa8) in 0.007s. Peers: 4","throwable":""}
{"timestamp":"2022-12-14T09:57:04,038","container":"87b021db5840","level":"INFO","thread":"EthScheduler-Workers-3","class":"PersistBlockTask","message":"Imported #28 / 0 tx / 0 om / 0 (0.0%) gas / (0x0902e1ea50a8c88ae91e70698545efa9474763ff68fe948079b157fc645a89b6) in 0.003s. Peers: 4","throwable":""}
{"timestamp":"2022-12-14T09:57:09,027","container":"87b021db5840","level":"INFO","thread":"EthScheduler-Workers-0","class":"PersistBlockTask","message":"Imported #29 / 0 tx / 0 om / 0 (0.0%) gas / (0xd097315df50a8904be6943d68a57d50c02607e05f157d19c788d0e3412de28bd) in 0.002s. Peers: 4","throwable":""}
{"timestamp":"2022-12-14T09:57:14,096","container":"87b021db5840","level":"INFO","thread":"EthScheduler-Workers-2","class":"PersistBlockTask","message":"Imported #30 / 0 tx / 0 om / 0 (0.0%) gas / (0x9b6e253ea00f05487b274627a5dbe57a9fd5eb89f98b1f79981dcb0146bac400) in 0.017s. Peers: 4","throwable":""}
{"timestamp":"2022-12-14T09:57:17,598","container":"87b021db5840","level":"INFO","thread":"BftProcessorExecutor-QBFT-0","class":"BftProcessor","message":"Shutting down BFT event processor","throwable":""}
{"timestamp":"2022-12-14T09:57:17,603","container":"87b021db5840","level":"INFO","thread":"BesuCommand-Shutdown-Hook","class":"DefaultSynchronizer","message":"Stopping synchronizer","throwable":""}
{"timestamp":"2022-12-14T09:57:17,606","container":"87b021db5840","level":"INFO","thread":"BesuCommand-Shutdown-Hook","class":"NetworkRunner","message":"Stopping Network.","throwable":""}
{"timestamp":"2022-12-14T09:57:17,615","container":"87b021db5840","level":"INFO","thread":"BesuCommand-Shutdown-Hook","class":"EthProtocolManager","message":"Stopping eth Subprotocol.","throwable":""}
{"timestamp":"2022-12-14T09:57:17,648","container":"87b021db5840","level":"INFO","thread":"BesuCommand-Shutdown-Hook","class":"EthProtocolManager","message":"eth Subprotocol stopped.","throwable":""}
{"timestamp":"2022-12-14T09:57:17,649","container":"87b021db5840","level":"INFO","thread":"BesuCommand-Shutdown-Hook","class":"NetworkRunner","message":"Network stopped.","throwable":""}
{"timestamp":"2022-12-14T09:57:17,652","container":"87b021db5840","level":"INFO","thread":"BesuCommand-Shutdown-Hook","class":"AutoTransactionLogBloomCachingService","message":"Shutting down Auto transaction logs caching service.","throwable":""}
{"timestamp":"2022-12-14T09:57:17,654","container":"87b021db5840","level":"INFO","thread":"BesuCommand-Shutdown-Hook","class":"NatService","message":"No NAT environment detected so no service could be stopped","throwable":""}
