{"timestamp":"2022-12-14T07:54:20,065","container":"890dc68b937c","level":"INFO","thread":"main","class":"Besu","message":"Using the Java implementation of alt bn128","throwable":""}
{"timestamp":"2022-12-14T07:54:20,077","container":"890dc68b937c","level":"INFO","thread":"main","class":"Besu","message":"Using the native implementation of the signature algorithm","throwable":""}
{"timestamp":"2022-12-14T07:54:20,081","container":"890dc68b937c","level":"INFO","thread":"main","class":"Besu","message":"Starting Besu version: besu/v22.7.1/linux-aarch_64/openjdk-java-11","throwable":""}
{"timestamp":"2022-12-14T07:54:20,747","container":"890dc68b937c","level":"WARN","thread":"main","class":"Besu","message":"--min-gas-price has been ignored because --miner-enabled was not defined on the command line.","throwable":""}
{"timestamp":"2022-12-14T07:54:21,165","container":"890dc68b937c","level":"INFO","thread":"main","class":"Besu","message":"Static Nodes file = /config/static-nodes.json","throwable":""}
{"timestamp":"2022-12-14T07:54:21,241","container":"890dc68b937c","level":"INFO","thread":"main","class":"Besu","message":"Connecting to 8 static nodes.","throwable":""}
{"timestamp":"2022-12-14T07:54:21,254","container":"890dc68b937c","level":"INFO","thread":"main","class":"Besu","message":"Security Module: localfile","throwable":""}
{"timestamp":"2022-12-14T07:54:21,304","container":"890dc68b937c","level":"INFO","thread":"main","class":"RocksDBKeyValueStorageFactory","message":"No existing database detected at /opt/besu/data. Using version 1","throwable":""}
{"timestamp":"2022-12-14T07:54:22,393","container":"890dc68b937c","level":"INFO","thread":"main","class":"KeyPairUtil","message":"Loaded public key 0x2fd5b5b6ad529f55b71602026d1849d0036f06482368b5812fa793014195d3571b0840dbc4175617de2a12db8f1222c012420d471ae5c0d982118625cae58868 from /opt/besu/keys/nodekey","throwable":""}
{"timestamp":"2022-12-14T07:54:22,426","container":"890dc68b937c","level":"WARN","thread":"main","class":"Besu","message":"Privacy is disabled. Cannot use EEA/PRIV API methods when not using Privacy.","throwable":""}
{"timestamp":"2022-12-14T07:54:23,002","container":"890dc68b937c","level":"INFO","thread":"main","class":"AbstractAltBnPrecompiledContract","message":"Native alt bn128 not available","throwable":""}
{"timestamp":"2022-12-14T07:54:23,019","container":"890dc68b937c","level":"INFO","thread":"main","class":"AbstractAltBnPrecompiledContract","message":"Native alt bn128 not available","throwable":""}
{"timestamp":"2022-12-14T07:54:23,026","container":"890dc68b937c","level":"INFO","thread":"main","class":"AbstractAltBnPrecompiledContract","message":"Native alt bn128 not available","throwable":""}
{"timestamp":"2022-12-14T07:54:23,141","container":"890dc68b937c","level":"INFO","thread":"main","class":"ProtocolScheduleBuilder","message":"Protocol schedule created with milestones: [Petersburg: 0]","throwable":""}
{"timestamp":"2022-12-14T07:54:23,647","container":"890dc68b937c","level":"INFO","thread":"main","class":"BesuControllerBuilder","message":"TTD difficulty is not present, creating initial sync phase for PoW","throwable":""}
{"timestamp":"2022-12-14T07:54:23,751","container":"890dc68b937c","level":"INFO","thread":"main","class":"RunnerBuilder","message":"Detecting NAT service.","throwable":""}
{"timestamp":"2022-12-14T07:54:25,320","container":"890dc68b937c","level":"INFO","thread":"main","class":"Runner","message":"Starting external services ... ","throwable":""}
{"timestamp":"2022-12-14T07:54:25,325","container":"890dc68b937c","level":"INFO","thread":"main","class":"MetricsHttpService","message":"Starting metrics http service on 0.0.0.0:9545","throwable":""}
{"timestamp":"2022-12-14T07:54:25,833","container":"890dc68b937c","level":"INFO","thread":"vert.x-eventloop-thread-3","class":"MetricsHttpService","message":"Metrics service started and listening on 0.0.0.0:9545","throwable":""}
{"timestamp":"2022-12-14T07:54:25,835","container":"890dc68b937c","level":"INFO","thread":"main","class":"JsonRpcHttpService","message":"Starting JSON-RPC service on 0.0.0.0:8545","throwable":""}
{"timestamp":"2022-12-14T07:54:25,932","container":"890dc68b937c","level":"INFO","thread":"vert.x-eventloop-thread-3","class":"JsonRpcHttpService","message":"JSON-RPC service started and listening on 0.0.0.0:8545","throwable":""}
{"timestamp":"2022-12-14T07:54:25,937","container":"890dc68b937c","level":"INFO","thread":"main","class":"GraphQLHttpService","message":"Starting GraphQL HTTP service on 0.0.0.0:8547","throwable":""}
{"timestamp":"2022-12-14T07:54:25,957","container":"890dc68b937c","level":"INFO","thread":"vert.x-eventloop-thread-3","class":"GraphQLHttpService","message":"GraphQL HTTP service started and listening on 0.0.0.0:8547","throwable":""}
{"timestamp":"2022-12-14T07:54:25,962","container":"890dc68b937c","level":"INFO","thread":"main","class":"WebSocketService","message":"Starting Websocket service on 0.0.0.0:8546","throwable":""}
{"timestamp":"2022-12-14T07:54:25,971","container":"890dc68b937c","level":"INFO","thread":"vert.x-eventloop-thread-3","class":"WebSocketService","message":"Websocket service started and listening on 0.0.0.0:8546","throwable":""}
{"timestamp":"2022-12-14T07:54:25,978","container":"890dc68b937c","level":"INFO","thread":"main","class":"AutoTransactionLogBloomCachingService","message":"Starting auto transaction log bloom caching service.","throwable":""}
{"timestamp":"2022-12-14T07:54:26,004","container":"890dc68b937c","level":"INFO","thread":"main","class":"LogBloomCacheMetadata","message":"Lookup cache metadata file in data directory: /opt/besu/data/caches","throwable":""}
{"timestamp":"2022-12-14T07:54:26,058","container":"890dc68b937c","level":"INFO","thread":"main","class":"Runner","message":"Starting Ethereum main loop ... ","throwable":""}
{"timestamp":"2022-12-14T07:54:26,063","container":"890dc68b937c","level":"INFO","thread":"main","class":"NatService","message":"No NAT environment detected so no service could be started","throwable":""}
{"timestamp":"2022-12-14T07:54:26,071","container":"890dc68b937c","level":"INFO","thread":"main","class":"NetworkRunner","message":"Starting Network.","throwable":""}
{"timestamp":"2022-12-14T07:54:26,146","container":"890dc68b937c","level":"INFO","thread":"nioEventLoopGroup-2-1","class":"RlpxAgent","message":"P2P RLPx agent started and listening on /0.0.0.0:30303.","throwable":""}
{"timestamp":"2022-12-14T07:54:26,154","container":"890dc68b937c","level":"INFO","thread":"main","class":"PeerDiscoveryAgent","message":"Starting peer discovery agent on host=0.0.0.0, port=30303","throwable":""}
{"timestamp":"2022-12-14T07:54:26,242","container":"890dc68b937c","level":"INFO","thread":"vert.x-eventloop-thread-3","class":"VertxPeerDiscoveryAgent","message":"Started peer discovery agent successfully, on effective host=0.0.0.0 and port=30303","throwable":""}
{"timestamp":"2022-12-14T07:54:26,244","container":"890dc68b937c","level":"INFO","thread":"vert.x-eventloop-thread-3","class":"PeerDiscoveryAgent","message":"P2P peer discovery agent started and listening on /0.0.0.0:30303","throwable":""}
{"timestamp":"2022-12-14T07:54:26,377","container":"890dc68b937c","level":"INFO","thread":"vert.x-eventloop-thread-3","class":"PeerDiscoveryAgent","message":"Writing node record to disk. NodeRecord{seq=1, publicKey=0x022fd5b5b6ad529f55b71602026d1849d0036f06482368b5812fa793014195d357, udpAddress=Optional[/172.16.239.14:30303], tcpAddress=Optional[/172.16.239.14:30303], asBase64=-Je4QMozhKt2rSOzBGh4DyRfw_JA7v3jRXGnc-DJ488rC63DF0cfWhDsNmoZ6ifCuYbpl2GkauGVZKi0L8uDG6gpbQQBg2V0aMfGhFuBMk-AgmlkgnY0gmlwhKwQ7w6Jc2VjcDI1NmsxoQIv1bW2rVKfVbcWAgJtGEnQA28GSCNotYEvp5MBQZXTV4N0Y3CCdl-DdWRwgnZf, nodeId=0xc8f776c1d83d4fddd02782c698c1334496614aed49d2e81526d089f7264fed9c, customFields={tcp=30303, udp=30303, ip=0xac10ef0e, eth=[[0x5b81324f, 0x]], id=V4, secp256k1=0x022fd5b5b6ad529f55b71602026d1849d0036f06482368b5812fa793014195d357}}","throwable":""}
{"timestamp":"2022-12-14T07:54:26,520","container":"890dc68b937c","level":"INFO","thread":"main","class":"DefaultP2PNetwork","message":"Enode URL enode://2fd5b5b6ad529f55b71602026d1849d0036f06482368b5812fa793014195d3571b0840dbc4175617de2a12db8f1222c012420d471ae5c0d982118625cae58868@172.16.239.14:30303","throwable":""}
{"timestamp":"2022-12-14T07:54:26,522","container":"890dc68b937c","level":"INFO","thread":"main","class":"DefaultP2PNetwork","message":"Node address 0x98c1334496614aed49d2e81526d089f7264fed9c","throwable":""}
{"timestamp":"2022-12-14T07:54:26,528","container":"890dc68b937c","level":"INFO","thread":"main","class":"DefaultSynchronizer","message":"Starting synchronizer.","throwable":""}
{"timestamp":"2022-12-14T07:54:26,538","container":"890dc68b937c","level":"INFO","thread":"main","class":"FullSyncDownloader","message":"Starting full sync.","throwable":""}
{"timestamp":"2022-12-14T07:54:26,539","container":"890dc68b937c","level":"INFO","thread":"main","class":"FullSyncTargetManager","message":"No sync target, waiting for peers. Current peers: 0","throwable":""}
{"timestamp":"2022-12-14T07:54:26,721","container":"890dc68b937c","level":"INFO","thread":"main","class":"Runner","message":"Ethereum main loop is up.","throwable":""}
{"timestamp":"2022-12-14T07:54:28,180","container":"890dc68b937c","level":"INFO","thread":"nioEventLoopGroup-3-1","class":"FullSyncTargetManager","message":"No sync target, waiting for peers. Current peers: 1","throwable":""}
{"timestamp":"2022-12-14T07:54:28,865","container":"890dc68b937c","level":"INFO","thread":"nioEventLoopGroup-3-3","class":"FullSyncTargetManager","message":"No sync target, waiting for peers. Current peers: 2","throwable":""}
{"timestamp":"2022-12-14T07:54:28,958","container":"890dc68b937c","level":"INFO","thread":"nioEventLoopGroup-3-9","class":"FullSyncTargetManager","message":"No sync target, waiting for peers. Current peers: 3","throwable":""}
{"timestamp":"2022-12-14T07:54:29,188","container":"890dc68b937c","level":"INFO","thread":"nioEventLoopGroup-3-7","class":"FullSyncTargetManager","message":"No sync target, waiting for peers. Current peers: 4","throwable":""}
{"timestamp":"2022-12-14T07:54:34,192","container":"890dc68b937c","level":"INFO","thread":"EthScheduler-Timer-0","class":"FullSyncTargetManager","message":"No sync target, waiting for peers. Current peers: 4","throwable":""}
{"timestamp":"2022-12-14T07:54:37,236","container":"890dc68b937c","level":"INFO","thread":"BftProcessorExecutor-QBFT-0","class":"QbftRound","message":"Importing proposed block to chain. round=ConsensusRoundIdentifier{Sequence=1, Round=1}, hash=0xe2f183d59e69b6120082d0eb21254e72c8d6caec3fbf6e40e51fbcfc2be802b4","throwable":""}
{"timestamp":"2022-12-14T07:54:37,334","container":"890dc68b937c","level":"INFO","thread":"BftProcessorExecutor-QBFT-0","class":"QbftBesuControllerBuilder","message":"Imported #1 / 0 tx / 0 pending / 0 (0.0%) gas / (0xe2f183d59e69b6120082d0eb21254e72c8d6caec3fbf6e40e51fbcfc2be802b4)","throwable":""}
{"timestamp":"2022-12-14T07:54:39,195","container":"890dc68b937c","level":"INFO","thread":"EthScheduler-Timer-0","class":"FullSyncTargetManager","message":"No sync target, waiting for peers. Current peers: 4","throwable":""}
{"timestamp":"2022-12-14T07:54:41,312","container":"890dc68b937c","level":"INFO","thread":"BftProcessorExecutor-QBFT-0","class":"QbftBesuControllerBuilder","message":"Produced #2 / 0 tx / 0 pending / 0 (0.0%) gas / (0xab712e5b26a381d2bc8e615d8a67c18e33fdc36de3a7febad2ea2a4cc1550957)","throwable":""}
{"timestamp":"2022-12-14T07:54:46,233","container":"890dc68b937c","level":"INFO","thread":"BftProcessorExecutor-QBFT-0","class":"QbftBesuControllerBuilder","message":"Imported #3 / 0 tx / 0 pending / 0 (0.0%) gas / (0x56192db7f05245d95a175052b72fdb108c08973bbe75c7dec19ec59a4f7eb120)","throwable":""}
{"timestamp":"2022-12-14T07:54:51,154","container":"890dc68b937c","level":"INFO","thread":"BftProcessorExecutor-QBFT-0","class":"QbftBesuControllerBuilder","message":"Imported #4 / 0 tx / 0 pending / 0 (0.0%) gas / (0xae3d212848ef5b82a63c754bc5432bb63520d96bca1bdabd0f4139a92f85e9ce)","throwable":""}
{"timestamp":"2022-12-14T07:54:56,196","container":"890dc68b937c","level":"INFO","thread":"BftProcessorExecutor-QBFT-0","class":"QbftBesuControllerBuilder","message":"Imported #5 / 0 tx / 0 pending / 0 (0.0%) gas / (0xfc360358ba99246b7fee7a0e477c026f30cca4381de5bdb7f8d639fbc43c02ad)","throwable":""}
{"timestamp":"2022-12-14T07:55:01,074","container":"890dc68b937c","level":"INFO","thread":"BftProcessorExecutor-QBFT-0","class":"QbftBesuControllerBuilder","message":"Produced #6 / 0 tx / 0 pending / 0 (0.0%) gas / (0x2080ba0c310fe1bf3c17282db64b40695abe921f07ea71039b57d756238f219f)","throwable":""}
{"timestamp":"2022-12-14T07:55:01,078","container":"890dc68b937c","level":"INFO","thread":"EthScheduler-Workers-0","class":"PersistBlockTask","message":"Imported #6 / 0 tx / 0 om / 0 (0.0%) gas / (0x2080ba0c310fe1bf3c17282db64b40695abe921f07ea71039b57d756238f219f) in 0.007s. Peers: 4","throwable":""}
{"timestamp":"2022-12-14T07:55:06,089","container":"890dc68b937c","level":"INFO","thread":"BftProcessorExecutor-QBFT-0","class":"QbftBesuControllerBuilder","message":"Imported #7 / 0 tx / 0 pending / 0 (0.0%) gas / (0xc5b9051a6925e88a02a9da4ccee948db78376996fc09bd484ba9836cc80c8008)","throwable":""}
{"timestamp":"2022-12-14T07:55:11,020","container":"890dc68b937c","level":"INFO","thread":"BftProcessorExecutor-QBFT-0","class":"QbftBesuControllerBuilder","message":"Imported #8 / 0 tx / 0 pending / 0 (0.0%) gas / (0xf53426d301dabc8e4f4019dbe5b901d842f46f86e1977e0d1c5a92bed739f0e0)","throwable":""}
{"timestamp":"2022-12-14T07:55:16,059","container":"890dc68b937c","level":"INFO","thread":"EthScheduler-Workers-2","class":"PersistBlockTask","message":"Imported #9 / 0 tx / 0 om / 0 (0.0%) gas / (0xd843c24de7a79e9f4fc1cd139a618c87df9f15b5d0d2db7d27e1489df6630137) in 0.003s. Peers: 4","throwable":""}
{"timestamp":"2022-12-14T07:55:16,060","container":"890dc68b937c","level":"INFO","thread":"BftProcessorExecutor-QBFT-0","class":"QbftBesuControllerBuilder","message":"Imported #9 / 0 tx / 0 pending / 0 (0.0%) gas / (0xd843c24de7a79e9f4fc1cd139a618c87df9f15b5d0d2db7d27e1489df6630137)","throwable":""}
{"timestamp":"2022-12-14T07:55:21,088","container":"890dc68b937c","level":"INFO","thread":"BftProcessorExecutor-QBFT-0","class":"QbftBesuControllerBuilder","message":"Produced #10 / 0 tx / 0 pending / 0 (0.0%) gas / (0x45c4e32814404a67031a3bc8677fe9e078256e158b1844e739b2a62467317f61)","throwable":""}
{"timestamp":"2022-12-14T07:55:26,076","container":"890dc68b937c","level":"INFO","thread":"BftProcessorExecutor-QBFT-0","class":"QbftBesuControllerBuilder","message":"Imported #11 / 0 tx / 0 pending / 0 (0.0%) gas / (0x42581224d2326d2db31a1aa4872958dc924040bb01622ee800c74fac9aa6b114)","throwable":""}
{"timestamp":"2022-12-14T07:55:31,090","container":"890dc68b937c","level":"INFO","thread":"BftProcessorExecutor-QBFT-0","class":"QbftBesuControllerBuilder","message":"Imported #12 / 1 tx / 0 pending / 142,397 (0.9%) gas / (0xd5b57aaf36a20f4cd41c8dd17bd738731b48188d5a8f1f23c858e8893897c347)","throwable":""}
{"timestamp":"2022-12-14T07:55:36,052","container":"890dc68b937c","level":"INFO","thread":"BftProcessorExecutor-QBFT-0","class":"QbftBesuControllerBuilder","message":"Imported #13 / 0 tx / 0 pending / 0 (0.0%) gas / (0x4d91cdc02b95632983ccb7ddea71dac988c5d047a73a4bc3c185448c45c78259)","throwable":""}
{"timestamp":"2022-12-14T07:55:41,032","container":"890dc68b937c","level":"INFO","thread":"BftProcessorExecutor-QBFT-0","class":"QbftBesuControllerBuilder","message":"Produced #14 / 0 tx / 0 pending / 0 (0.0%) gas / (0x965a128ea296ea33c69833f5dcafedd00954a72766f1c1b19c4b22b4cd65077d)","throwable":""}
{"timestamp":"2022-12-14T07:55:41,033","container":"890dc68b937c","level":"INFO","thread":"EthScheduler-Workers-3","class":"PersistBlockTask","message":"Imported #14 / 0 tx / 0 om / 0 (0.0%) gas / (0x965a128ea296ea33c69833f5dcafedd00954a72766f1c1b19c4b22b4cd65077d) in 0.003s. Peers: 4","throwable":""}
{"timestamp":"2022-12-14T07:55:46,045","container":"890dc68b937c","level":"INFO","thread":"BftProcessorExecutor-QBFT-0","class":"QbftBesuControllerBuilder","message":"Imported #15 / 0 tx / 0 pending / 0 (0.0%) gas / (0xe3927e074a2fa024aa2597e4e1d2ae264131d5a164b35469eaf6514d67748a43)","throwable":""}
{"timestamp":"2022-12-14T07:55:51,067","container":"890dc68b937c","level":"INFO","thread":"BftProcessorExecutor-QBFT-0","class":"QbftBesuControllerBuilder","message":"Imported #16 / 0 tx / 0 pending / 0 (0.0%) gas / (0x7b0117ebabe34d8d0d7f713f6870cdccc47ec79681d7ac76851ad4e1ecbfd62e)","throwable":""}
{"timestamp":"2022-12-14T07:55:51,067","container":"890dc68b937c","level":"INFO","thread":"EthScheduler-Workers-1","class":"PersistBlockTask","message":"Imported #16 / 0 tx / 0 om / 0 (0.0%) gas / (0x7b0117ebabe34d8d0d7f713f6870cdccc47ec79681d7ac76851ad4e1ecbfd62e) in 0.012s. Peers: 4","throwable":""}
{"timestamp":"2022-12-14T07:55:56,113","container":"890dc68b937c","level":"INFO","thread":"BftProcessorExecutor-QBFT-0","class":"QbftBesuControllerBuilder","message":"Imported #17 / 0 tx / 0 pending / 0 (0.0%) gas / (0xc6217bb22d353f102fd566dae761078ead87d75eb6332b7f30263e2511363831)","throwable":""}
{"timestamp":"2022-12-14T07:56:01,056","container":"890dc68b937c","level":"INFO","thread":"BftProcessorExecutor-QBFT-0","class":"QbftBesuControllerBuilder","message":"Produced #18 / 0 tx / 0 pending / 0 (0.0%) gas / (0x34e80d5af3a002fed719e3ed3e67f6ea0c944863ab7d34bc37e75da931e3011e)","throwable":""}
{"timestamp":"2022-12-14T07:56:06,052","container":"890dc68b937c","level":"INFO","thread":"BftProcessorExecutor-QBFT-0","class":"QbftBesuControllerBuilder","message":"Imported #19 / 0 tx / 0 pending / 0 (0.0%) gas / (0x7b04b8151f74e598e41f02ed85acc0085d900cdc58e9175931b16ee80350f606)","throwable":""}
{"timestamp":"2022-12-14T07:56:11,036","container":"890dc68b937c","level":"INFO","thread":"BftProcessorExecutor-QBFT-0","class":"QbftBesuControllerBuilder","message":"Imported #20 / 0 tx / 0 pending / 0 (0.0%) gas / (0xf60e7fdf4a09cf570f3f8ab631133fb5963d8bf455c9ea464961e428d9831a36)","throwable":""}
{"timestamp":"2022-12-14T07:56:16,063","container":"890dc68b937c","level":"INFO","thread":"BftProcessorExecutor-QBFT-0","class":"QbftBesuControllerBuilder","message":"Imported #21 / 0 tx / 0 pending / 0 (0.0%) gas / (0x0b93a012aa28110018aacf5692d0ed97060779d4d7a5fc366599351d38662c73)","throwable":""}
{"timestamp":"2022-12-14T07:56:16,063","container":"890dc68b937c","level":"INFO","thread":"EthScheduler-Workers-0","class":"PersistBlockTask","message":"Imported #21 / 0 tx / 0 om / 0 (0.0%) gas / (0x0b93a012aa28110018aacf5692d0ed97060779d4d7a5fc366599351d38662c73) in 0.015s. Peers: 4","throwable":""}
{"timestamp":"2022-12-14T07:56:21,105","container":"890dc68b937c","level":"INFO","thread":"BftProcessorExecutor-QBFT-0","class":"QbftBesuControllerBuilder","message":"Produced #22 / 0 tx / 0 pending / 0 (0.0%) gas / (0x4362dea93330f07bc0d1e3294ee3db30cf0cb276521857587c184b8e8a0edca0)","throwable":""}
{"timestamp":"2022-12-14T07:56:26,067","container":"890dc68b937c","level":"INFO","thread":"BftProcessorExecutor-QBFT-0","class":"QbftBesuControllerBuilder","message":"Imported #23 / 0 tx / 0 pending / 0 (0.0%) gas / (0x3968499c70b05ad9c95d12e3f8dd1c2c6b51cfe5273f9dca53c6506bff7aff76)","throwable":""}
{"timestamp":"2022-12-14T07:56:31,066","container":"890dc68b937c","level":"INFO","thread":"BftProcessorExecutor-QBFT-0","class":"QbftBesuControllerBuilder","message":"Imported #24 / 0 tx / 0 pending / 0 (0.0%) gas / (0xfd9eae794de95c4c696b0f339588a1332503f9d13f394d2e45b9bba0341ff0c0)","throwable":""}
{"timestamp":"2022-12-14T07:56:36,038","container":"890dc68b937c","level":"INFO","thread":"BftProcessorExecutor-QBFT-0","class":"QbftBesuControllerBuilder","message":"Imported #25 / 0 tx / 0 pending / 0 (0.0%) gas / (0x1ea2904c95960146fe324726e43049ad2a5e737bd9fe187f076b549f280c2d08)","throwable":""}
{"timestamp":"2022-12-14T07:56:41,074","container":"890dc68b937c","level":"INFO","thread":"BftProcessorExecutor-QBFT-0","class":"QbftBesuControllerBuilder","message":"Produced #26 / 0 tx / 0 pending / 0 (0.0%) gas / (0x1b102bf215b064dd314de6ccb0707871b5217a6b36c25241e9f2c818564f9722)","throwable":""}
{"timestamp":"2022-12-14T07:56:46,027","container":"890dc68b937c","level":"INFO","thread":"BftProcessorExecutor-QBFT-0","class":"QbftBesuControllerBuilder","message":"Imported #27 / 0 tx / 0 pending / 0 (0.0%) gas / (0x2e62001e2620d477b913489731400d67c05caf07d0062f97078a8c74739208a4)","throwable":""}
{"timestamp":"2022-12-14T07:56:51,058","container":"890dc68b937c","level":"INFO","thread":"BftProcessorExecutor-QBFT-0","class":"QbftBesuControllerBuilder","message":"Imported #28 / 0 tx / 0 pending / 0 (0.0%) gas / (0x7676189a05ed958a95f708be7fde7eb0c9d2731c9790c78d31fc0303616fb8d7)","throwable":""}
{"timestamp":"2022-12-14T07:56:56,031","container":"890dc68b937c","level":"INFO","thread":"BftProcessorExecutor-QBFT-0","class":"QbftBesuControllerBuilder","message":"Imported #29 / 0 tx / 0 pending / 0 (0.0%) gas / (0x638142c202a8552e953bb71031192efd0b6594e0f9b785ffad348a1dd0e1f9da)","throwable":""}
{"timestamp":"2022-12-14T07:57:01,045","container":"890dc68b937c","level":"INFO","thread":"BftProcessorExecutor-QBFT-0","class":"QbftBesuControllerBuilder","message":"Produced #30 / 0 tx / 0 pending / 0 (0.0%) gas / (0xf4cda50a6ca1ee5711f5beaef3dfe31d2e88b1fb6eb1d090d94515a8f3dbfc09)","throwable":""}
{"timestamp":"2022-12-14T07:57:06,061","container":"890dc68b937c","level":"INFO","thread":"BftProcessorExecutor-QBFT-0","class":"QbftBesuControllerBuilder","message":"Imported #31 / 0 tx / 0 pending / 0 (0.0%) gas / (0x8b2e8dc828b126025fce37a62714cb6912c715235697170072067e49af8b0318)","throwable":""}
{"timestamp":"2022-12-14T07:57:11,043","container":"890dc68b937c","level":"INFO","thread":"EthScheduler-Workers-2","class":"PersistBlockTask","message":"Imported #32 / 0 tx / 0 om / 0 (0.0%) gas / (0xf3c38c7187c73ae7629f26d658a0a68a7c2099b85ee1e918b7d72a86ab929580) in 0.010s. Peers: 4","throwable":""}
{"timestamp":"2022-12-14T07:57:16,077","container":"890dc68b937c","level":"INFO","thread":"BftProcessorExecutor-QBFT-0","class":"QbftBesuControllerBuilder","message":"Imported #33 / 0 tx / 0 pending / 0 (0.0%) gas / (0x8c5ba1533efef768ca34e7d4f93b40eff394ffff2da1b03c6c51ac54ea8a2824)","throwable":""}
{"timestamp":"2022-12-14T07:57:21,026","container":"890dc68b937c","level":"INFO","thread":"BftProcessorExecutor-QBFT-0","class":"QbftBesuControllerBuilder","message":"Produced #34 / 0 tx / 0 pending / 0 (0.0%) gas / (0xc5e255e3b0a713b07708253d622b069f847cdcfee0ef826073c418c870304060)","throwable":""}
{"timestamp":"2022-12-14T07:57:26,048","container":"890dc68b937c","level":"INFO","thread":"EthScheduler-Workers-3","class":"PersistBlockTask","message":"Imported #35 / 0 tx / 0 om / 0 (0.0%) gas / (0x0e390c19174fadfc40b78a980604c4db683a83ef448786fc45569a4b82ebd6fa) in 0.013s. Peers: 4","throwable":""}
{"timestamp":"2022-12-14T07:57:26,049","container":"890dc68b937c","level":"INFO","thread":"BftProcessorExecutor-QBFT-0","class":"QbftBesuControllerBuilder","message":"Imported #35 / 0 tx / 0 pending / 0 (0.0%) gas / (0x0e390c19174fadfc40b78a980604c4db683a83ef448786fc45569a4b82ebd6fa)","throwable":""}
{"timestamp":"2022-12-14T07:57:31,088","container":"890dc68b937c","level":"INFO","thread":"BftProcessorExecutor-QBFT-0","class":"QbftBesuControllerBuilder","message":"Imported #36 / 0 tx / 0 pending / 0 (0.0%) gas / (0x361c7fd8077115f0886e1b6da06ae30fb3bbf01cacc3d8327cc596d9b1771af8)","throwable":""}
{"timestamp":"2022-12-14T07:57:36,060","container":"890dc68b937c","level":"INFO","thread":"BftProcessorExecutor-QBFT-0","class":"QbftBesuControllerBuilder","message":"Imported #37 / 0 tx / 0 pending / 0 (0.0%) gas / (0x68899d95070177b721ef2032b2a053da6f300ab5981f6082d6a74a88f674f68e)","throwable":""}
{"timestamp":"2022-12-14T07:57:38,573","container":"890dc68b937c","level":"INFO","thread":"BftProcessorExecutor-QBFT-0","class":"BftProcessor","message":"Shutting down BFT event processor","throwable":""}
{"timestamp":"2022-12-14T07:57:38,579","container":"890dc68b937c","level":"INFO","thread":"BesuCommand-Shutdown-Hook","class":"DefaultSynchronizer","message":"Stopping synchronizer","throwable":""}
{"timestamp":"2022-12-14T07:57:38,597","container":"890dc68b937c","level":"INFO","thread":"BesuCommand-Shutdown-Hook","class":"NetworkRunner","message":"Stopping Network.","throwable":""}
{"timestamp":"2022-12-14T07:57:38,642","container":"890dc68b937c","level":"INFO","thread":"BesuCommand-Shutdown-Hook","class":"EthProtocolManager","message":"Stopping eth Subprotocol.","throwable":""}
{"timestamp":"2022-12-14T07:57:38,666","container":"890dc68b937c","level":"INFO","thread":"BesuCommand-Shutdown-Hook","class":"EthProtocolManager","message":"eth Subprotocol stopped.","throwable":""}
{"timestamp":"2022-12-14T07:57:38,671","container":"890dc68b937c","level":"INFO","thread":"BesuCommand-Shutdown-Hook","class":"NetworkRunner","message":"Network stopped.","throwable":""}
{"timestamp":"2022-12-14T07:57:38,682","container":"890dc68b937c","level":"INFO","thread":"BesuCommand-Shutdown-Hook","class":"AutoTransactionLogBloomCachingService","message":"Shutting down Auto transaction logs caching service.","throwable":""}
{"timestamp":"2022-12-14T07:57:38,686","container":"890dc68b937c","level":"INFO","thread":"BesuCommand-Shutdown-Hook","class":"NatService","message":"No NAT environment detected so no service could be stopped","throwable":""}
