{"timestamp":"2022-12-14T07:54:19,858","container":"70b24982167c","level":"INFO","thread":"main","class":"Besu","message":"Using the Java implementation of alt bn128","throwable":""}
{"timestamp":"2022-12-14T07:54:19,870","container":"70b24982167c","level":"INFO","thread":"main","class":"Besu","message":"Using the native implementation of the signature algorithm","throwable":""}
{"timestamp":"2022-12-14T07:54:19,876","container":"70b24982167c","level":"INFO","thread":"main","class":"Besu","message":"Starting Besu version: besu/v22.7.1/linux-aarch_64/openjdk-java-11","throwable":""}
{"timestamp":"2022-12-14T07:54:20,492","container":"70b24982167c","level":"WARN","thread":"main","class":"Besu","message":"--min-gas-price has been ignored because --miner-enabled was not defined on the command line.","throwable":""}
{"timestamp":"2022-12-14T07:54:21,325","container":"70b24982167c","level":"INFO","thread":"main","class":"Besu","message":"Static Nodes file = /config/static-nodes.json","throwable":""}
{"timestamp":"2022-12-14T07:54:21,394","container":"70b24982167c","level":"INFO","thread":"main","class":"Besu","message":"Connecting to 8 static nodes.","throwable":""}
{"timestamp":"2022-12-14T07:54:21,418","container":"70b24982167c","level":"INFO","thread":"main","class":"Besu","message":"Security Module: localfile","throwable":""}
{"timestamp":"2022-12-14T07:54:21,488","container":"70b24982167c","level":"INFO","thread":"main","class":"RocksDBKeyValueStorageFactory","message":"No existing database detected at /opt/besu/data. Using version 1","throwable":""}
{"timestamp":"2022-12-14T07:54:22,539","container":"70b24982167c","level":"INFO","thread":"main","class":"KeyPairUtil","message":"Loaded public key 0xb9050e002aa42464e6b07c811a1f9dfec01249af03f67b753e8415420649b184447bb2a784863ccbf327ad9e31aaba803464979dfe6a7facc669151a5fa6ad1b from /opt/besu/keys/nodekey","throwable":""}
{"timestamp":"2022-12-14T07:54:22,547","container":"70b24982167c","level":"WARN","thread":"main","class":"Besu","message":"Privacy is disabled. Cannot use EEA/PRIV API methods when not using Privacy.","throwable":""}
{"timestamp":"2022-12-14T07:54:22,936","container":"70b24982167c","level":"INFO","thread":"main","class":"AbstractAltBnPrecompiledContract","message":"Native alt bn128 not available","throwable":""}
{"timestamp":"2022-12-14T07:54:22,938","container":"70b24982167c","level":"INFO","thread":"main","class":"AbstractAltBnPrecompiledContract","message":"Native alt bn128 not available","throwable":""}
{"timestamp":"2022-12-14T07:54:22,942","container":"70b24982167c","level":"INFO","thread":"main","class":"AbstractAltBnPrecompiledContract","message":"Native alt bn128 not available","throwable":""}
{"timestamp":"2022-12-14T07:54:23,025","container":"70b24982167c","level":"INFO","thread":"main","class":"ProtocolScheduleBuilder","message":"Protocol schedule created with milestones: [Petersburg: 0]","throwable":""}
{"timestamp":"2022-12-14T07:54:23,627","container":"70b24982167c","level":"INFO","thread":"main","class":"BesuControllerBuilder","message":"TTD difficulty is not present, creating initial sync phase for PoW","throwable":""}
{"timestamp":"2022-12-14T07:54:23,867","container":"70b24982167c","level":"INFO","thread":"main","class":"RunnerBuilder","message":"Detecting NAT service.","throwable":""}
{"timestamp":"2022-12-14T07:54:25,429","container":"70b24982167c","level":"INFO","thread":"main","class":"Runner","message":"Starting external services ... ","throwable":""}
{"timestamp":"2022-12-14T07:54:25,433","container":"70b24982167c","level":"INFO","thread":"main","class":"MetricsHttpService","message":"Starting metrics http service on 0.0.0.0:9545","throwable":""}
{"timestamp":"2022-12-14T07:54:25,922","container":"70b24982167c","level":"INFO","thread":"main","class":"JsonRpcHttpService","message":"Starting JSON-RPC service on 0.0.0.0:8545","throwable":""}
{"timestamp":"2022-12-14T07:54:25,923","container":"70b24982167c","level":"INFO","thread":"vert.x-eventloop-thread-1","class":"MetricsHttpService","message":"Metrics service started and listening on 0.0.0.0:9545","throwable":""}
{"timestamp":"2022-12-14T07:54:25,981","container":"70b24982167c","level":"INFO","thread":"vert.x-eventloop-thread-1","class":"JsonRpcHttpService","message":"JSON-RPC service started and listening on 0.0.0.0:8545","throwable":""}
{"timestamp":"2022-12-14T07:54:25,988","container":"70b24982167c","level":"INFO","thread":"main","class":"GraphQLHttpService","message":"Starting GraphQL HTTP service on 0.0.0.0:8547","throwable":""}
{"timestamp":"2022-12-14T07:54:25,998","container":"70b24982167c","level":"INFO","thread":"vert.x-eventloop-thread-1","class":"GraphQLHttpService","message":"GraphQL HTTP service started and listening on 0.0.0.0:8547","throwable":""}
{"timestamp":"2022-12-14T07:54:25,999","container":"70b24982167c","level":"INFO","thread":"main","class":"WebSocketService","message":"Starting Websocket service on 0.0.0.0:8546","throwable":""}
{"timestamp":"2022-12-14T07:54:26,006","container":"70b24982167c","level":"INFO","thread":"vert.x-eventloop-thread-1","class":"WebSocketService","message":"Websocket service started and listening on 0.0.0.0:8546","throwable":""}
{"timestamp":"2022-12-14T07:54:26,017","container":"70b24982167c","level":"INFO","thread":"main","class":"AutoTransactionLogBloomCachingService","message":"Starting auto transaction log bloom caching service.","throwable":""}
{"timestamp":"2022-12-14T07:54:26,019","container":"70b24982167c","level":"INFO","thread":"main","class":"LogBloomCacheMetadata","message":"Lookup cache metadata file in data directory: /opt/besu/data/caches","throwable":""}
{"timestamp":"2022-12-14T07:54:26,040","container":"70b24982167c","level":"INFO","thread":"main","class":"Runner","message":"Starting Ethereum main loop ... ","throwable":""}
{"timestamp":"2022-12-14T07:54:26,056","container":"70b24982167c","level":"INFO","thread":"main","class":"NatService","message":"No NAT environment detected so no service could be started","throwable":""}
{"timestamp":"2022-12-14T07:54:26,058","container":"70b24982167c","level":"INFO","thread":"main","class":"NetworkRunner","message":"Starting Network.","throwable":""}
{"timestamp":"2022-12-14T07:54:26,107","container":"70b24982167c","level":"INFO","thread":"nioEventLoopGroup-2-1","class":"RlpxAgent","message":"P2P RLPx agent started and listening on /0.0.0.0:30303.","throwable":""}
{"timestamp":"2022-12-14T07:54:26,111","container":"70b24982167c","level":"INFO","thread":"main","class":"PeerDiscoveryAgent","message":"Starting peer discovery agent on host=0.0.0.0, port=30303","throwable":""}
{"timestamp":"2022-12-14T07:54:26,248","container":"70b24982167c","level":"INFO","thread":"vert.x-eventloop-thread-1","class":"VertxPeerDiscoveryAgent","message":"Started peer discovery agent successfully, on effective host=0.0.0.0 and port=30303","throwable":""}
{"timestamp":"2022-12-14T07:54:26,250","container":"70b24982167c","level":"INFO","thread":"main","class":"PeerDiscoveryAgent","message":"P2P peer discovery agent started and listening on /0.0.0.0:30303","throwable":""}
{"timestamp":"2022-12-14T07:54:26,363","container":"70b24982167c","level":"INFO","thread":"main","class":"PeerDiscoveryAgent","message":"Writing node record to disk. NodeRecord{seq=1, publicKey=0x03b9050e002aa42464e6b07c811a1f9dfec01249af03f67b753e8415420649b184, udpAddress=Optional[/172.16.239.12:30303], tcpAddress=Optional[/172.16.239.12:30303], asBase64=-Je4QMbQ1CqdixZXh30ENrDWbrDckLSVpTEobrHJV-o9k2JPEDp_w2vr-KamqrY2dWEtE61Og6mE27tmU8AfuV8iNOgBg2V0aMfGhFuBMk-AgmlkgnY0gmlwhKwQ7wyJc2VjcDI1NmsxoQO5BQ4AKqQkZOawfIEaH53-wBJJrwP2e3U-hBVCBkmxhIN0Y3CCdl-DdWRwgnZf, nodeId=0x27059b2392ab7830b38b2f4d27a97c9aaf04f18f3014c32e036dd0ac76da5f18, customFields={tcp=30303, udp=30303, ip=0xac10ef0c, eth=[[0x5b81324f, 0x]], id=V4, secp256k1=0x03b9050e002aa42464e6b07c811a1f9dfec01249af03f67b753e8415420649b184}}","throwable":""}
{"timestamp":"2022-12-14T07:54:26,497","container":"70b24982167c","level":"INFO","thread":"main","class":"DefaultP2PNetwork","message":"Enode URL enode://b9050e002aa42464e6b07c811a1f9dfec01249af03f67b753e8415420649b184447bb2a784863ccbf327ad9e31aaba803464979dfe6a7facc669151a5fa6ad1b@172.16.239.12:30303","throwable":""}
{"timestamp":"2022-12-14T07:54:26,507","container":"70b24982167c","level":"INFO","thread":"main","class":"DefaultP2PNetwork","message":"Node address 0x27a97c9aaf04f18f3014c32e036dd0ac76da5f18","throwable":""}
{"timestamp":"2022-12-14T07:54:26,511","container":"70b24982167c","level":"INFO","thread":"main","class":"DefaultSynchronizer","message":"Starting synchronizer.","throwable":""}
{"timestamp":"2022-12-14T07:54:26,513","container":"70b24982167c","level":"INFO","thread":"main","class":"FullSyncDownloader","message":"Starting full sync.","throwable":""}
{"timestamp":"2022-12-14T07:54:26,522","container":"70b24982167c","level":"INFO","thread":"main","class":"FullSyncTargetManager","message":"No sync target, waiting for peers. Current peers: 0","throwable":""}
{"timestamp":"2022-12-14T07:54:26,768","container":"70b24982167c","level":"INFO","thread":"main","class":"Runner","message":"Ethereum main loop is up.","throwable":""}
{"timestamp":"2022-12-14T07:54:28,146","container":"70b24982167c","level":"INFO","thread":"nioEventLoopGroup-3-1","class":"FullSyncTargetManager","message":"No sync target, waiting for peers. Current peers: 1","throwable":""}
{"timestamp":"2022-12-14T07:54:28,869","container":"70b24982167c","level":"INFO","thread":"nioEventLoopGroup-3-3","class":"FullSyncTargetManager","message":"No sync target, waiting for peers. Current peers: 2","throwable":""}
{"timestamp":"2022-12-14T07:54:28,946","container":"70b24982167c","level":"INFO","thread":"nioEventLoopGroup-3-4","class":"FullSyncTargetManager","message":"No sync target, waiting for peers. Current peers: 3","throwable":""}
{"timestamp":"2022-12-14T07:54:29,167","container":"70b24982167c","level":"INFO","thread":"nioEventLoopGroup-3-10","class":"FullSyncTargetManager","message":"No sync target, waiting for peers. Current peers: 4","throwable":""}
{"timestamp":"2022-12-14T07:54:34,173","container":"70b24982167c","level":"INFO","thread":"EthScheduler-Timer-0","class":"FullSyncTargetManager","message":"No sync target, waiting for peers. Current peers: 4","throwable":""}
{"timestamp":"2022-12-14T07:54:37,236","container":"70b24982167c","level":"INFO","thread":"BftProcessorExecutor-QBFT-0","class":"QbftRound","message":"Importing proposed block to chain. round=ConsensusRoundIdentifier{Sequence=1, Round=1}, hash=0xe2f183d59e69b6120082d0eb21254e72c8d6caec3fbf6e40e51fbcfc2be802b4","throwable":""}
{"timestamp":"2022-12-14T07:54:37,335","container":"70b24982167c","level":"INFO","thread":"BftProcessorExecutor-QBFT-0","class":"QbftBesuControllerBuilder","message":"Imported #1 / 0 tx / 0 pending / 0 (0.0%) gas / (0xe2f183d59e69b6120082d0eb21254e72c8d6caec3fbf6e40e51fbcfc2be802b4)","throwable":""}
{"timestamp":"2022-12-14T07:54:39,177","container":"70b24982167c","level":"INFO","thread":"EthScheduler-Timer-0","class":"FullSyncTargetManager","message":"No sync target, waiting for peers. Current peers: 4","throwable":""}
{"timestamp":"2022-12-14T07:54:41,373","container":"70b24982167c","level":"INFO","thread":"BftProcessorExecutor-QBFT-0","class":"QbftBesuControllerBuilder","message":"Imported #2 / 0 tx / 0 pending / 0 (0.0%) gas / (0xab712e5b26a381d2bc8e615d8a67c18e33fdc36de3a7febad2ea2a4cc1550957)","throwable":""}
{"timestamp":"2022-12-14T07:54:46,212","container":"70b24982167c","level":"INFO","thread":"BftProcessorExecutor-QBFT-0","class":"QbftBesuControllerBuilder","message":"Imported #3 / 0 tx / 0 pending / 0 (0.0%) gas / (0x56192db7f05245d95a175052b72fdb108c08973bbe75c7dec19ec59a4f7eb120)","throwable":""}
{"timestamp":"2022-12-14T07:54:51,146","container":"70b24982167c","level":"INFO","thread":"BftProcessorExecutor-QBFT-0","class":"QbftBesuControllerBuilder","message":"Produced #4 / 0 tx / 0 pending / 0 (0.0%) gas / (0xae3d212848ef5b82a63c754bc5432bb63520d96bca1bdabd0f4139a92f85e9ce)","throwable":""}
{"timestamp":"2022-12-14T07:54:56,167","container":"70b24982167c","level":"INFO","thread":"BftProcessorExecutor-QBFT-0","class":"QbftBesuControllerBuilder","message":"Imported #5 / 0 tx / 0 pending / 0 (0.0%) gas / (0xfc360358ba99246b7fee7a0e477c026f30cca4381de5bdb7f8d639fbc43c02ad)","throwable":""}
{"timestamp":"2022-12-14T07:55:01,029","container":"70b24982167c","level":"INFO","thread":"BftProcessorExecutor-QBFT-0","class":"QbftBesuControllerBuilder","message":"Imported #6 / 0 tx / 0 pending / 0 (0.0%) gas / (0x2080ba0c310fe1bf3c17282db64b40695abe921f07ea71039b57d756238f219f)","throwable":""}
{"timestamp":"2022-12-14T07:55:06,081","container":"70b24982167c","level":"INFO","thread":"BftProcessorExecutor-QBFT-0","class":"QbftBesuControllerBuilder","message":"Imported #7 / 0 tx / 0 pending / 0 (0.0%) gas / (0xc5b9051a6925e88a02a9da4ccee948db78376996fc09bd484ba9836cc80c8008)","throwable":""}
{"timestamp":"2022-12-14T07:55:11,018","container":"70b24982167c","level":"INFO","thread":"BftProcessorExecutor-QBFT-0","class":"QbftBesuControllerBuilder","message":"Produced #8 / 0 tx / 0 pending / 0 (0.0%) gas / (0xf53426d301dabc8e4f4019dbe5b901d842f46f86e1977e0d1c5a92bed739f0e0)","throwable":""}
{"timestamp":"2022-12-14T07:55:16,066","container":"70b24982167c","level":"INFO","thread":"BftProcessorExecutor-QBFT-0","class":"QbftBesuControllerBuilder","message":"Imported #9 / 0 tx / 0 pending / 0 (0.0%) gas / (0xd843c24de7a79e9f4fc1cd139a618c87df9f15b5d0d2db7d27e1489df6630137)","throwable":""}
{"timestamp":"2022-12-14T07:55:16,069","container":"70b24982167c","level":"INFO","thread":"EthScheduler-Workers-0","class":"PersistBlockTask","message":"Imported #9 / 0 tx / 0 om / 0 (0.0%) gas / (0xd843c24de7a79e9f4fc1cd139a618c87df9f15b5d0d2db7d27e1489df6630137) in 0.001s. Peers: 4","throwable":""}
{"timestamp":"2022-12-14T07:55:21,123","container":"70b24982167c","level":"INFO","thread":"BftProcessorExecutor-QBFT-0","class":"QbftBesuControllerBuilder","message":"Imported #10 / 0 tx / 0 pending / 0 (0.0%) gas / (0x45c4e32814404a67031a3bc8677fe9e078256e158b1844e739b2a62467317f61)","throwable":""}
{"timestamp":"2022-12-14T07:55:21,123","container":"70b24982167c","level":"INFO","thread":"EthScheduler-Workers-2","class":"PersistBlockTask","message":"Imported #10 / 0 tx / 0 om / 0 (0.0%) gas / (0x45c4e32814404a67031a3bc8677fe9e078256e158b1844e739b2a62467317f61) in 0.006s. Peers: 4","throwable":""}
{"timestamp":"2022-12-14T07:55:26,072","container":"70b24982167c","level":"INFO","thread":"BftProcessorExecutor-QBFT-0","class":"QbftBesuControllerBuilder","message":"Imported #11 / 0 tx / 0 pending / 0 (0.0%) gas / (0x42581224d2326d2db31a1aa4872958dc924040bb01622ee800c74fac9aa6b114)","throwable":""}
{"timestamp":"2022-12-14T07:55:31,090","container":"70b24982167c","level":"INFO","thread":"BftProcessorExecutor-QBFT-0","class":"QbftBesuControllerBuilder","message":"Produced #12 / 1 tx / 0 pending / 142,397 (0.9%) gas / (0xd5b57aaf36a20f4cd41c8dd17bd738731b48188d5a8f1f23c858e8893897c347)","throwable":""}
{"timestamp":"2022-12-14T07:55:36,058","container":"70b24982167c","level":"INFO","thread":"BftProcessorExecutor-QBFT-0","class":"QbftBesuControllerBuilder","message":"Imported #13 / 0 tx / 0 pending / 0 (0.0%) gas / (0x4d91cdc02b95632983ccb7ddea71dac988c5d047a73a4bc3c185448c45c78259)","throwable":""}
{"timestamp":"2022-12-14T07:55:41,044","container":"70b24982167c","level":"INFO","thread":"BftProcessorExecutor-QBFT-0","class":"QbftBesuControllerBuilder","message":"Imported #14 / 0 tx / 0 pending / 0 (0.0%) gas / (0x965a128ea296ea33c69833f5dcafedd00954a72766f1c1b19c4b22b4cd65077d)","throwable":""}
{"timestamp":"2022-12-14T07:55:46,063","container":"70b24982167c","level":"INFO","thread":"EthScheduler-Workers-3","class":"PersistBlockTask","message":"Imported #15 / 0 tx / 0 om / 0 (0.0%) gas / (0xe3927e074a2fa024aa2597e4e1d2ae264131d5a164b35469eaf6514d67748a43) in 0.015s. Peers: 4","throwable":""}
{"timestamp":"2022-12-14T07:55:51,048","container":"70b24982167c","level":"INFO","thread":"BftProcessorExecutor-QBFT-0","class":"QbftBesuControllerBuilder","message":"Produced #16 / 0 tx / 0 pending / 0 (0.0%) gas / (0x7b0117ebabe34d8d0d7f713f6870cdccc47ec79681d7ac76851ad4e1ecbfd62e)","throwable":""}
{"timestamp":"2022-12-14T07:55:56,087","container":"70b24982167c","level":"INFO","thread":"BftProcessorExecutor-QBFT-0","class":"QbftBesuControllerBuilder","message":"Imported #17 / 0 tx / 0 pending / 0 (0.0%) gas / (0xc6217bb22d353f102fd566dae761078ead87d75eb6332b7f30263e2511363831)","throwable":""}
{"timestamp":"2022-12-14T07:56:01,053","container":"70b24982167c","level":"INFO","thread":"BftProcessorExecutor-QBFT-0","class":"QbftBesuControllerBuilder","message":"Imported #18 / 0 tx / 0 pending / 0 (0.0%) gas / (0x34e80d5af3a002fed719e3ed3e67f6ea0c944863ab7d34bc37e75da931e3011e)","throwable":""}
{"timestamp":"2022-12-14T07:56:06,086","container":"70b24982167c","level":"INFO","thread":"EthScheduler-Workers-0","class":"PersistBlockTask","message":"Imported #19 / 0 tx / 0 om / 0 (0.0%) gas / (0x7b04b8151f74e598e41f02ed85acc0085d900cdc58e9175931b16ee80350f606) in 0.043s. Peers: 4","throwable":""}
{"timestamp":"2022-12-14T07:56:11,030","container":"70b24982167c","level":"INFO","thread":"BftProcessorExecutor-QBFT-0","class":"QbftBesuControllerBuilder","message":"Produced #20 / 0 tx / 0 pending / 0 (0.0%) gas / (0xf60e7fdf4a09cf570f3f8ab631133fb5963d8bf455c9ea464961e428d9831a36)","throwable":""}
{"timestamp":"2022-12-14T07:56:16,057","container":"70b24982167c","level":"INFO","thread":"BftProcessorExecutor-QBFT-0","class":"QbftBesuControllerBuilder","message":"Imported #21 / 0 tx / 0 pending / 0 (0.0%) gas / (0x0b93a012aa28110018aacf5692d0ed97060779d4d7a5fc366599351d38662c73)","throwable":""}
{"timestamp":"2022-12-14T07:56:16,057","container":"70b24982167c","level":"INFO","thread":"EthScheduler-Workers-2","class":"PersistBlockTask","message":"Imported #21 / 0 tx / 0 om / 0 (0.0%) gas / (0x0b93a012aa28110018aacf5692d0ed97060779d4d7a5fc366599351d38662c73) in 0.002s. Peers: 4","throwable":""}
{"timestamp":"2022-12-14T07:56:21,077","container":"70b24982167c","level":"INFO","thread":"BftProcessorExecutor-QBFT-0","class":"QbftBesuControllerBuilder","message":"Imported #22 / 0 tx / 0 pending / 0 (0.0%) gas / (0x4362dea93330f07bc0d1e3294ee3db30cf0cb276521857587c184b8e8a0edca0)","throwable":""}
{"timestamp":"2022-12-14T07:56:26,059","container":"70b24982167c","level":"INFO","thread":"BftProcessorExecutor-QBFT-0","class":"QbftBesuControllerBuilder","message":"Imported #23 / 0 tx / 0 pending / 0 (0.0%) gas / (0x3968499c70b05ad9c95d12e3f8dd1c2c6b51cfe5273f9dca53c6506bff7aff76)","throwable":""}
{"timestamp":"2022-12-14T07:56:31,091","container":"70b24982167c","level":"INFO","thread":"BftProcessorExecutor-QBFT-0","class":"QbftBesuControllerBuilder","message":"Produced #24 / 0 tx / 0 pending / 0 (0.0%) gas / (0xfd9eae794de95c4c696b0f339588a1332503f9d13f394d2e45b9bba0341ff0c0)","throwable":""}
{"timestamp":"2022-12-14T07:56:36,048","container":"70b24982167c","level":"INFO","thread":"BftProcessorExecutor-QBFT-0","class":"QbftBesuControllerBuilder","message":"Imported #25 / 0 tx / 0 pending / 0 (0.0%) gas / (0x1ea2904c95960146fe324726e43049ad2a5e737bd9fe187f076b549f280c2d08)","throwable":""}
{"timestamp":"2022-12-14T07:56:36,048","container":"70b24982167c","level":"INFO","thread":"EthScheduler-Workers-1","class":"PersistBlockTask","message":"Imported #25 / 0 tx / 0 om / 0 (0.0%) gas / (0x1ea2904c95960146fe324726e43049ad2a5e737bd9fe187f076b549f280c2d08) in 0.005s. Peers: 4","throwable":""}
{"timestamp":"2022-12-14T07:56:41,101","container":"70b24982167c","level":"INFO","thread":"BftProcessorExecutor-QBFT-0","class":"QbftBesuControllerBuilder","message":"Imported #26 / 0 tx / 0 pending / 0 (0.0%) gas / (0x1b102bf215b064dd314de6ccb0707871b5217a6b36c25241e9f2c818564f9722)","throwable":""}
{"timestamp":"2022-12-14T07:56:41,102","container":"70b24982167c","level":"INFO","thread":"EthScheduler-Workers-3","class":"PersistBlockTask","message":"Imported #26 / 0 tx / 0 om / 0 (0.0%) gas / (0x1b102bf215b064dd314de6ccb0707871b5217a6b36c25241e9f2c818564f9722) in 0.025s. Peers: 4","throwable":""}
{"timestamp":"2022-12-14T07:56:46,037","container":"70b24982167c","level":"INFO","thread":"BftProcessorExecutor-QBFT-0","class":"QbftBesuControllerBuilder","message":"Imported #27 / 0 tx / 0 pending / 0 (0.0%) gas / (0x2e62001e2620d477b913489731400d67c05caf07d0062f97078a8c74739208a4)","throwable":""}
{"timestamp":"2022-12-14T07:56:51,071","container":"70b24982167c","level":"INFO","thread":"BftProcessorExecutor-QBFT-0","class":"QbftBesuControllerBuilder","message":"Produced #28 / 0 tx / 0 pending / 0 (0.0%) gas / (0x7676189a05ed958a95f708be7fde7eb0c9d2731c9790c78d31fc0303616fb8d7)","throwable":""}
{"timestamp":"2022-12-14T07:56:56,038","container":"70b24982167c","level":"INFO","thread":"BftProcessorExecutor-QBFT-0","class":"QbftBesuControllerBuilder","message":"Imported #29 / 0 tx / 0 pending / 0 (0.0%) gas / (0x638142c202a8552e953bb71031192efd0b6594e0f9b785ffad348a1dd0e1f9da)","throwable":""}
{"timestamp":"2022-12-14T07:57:01,054","container":"70b24982167c","level":"INFO","thread":"EthScheduler-Workers-0","class":"PersistBlockTask","message":"Imported #30 / 0 tx / 0 om / 0 (0.0%) gas / (0xf4cda50a6ca1ee5711f5beaef3dfe31d2e88b1fb6eb1d090d94515a8f3dbfc09) in 0.012s. Peers: 4","throwable":""}
{"timestamp":"2022-12-14T07:57:01,054","container":"70b24982167c","level":"INFO","thread":"BftProcessorExecutor-QBFT-0","class":"QbftBesuControllerBuilder","message":"Imported #30 / 0 tx / 0 pending / 0 (0.0%) gas / (0xf4cda50a6ca1ee5711f5beaef3dfe31d2e88b1fb6eb1d090d94515a8f3dbfc09)","throwable":""}
{"timestamp":"2022-12-14T07:57:06,061","container":"70b24982167c","level":"INFO","thread":"BftProcessorExecutor-QBFT-0","class":"QbftBesuControllerBuilder","message":"Imported #31 / 0 tx / 0 pending / 0 (0.0%) gas / (0x8b2e8dc828b126025fce37a62714cb6912c715235697170072067e49af8b0318)","throwable":""}
{"timestamp":"2022-12-14T07:57:11,033","container":"70b24982167c","level":"INFO","thread":"EthScheduler-Workers-2","class":"PersistBlockTask","message":"Imported #32 / 0 tx / 0 om / 0 (0.0%) gas / (0xf3c38c7187c73ae7629f26d658a0a68a7c2099b85ee1e918b7d72a86ab929580) in 0.006s. Peers: 4","throwable":""}
{"timestamp":"2022-12-14T07:57:16,066","container":"70b24982167c","level":"INFO","thread":"BftProcessorExecutor-QBFT-0","class":"QbftBesuControllerBuilder","message":"Imported #33 / 0 tx / 0 pending / 0 (0.0%) gas / (0x8c5ba1533efef768ca34e7d4f93b40eff394ffff2da1b03c6c51ac54ea8a2824)","throwable":""}
{"timestamp":"2022-12-14T07:57:21,028","container":"70b24982167c","level":"INFO","thread":"EthScheduler-Workers-1","class":"PersistBlockTask","message":"Imported #34 / 0 tx / 0 om / 0 (0.0%) gas / (0xc5e255e3b0a713b07708253d622b069f847cdcfee0ef826073c418c870304060) in 0.003s. Peers: 4","throwable":""}
{"timestamp":"2022-12-14T07:57:21,036","container":"70b24982167c","level":"INFO","thread":"BftProcessorExecutor-QBFT-0","class":"QbftBesuControllerBuilder","message":"Imported #34 / 0 tx / 0 pending / 0 (0.0%) gas / (0xc5e255e3b0a713b07708253d622b069f847cdcfee0ef826073c418c870304060)","throwable":""}
{"timestamp":"2022-12-14T07:57:26,054","container":"70b24982167c","level":"INFO","thread":"BftProcessorExecutor-QBFT-0","class":"QbftBesuControllerBuilder","message":"Imported #35 / 0 tx / 0 pending / 0 (0.0%) gas / (0x0e390c19174fadfc40b78a980604c4db683a83ef448786fc45569a4b82ebd6fa)","throwable":""}
{"timestamp":"2022-12-14T07:57:31,117","container":"70b24982167c","level":"INFO","thread":"BftProcessorExecutor-QBFT-0","class":"QbftBesuControllerBuilder","message":"Produced #36 / 0 tx / 0 pending / 0 (0.0%) gas / (0x361c7fd8077115f0886e1b6da06ae30fb3bbf01cacc3d8327cc596d9b1771af8)","throwable":""}
{"timestamp":"2022-12-14T07:57:36,062","container":"70b24982167c","level":"INFO","thread":"BftProcessorExecutor-QBFT-0","class":"QbftBesuControllerBuilder","message":"Imported #37 / 0 tx / 0 pending / 0 (0.0%) gas / (0x68899d95070177b721ef2032b2a053da6f300ab5981f6082d6a74a88f674f68e)","throwable":""}
{"timestamp":"2022-12-14T07:57:38,570","container":"70b24982167c","level":"INFO","thread":"BftProcessorExecutor-QBFT-0","class":"BftProcessor","message":"Shutting down BFT event processor","throwable":""}
{"timestamp":"2022-12-14T07:57:38,586","container":"70b24982167c","level":"INFO","thread":"BesuCommand-Shutdown-Hook","class":"DefaultSynchronizer","message":"Stopping synchronizer","throwable":""}
{"timestamp":"2022-12-14T07:57:38,605","container":"70b24982167c","level":"INFO","thread":"BesuCommand-Shutdown-Hook","class":"NetworkRunner","message":"Stopping Network.","throwable":""}
{"timestamp":"2022-12-14T07:57:38,630","container":"70b24982167c","level":"INFO","thread":"BesuCommand-Shutdown-Hook","class":"EthProtocolManager","message":"Stopping eth Subprotocol.","throwable":""}
{"timestamp":"2022-12-14T07:57:38,643","container":"70b24982167c","level":"INFO","thread":"BesuCommand-Shutdown-Hook","class":"EthProtocolManager","message":"eth Subprotocol stopped.","throwable":""}
{"timestamp":"2022-12-14T07:57:38,644","container":"70b24982167c","level":"INFO","thread":"BesuCommand-Shutdown-Hook","class":"NetworkRunner","message":"Network stopped.","throwable":""}
{"timestamp":"2022-12-14T07:57:38,648","container":"70b24982167c","level":"INFO","thread":"BesuCommand-Shutdown-Hook","class":"AutoTransactionLogBloomCachingService","message":"Shutting down Auto transaction logs caching service.","throwable":""}
{"timestamp":"2022-12-14T07:57:38,668","container":"70b24982167c","level":"INFO","thread":"BesuCommand-Shutdown-Hook","class":"NatService","message":"No NAT environment detected so no service could be stopped","throwable":""}
