{"timestamp":"2022-12-14T11:43:49,472","container":"87bc799657c8","level":"INFO","thread":"main","class":"Besu","message":"Using the Java implementation of alt bn128","throwable":""}
{"timestamp":"2022-12-14T11:43:49,485","container":"87bc799657c8","level":"INFO","thread":"main","class":"Besu","message":"Using the native implementation of the signature algorithm","throwable":""}
{"timestamp":"2022-12-14T11:43:49,488","container":"87bc799657c8","level":"INFO","thread":"main","class":"Besu","message":"Starting Besu version: besu/v22.7.1/linux-aarch_64/openjdk-java-11","throwable":""}
{"timestamp":"2022-12-14T11:43:49,981","container":"87bc799657c8","level":"WARN","thread":"main","class":"Besu","message":"--min-gas-price has been ignored because --miner-enabled was not defined on the command line.","throwable":""}
{"timestamp":"2022-12-14T11:43:50,643","container":"87bc799657c8","level":"INFO","thread":"main","class":"Besu","message":"Static Nodes file = /config/static-nodes.json","throwable":""}
{"timestamp":"2022-12-14T11:43:50,717","container":"87bc799657c8","level":"INFO","thread":"main","class":"Besu","message":"Connecting to 8 static nodes.","throwable":""}
{"timestamp":"2022-12-14T11:43:50,732","container":"87bc799657c8","level":"INFO","thread":"main","class":"Besu","message":"Security Module: localfile","throwable":""}
{"timestamp":"2022-12-14T11:43:50,793","container":"87bc799657c8","level":"INFO","thread":"main","class":"RocksDBKeyValueStorageFactory","message":"No existing database detected at /opt/besu/data. Using version 1","throwable":""}
{"timestamp":"2022-12-14T11:43:51,741","container":"87bc799657c8","level":"INFO","thread":"main","class":"KeyPairUtil","message":"Loaded public key 0x59cf0c623c582fa9b19bdf70fb6bade07f4ae32218dd4d1c7e2c7e65acf87da45cf2ab55d16d27360aafef17622c37c09db60d7680ebcc17b78867f4c05bcaa4 from /opt/besu/keys/nodekey","throwable":""}
{"timestamp":"2022-12-14T11:43:51,747","container":"87bc799657c8","level":"WARN","thread":"main","class":"Besu","message":"Privacy is disabled. Cannot use EEA/PRIV API methods when not using Privacy.","throwable":""}
{"timestamp":"2022-12-14T11:43:52,424","container":"87bc799657c8","level":"INFO","thread":"main","class":"AbstractAltBnPrecompiledContract","message":"Native alt bn128 not available","throwable":""}
{"timestamp":"2022-12-14T11:43:52,441","container":"87bc799657c8","level":"INFO","thread":"main","class":"AbstractAltBnPrecompiledContract","message":"Native alt bn128 not available","throwable":""}
{"timestamp":"2022-12-14T11:43:52,453","container":"87bc799657c8","level":"INFO","thread":"main","class":"AbstractAltBnPrecompiledContract","message":"Native alt bn128 not available","throwable":""}
{"timestamp":"2022-12-14T11:43:52,564","container":"87bc799657c8","level":"INFO","thread":"main","class":"ProtocolScheduleBuilder","message":"Protocol schedule created with milestones: [Petersburg: 0]","throwable":""}
{"timestamp":"2022-12-14T11:43:53,103","container":"87bc799657c8","level":"INFO","thread":"main","class":"BesuControllerBuilder","message":"TTD difficulty is not present, creating initial sync phase for PoW","throwable":""}
{"timestamp":"2022-12-14T11:43:53,314","container":"87bc799657c8","level":"INFO","thread":"main","class":"RunnerBuilder","message":"Detecting NAT service.","throwable":""}
{"timestamp":"2022-12-14T11:43:54,631","container":"87bc799657c8","level":"INFO","thread":"main","class":"Runner","message":"Starting external services ... ","throwable":""}
{"timestamp":"2022-12-14T11:43:54,637","container":"87bc799657c8","level":"INFO","thread":"main","class":"MetricsHttpService","message":"Starting metrics http service on 0.0.0.0:9545","throwable":""}
{"timestamp":"2022-12-14T11:43:55,108","container":"87bc799657c8","level":"INFO","thread":"vert.x-eventloop-thread-1","class":"MetricsHttpService","message":"Metrics service started and listening on 0.0.0.0:9545","throwable":""}
{"timestamp":"2022-12-14T11:43:55,108","container":"87bc799657c8","level":"INFO","thread":"main","class":"JsonRpcHttpService","message":"Starting JSON-RPC service on 0.0.0.0:8545","throwable":""}
{"timestamp":"2022-12-14T11:43:55,133","container":"87bc799657c8","level":"INFO","thread":"vert.x-eventloop-thread-1","class":"JsonRpcHttpService","message":"JSON-RPC service started and listening on 0.0.0.0:8545","throwable":""}
{"timestamp":"2022-12-14T11:43:55,140","container":"87bc799657c8","level":"INFO","thread":"main","class":"GraphQLHttpService","message":"Starting GraphQL HTTP service on 0.0.0.0:8547","throwable":""}
{"timestamp":"2022-12-14T11:43:55,143","container":"87bc799657c8","level":"INFO","thread":"vert.x-eventloop-thread-1","class":"GraphQLHttpService","message":"GraphQL HTTP service started and listening on 0.0.0.0:8547","throwable":""}
{"timestamp":"2022-12-14T11:43:55,143","container":"87bc799657c8","level":"INFO","thread":"main","class":"WebSocketService","message":"Starting Websocket service on 0.0.0.0:8546","throwable":""}
{"timestamp":"2022-12-14T11:43:55,151","container":"87bc799657c8","level":"INFO","thread":"vert.x-eventloop-thread-1","class":"WebSocketService","message":"Websocket service started and listening on 0.0.0.0:8546","throwable":""}
{"timestamp":"2022-12-14T11:43:55,155","container":"87bc799657c8","level":"INFO","thread":"main","class":"AutoTransactionLogBloomCachingService","message":"Starting auto transaction log bloom caching service.","throwable":""}
{"timestamp":"2022-12-14T11:43:55,157","container":"87bc799657c8","level":"INFO","thread":"main","class":"LogBloomCacheMetadata","message":"Lookup cache metadata file in data directory: /opt/besu/data/caches","throwable":""}
{"timestamp":"2022-12-14T11:43:55,186","container":"87bc799657c8","level":"INFO","thread":"main","class":"Runner","message":"Starting Ethereum main loop ... ","throwable":""}
{"timestamp":"2022-12-14T11:43:55,194","container":"87bc799657c8","level":"INFO","thread":"main","class":"NatService","message":"No NAT environment detected so no service could be started","throwable":""}
{"timestamp":"2022-12-14T11:43:55,195","container":"87bc799657c8","level":"INFO","thread":"main","class":"NetworkRunner","message":"Starting Network.","throwable":""}
{"timestamp":"2022-12-14T11:43:55,232","container":"87bc799657c8","level":"INFO","thread":"nioEventLoopGroup-2-1","class":"RlpxAgent","message":"P2P RLPx agent started and listening on /0.0.0.0:30303.","throwable":""}
{"timestamp":"2022-12-14T11:43:55,241","container":"87bc799657c8","level":"INFO","thread":"main","class":"PeerDiscoveryAgent","message":"Starting peer discovery agent on host=0.0.0.0, port=30303","throwable":""}
{"timestamp":"2022-12-14T11:43:55,320","container":"87bc799657c8","level":"INFO","thread":"vert.x-eventloop-thread-1","class":"VertxPeerDiscoveryAgent","message":"Started peer discovery agent successfully, on effective host=0.0.0.0 and port=30303","throwable":""}
{"timestamp":"2022-12-14T11:43:55,326","container":"87bc799657c8","level":"INFO","thread":"vert.x-eventloop-thread-1","class":"PeerDiscoveryAgent","message":"P2P peer discovery agent started and listening on /0.0.0.0:30303","throwable":""}
{"timestamp":"2022-12-14T11:43:55,573","container":"87bc799657c8","level":"INFO","thread":"vert.x-eventloop-thread-1","class":"PeerDiscoveryAgent","message":"Writing node record to disk. NodeRecord{seq=1, publicKey=0x0259cf0c623c582fa9b19bdf70fb6bade07f4ae32218dd4d1c7e2c7e65acf87da4, udpAddress=Optional[/172.16.239.13:30303], tcpAddress=Optional[/172.16.239.13:30303], asBase64=-Je4QBr0IxQLG1UWUbQna1uAsdS3YJldgmgqnkWgZQfi7pjIW2DTC5jfWvr7Dz8Do-Sr4trRqP7pD8BbJbrZ6RHvJCQBg2V0aMfGhFuBMk-AgmlkgnY0gmlwhKwQ7w2Jc2VjcDI1NmsxoQJZzwxiPFgvqbGb33D7a63gf0rjIhjdTRx-LH5lrPh9pIN0Y3CCdl-DdWRwgnZf, nodeId=0x2a2fe7f9e880372cfd2bda0cce412f988377e31f4d0ff12d74df73b51c42d0ca, customFields={tcp=30303, udp=30303, ip=0xac10ef0d, eth=[[0x5b81324f, 0x]], id=V4, secp256k1=0x0259cf0c623c582fa9b19bdf70fb6bade07f4ae32218dd4d1c7e2c7e65acf87da4}}","throwable":""}
{"timestamp":"2022-12-14T11:43:55,735","container":"87bc799657c8","level":"INFO","thread":"main","class":"DefaultP2PNetwork","message":"Enode URL enode://59cf0c623c582fa9b19bdf70fb6bade07f4ae32218dd4d1c7e2c7e65acf87da45cf2ab55d16d27360aafef17622c37c09db60d7680ebcc17b78867f4c05bcaa4@172.16.239.13:30303","throwable":""}
{"timestamp":"2022-12-14T11:43:55,739","container":"87bc799657c8","level":"INFO","thread":"main","class":"DefaultP2PNetwork","message":"Node address 0xce412f988377e31f4d0ff12d74df73b51c42d0ca","throwable":""}
{"timestamp":"2022-12-14T11:43:55,742","container":"87bc799657c8","level":"INFO","thread":"main","class":"DefaultSynchronizer","message":"Starting synchronizer.","throwable":""}
{"timestamp":"2022-12-14T11:43:55,754","container":"87bc799657c8","level":"INFO","thread":"main","class":"FullSyncDownloader","message":"Starting full sync.","throwable":""}
{"timestamp":"2022-12-14T11:43:55,758","container":"87bc799657c8","level":"INFO","thread":"main","class":"FullSyncTargetManager","message":"No sync target, waiting for peers. Current peers: 0","throwable":""}
{"timestamp":"2022-12-14T11:43:55,966","container":"87bc799657c8","level":"INFO","thread":"main","class":"Runner","message":"Ethereum main loop is up.","throwable":""}
{"timestamp":"2022-12-14T11:43:57,046","container":"87bc799657c8","level":"INFO","thread":"nioEventLoopGroup-3-2","class":"FullSyncTargetManager","message":"No sync target, waiting for peers. Current peers: 2","throwable":""}
{"timestamp":"2022-12-14T11:43:57,095","container":"87bc799657c8","level":"INFO","thread":"nioEventLoopGroup-3-4","class":"FullSyncTargetManager","message":"No sync target, waiting for peers. Current peers: 3","throwable":""}
{"timestamp":"2022-12-14T11:43:57,121","container":"87bc799657c8","level":"INFO","thread":"nioEventLoopGroup-3-5","class":"FullSyncTargetManager","message":"No sync target, waiting for peers. Current peers: 4","throwable":""}
{"timestamp":"2022-12-14T11:44:02,128","container":"87bc799657c8","level":"INFO","thread":"EthScheduler-Timer-0","class":"FullSyncTargetManager","message":"No sync target, waiting for peers. Current peers: 4","throwable":""}
{"timestamp":"2022-12-14T11:44:05,290","container":"87bc799657c8","level":"INFO","thread":"BftProcessorExecutor-QBFT-0","class":"QbftRound","message":"Importing proposed block to chain. round=ConsensusRoundIdentifier{Sequence=1, Round=1}, hash=0xb7464d188feadc4fe90c981f934685671f6b4b6fdf2083af074e2961241ee4d2","throwable":""}
{"timestamp":"2022-12-14T11:44:05,393","container":"87bc799657c8","level":"INFO","thread":"BftProcessorExecutor-QBFT-0","class":"QbftBesuControllerBuilder","message":"Imported #1 / 0 tx / 0 pending / 0 (0.0%) gas / (0xb7464d188feadc4fe90c981f934685671f6b4b6fdf2083af074e2961241ee4d2)","throwable":""}
{"timestamp":"2022-12-14T11:44:07,134","container":"87bc799657c8","level":"INFO","thread":"EthScheduler-Timer-0","class":"FullSyncTargetManager","message":"No sync target, waiting for peers. Current peers: 4","throwable":""}
{"timestamp":"2022-12-14T11:44:10,189","container":"87bc799657c8","level":"INFO","thread":"BftProcessorExecutor-QBFT-0","class":"QbftBesuControllerBuilder","message":"Imported #2 / 0 tx / 0 pending / 0 (0.0%) gas / (0xcd7ec51ef8f494a50d132e917ea634716e2937c0dfacf530a023d8ca791c9a3c)","throwable":""}
{"timestamp":"2022-12-14T11:44:15,135","container":"87bc799657c8","level":"INFO","thread":"BftProcessorExecutor-QBFT-0","class":"QbftBesuControllerBuilder","message":"Produced #3 / 0 tx / 0 pending / 0 (0.0%) gas / (0x4124c6b9091b9bf4405db7144a60a931f3368ce82fd32a99252405b4af8ba983)","throwable":""}
{"timestamp":"2022-12-14T11:44:20,292","container":"87bc799657c8","level":"INFO","thread":"BftProcessorExecutor-QBFT-0","class":"QbftBesuControllerBuilder","message":"Imported #4 / 0 tx / 0 pending / 0 (0.0%) gas / (0x9df81fe815b54725006d198bbc7fa1ab05652b7458a33ad84009d6e1e40d3c67)","throwable":""}
{"timestamp":"2022-12-14T11:44:20,317","container":"87bc799657c8","level":"INFO","thread":"EthScheduler-Workers-0","class":"PersistBlockTask","message":"Imported #4 / 0 tx / 0 om / 0 (0.0%) gas / (0x9df81fe815b54725006d198bbc7fa1ab05652b7458a33ad84009d6e1e40d3c67) in 0.002s. Peers: 4","throwable":""}
{"timestamp":"2022-12-14T11:44:25,061","container":"87bc799657c8","level":"INFO","thread":"BftProcessorExecutor-QBFT-0","class":"QbftBesuControllerBuilder","message":"Imported #5 / 0 tx / 0 pending / 0 (0.0%) gas / (0xbe4442e919cf7a83d9f08d76bf44598bf4ae6bb74a97c248b0d4f7f59fce7f46)","throwable":""}
{"timestamp":"2022-12-14T11:44:30,092","container":"87bc799657c8","level":"INFO","thread":"BftProcessorExecutor-QBFT-0","class":"QbftBesuControllerBuilder","message":"Imported #6 / 0 tx / 0 pending / 0 (0.0%) gas / (0x5a35f66ab50f3f5d2b4683bf758a522793ccb6975468320a9f1b9e0f5e6225ec)","throwable":""}
{"timestamp":"2022-12-14T11:44:35,303","container":"87bc799657c8","level":"INFO","thread":"BftProcessorExecutor-QBFT-0","class":"QbftBesuControllerBuilder","message":"Produced #7 / 1 tx / 0 pending / 142,397 (0.9%) gas / (0x53bef5dc075839a05db816b7df5c6614a5bcb6600078d99dc9bbe07fd0e681aa)","throwable":""}
{"timestamp":"2022-12-14T11:44:40,106","container":"87bc799657c8","level":"INFO","thread":"BftProcessorExecutor-QBFT-0","class":"QbftBesuControllerBuilder","message":"Imported #8 / 1 tx / 0 pending / 2,857,803 (17.6%) gas / (0xda8f08df4339993125b7a753b9b3376d21661d7383a9f1aff444212715d1b788)","throwable":""}
{"timestamp":"2022-12-14T11:44:45,148","container":"87bc799657c8","level":"INFO","thread":"EthScheduler-Workers-3","class":"PersistBlockTask","message":"Imported #9 / 0 tx / 0 om / 0 (0.0%) gas / (0x1958c27dd7f2358d9b2192006f982101e30179b83e7a4feaf10c64ddc315eeb1) in 0.040s. Peers: 4","throwable":""}
{"timestamp":"2022-12-14T11:44:50,130","container":"87bc799657c8","level":"INFO","thread":"BftProcessorExecutor-QBFT-0","class":"QbftBesuControllerBuilder","message":"Imported #10 / 0 tx / 0 pending / 0 (0.0%) gas / (0x78eebdd6751f542592532246ed1c84a9fec456ebdea423347f500bfd21a50457)","throwable":""}
{"timestamp":"2022-12-14T11:44:55,062","container":"87bc799657c8","level":"INFO","thread":"BftProcessorExecutor-QBFT-0","class":"QbftBesuControllerBuilder","message":"Produced #11 / 0 tx / 0 pending / 0 (0.0%) gas / (0x33587efac3bfb55f1df99d801639db64b5817db83ebb45f8a4b6f0bf83b81158)","throwable":""}
{"timestamp":"2022-12-14T11:45:00,038","container":"87bc799657c8","level":"INFO","thread":"BftProcessorExecutor-QBFT-0","class":"QbftBesuControllerBuilder","message":"Imported #12 / 0 tx / 0 pending / 0 (0.0%) gas / (0xa247adc174ba3ccf7d07c694fae2e06544e73af7b7d42cd81531fb178878752c)","throwable":""}
{"timestamp":"2022-12-14T11:45:05,057","container":"87bc799657c8","level":"INFO","thread":"BftProcessorExecutor-QBFT-0","class":"QbftBesuControllerBuilder","message":"Imported #13 / 0 tx / 0 pending / 0 (0.0%) gas / (0x6b83faaf9f29aa1224cb0be6684400c782e6989f1d4eb1ef45d3c7d1a998fdb0)","throwable":""}
{"timestamp":"2022-12-14T11:45:10,041","container":"87bc799657c8","level":"INFO","thread":"BftProcessorExecutor-QBFT-0","class":"QbftBesuControllerBuilder","message":"Imported #14 / 0 tx / 0 pending / 0 (0.0%) gas / (0x5ed087acffed502913215096724804afc257d3289dda2a72dc645ada9d2ba3c5)","throwable":""}
{"timestamp":"2022-12-14T11:45:15,046","container":"87bc799657c8","level":"INFO","thread":"BftProcessorExecutor-QBFT-0","class":"QbftBesuControllerBuilder","message":"Produced #15 / 0 tx / 0 pending / 0 (0.0%) gas / (0xeb4b3021e51c4ac16dcfc648846183c97f699803163c42b16ba4c0de7d279187)","throwable":""}
{"timestamp":"2022-12-14T11:45:20,063","container":"87bc799657c8","level":"INFO","thread":"EthScheduler-Workers-0","class":"PersistBlockTask","message":"Imported #16 / 0 tx / 0 om / 0 (0.0%) gas / (0x64769c23911005b0368a83ab51385a61f3fe1397eee805eed0196debf7acbc07) in 0.003s. Peers: 4","throwable":""}
{"timestamp":"2022-12-14T11:45:20,070","container":"87bc799657c8","level":"INFO","thread":"BftProcessorExecutor-QBFT-0","class":"QbftBesuControllerBuilder","message":"Imported #16 / 0 tx / 0 pending / 0 (0.0%) gas / (0x64769c23911005b0368a83ab51385a61f3fe1397eee805eed0196debf7acbc07)","throwable":""}
{"timestamp":"2022-12-14T11:45:25,070","container":"87bc799657c8","level":"INFO","thread":"EthScheduler-Workers-1","class":"PersistBlockTask","message":"Imported #17 / 0 tx / 0 om / 0 (0.0%) gas / (0x09d378ebd4ef2c731bc87a2b4f70501a9958adc21f6e5e2d689bfaa00f0c4b85) in 0.000s. Peers: 4","throwable":""}
{"timestamp":"2022-12-14T11:45:25,071","container":"87bc799657c8","level":"INFO","thread":"BftProcessorExecutor-QBFT-0","class":"QbftBesuControllerBuilder","message":"Imported #17 / 0 tx / 0 pending / 0 (0.0%) gas / (0x09d378ebd4ef2c731bc87a2b4f70501a9958adc21f6e5e2d689bfaa00f0c4b85)","throwable":""}
{"timestamp":"2022-12-14T11:45:30,024","container":"87bc799657c8","level":"INFO","thread":"EthScheduler-Workers-2","class":"PersistBlockTask","message":"Imported #18 / 0 tx / 0 om / 0 (0.0%) gas / (0x81e409c2fcd286bcccf7233bc2ee2a754da113db66b7669cae87b12305657120) in 0.007s. Peers: 4","throwable":""}
{"timestamp":"2022-12-14T11:45:35,065","container":"87bc799657c8","level":"INFO","thread":"BftProcessorExecutor-QBFT-0","class":"QbftBesuControllerBuilder","message":"Produced #19 / 0 tx / 0 pending / 0 (0.0%) gas / (0xa3f98747203061128ca4222a4749fb119fe5e92960b96741f24a19caecaa2df2)","throwable":""}
{"timestamp":"2022-12-14T11:45:40,046","container":"87bc799657c8","level":"INFO","thread":"BftProcessorExecutor-QBFT-0","class":"QbftBesuControllerBuilder","message":"Imported #20 / 0 tx / 0 pending / 0 (0.0%) gas / (0x573f92e71171812b1844ffcb0a144385c0a47948e7768f3f32dff909144f2b88)","throwable":""}
{"timestamp":"2022-12-14T11:45:45,022","container":"87bc799657c8","level":"INFO","thread":"BftProcessorExecutor-QBFT-0","class":"QbftBesuControllerBuilder","message":"Imported #21 / 0 tx / 0 pending / 0 (0.0%) gas / (0x452325cb4e8d67072cadac963e50f532c860d63e32085d073cd1113fd0d0dfc9)","throwable":""}
{"timestamp":"2022-12-14T11:45:50,053","container":"87bc799657c8","level":"INFO","thread":"BftProcessorExecutor-QBFT-0","class":"QbftBesuControllerBuilder","message":"Imported #22 / 0 tx / 0 pending / 0 (0.0%) gas / (0x4141444378a39c5ad617fc08b0ed9970ad50c8ad339a33274243e7a772774542)","throwable":""}
{"timestamp":"2022-12-14T11:45:55,064","container":"87bc799657c8","level":"INFO","thread":"BftProcessorExecutor-QBFT-0","class":"QbftBesuControllerBuilder","message":"Produced #23 / 0 tx / 0 pending / 0 (0.0%) gas / (0x3c3a6e77ed8e28077218b0cccee4e6b729ea83faf1b5432c33978bc6c84d9232)","throwable":""}
{"timestamp":"2022-12-14T11:46:00,106","container":"87bc799657c8","level":"INFO","thread":"EthScheduler-Workers-3","class":"PersistBlockTask","message":"Imported #24 / 0 tx / 0 om / 0 (0.0%) gas / (0x525745c75aa0d541f59f7d0bf1082176932e080d58642975733dcffe32ba62b1) in 0.008s. Peers: 4","throwable":""}
{"timestamp":"2022-12-14T11:46:05,129","container":"87bc799657c8","level":"INFO","thread":"BftProcessorExecutor-QBFT-0","class":"QbftBesuControllerBuilder","message":"Imported #25 / 0 tx / 0 pending / 0 (0.0%) gas / (0xf30536d2684a1e65ef1406379456de289b9cd7d338cde79ffcbc083ec2080732)","throwable":""}
{"timestamp":"2022-12-14T11:46:10,132","container":"87bc799657c8","level":"INFO","thread":"BftProcessorExecutor-QBFT-0","class":"QbftBesuControllerBuilder","message":"Imported #26 / 0 tx / 0 pending / 0 (0.0%) gas / (0xec2bb671c549c69c04de21e714f450e7bcb3267ff11feed298a45502778361fd)","throwable":""}
{"timestamp":"2022-12-14T11:46:15,015","container":"87bc799657c8","level":"INFO","thread":"BftProcessorExecutor-QBFT-0","class":"QbftBesuControllerBuilder","message":"Produced #27 / 0 tx / 0 pending / 0 (0.0%) gas / (0xb061c3f158c6eb08e0701e7ffdb197eaa1090f1ec18bfbb9b3c57a7e53855dd7)","throwable":""}
{"timestamp":"2022-12-14T11:46:20,058","container":"87bc799657c8","level":"INFO","thread":"BftProcessorExecutor-QBFT-0","class":"QbftBesuControllerBuilder","message":"Imported #28 / 0 tx / 0 pending / 0 (0.0%) gas / (0xd5c96fb02f1b5274258fedb920926398c0e138c062ad5aac358870ba8bb2c4b3)","throwable":""}
{"timestamp":"2022-12-14T11:46:25,029","container":"87bc799657c8","level":"INFO","thread":"BftProcessorExecutor-QBFT-0","class":"QbftBesuControllerBuilder","message":"Imported #29 / 0 tx / 0 pending / 0 (0.0%) gas / (0xb6fd2e29b20f8271ef322980e93e4a275c60e4eddcef3c94a26f25cd5f3c57a5)","throwable":""}
{"timestamp":"2022-12-14T11:46:25,038","container":"87bc799657c8","level":"INFO","thread":"EthScheduler-Workers-0","class":"PersistBlockTask","message":"Imported #29 / 0 tx / 0 om / 0 (0.0%) gas / (0xb6fd2e29b20f8271ef322980e93e4a275c60e4eddcef3c94a26f25cd5f3c57a5) in 0.000s. Peers: 4","throwable":""}
{"timestamp":"2022-12-14T11:46:30,117","container":"87bc799657c8","level":"INFO","thread":"BftProcessorExecutor-QBFT-0","class":"QbftBesuControllerBuilder","message":"Imported #30 / 0 tx / 0 pending / 0 (0.0%) gas / (0x4cabd59f3b8102ec8f6e72d1be8e4e6bef1b2ebdbd7e7063664022247c5ee98d)","throwable":""}
{"timestamp":"2022-12-14T11:46:35,027","container":"87bc799657c8","level":"INFO","thread":"BftProcessorExecutor-QBFT-0","class":"QbftBesuControllerBuilder","message":"Produced #31 / 0 tx / 0 pending / 0 (0.0%) gas / (0xf25a9d9fe907348123fa8a8c1314d914f64e46dcdb908a8b96ceef7968e6f618)","throwable":""}
{"timestamp":"2022-12-14T11:46:40,212","container":"87bc799657c8","level":"INFO","thread":"BftProcessorExecutor-QBFT-0","class":"QbftBesuControllerBuilder","message":"Imported #32 / 0 tx / 0 pending / 0 (0.0%) gas / (0x27a2fcc19d4651220b275737c8404c4cf47a14a325edc92587567561468ecb1c)","throwable":""}
{"timestamp":"2022-12-14T11:46:45,060","container":"87bc799657c8","level":"INFO","thread":"BftProcessorExecutor-QBFT-0","class":"QbftBesuControllerBuilder","message":"Imported #33 / 0 tx / 0 pending / 0 (0.0%) gas / (0xf3fafaae66c6de86126b78fb2e1ca3b436d9ef13e4e1e61da7026c80c44ed036)","throwable":""}
{"timestamp":"2022-12-14T11:46:50,089","container":"87bc799657c8","level":"INFO","thread":"EthScheduler-Workers-1","class":"PersistBlockTask","message":"Imported #34 / 0 tx / 0 om / 0 (0.0%) gas / (0xe629cd934ba3eed07dbac8bead9aded944afdfd68e68bcbb1e342d5c0b6874dd) in 0.006s. Peers: 4","throwable":""}
{"timestamp":"2022-12-14T11:46:50,092","container":"87bc799657c8","level":"INFO","thread":"BftProcessorExecutor-QBFT-0","class":"QbftBesuControllerBuilder","message":"Imported #34 / 0 tx / 0 pending / 0 (0.0%) gas / (0xe629cd934ba3eed07dbac8bead9aded944afdfd68e68bcbb1e342d5c0b6874dd)","throwable":""}
{"timestamp":"2022-12-14T11:46:55,048","container":"87bc799657c8","level":"INFO","thread":"EthScheduler-Workers-2","class":"PersistBlockTask","message":"Imported #35 / 0 tx / 0 om / 0 (0.0%) gas / (0x56f59472a0f7c573543c4d37241aa650326d902da7eac45a5272af3308ea1e4e) in 0.005s. Peers: 4","throwable":""}
{"timestamp":"2022-12-14T11:46:55,048","container":"87bc799657c8","level":"INFO","thread":"BftProcessorExecutor-QBFT-0","class":"QbftBesuControllerBuilder","message":"Produced #35 / 0 tx / 0 pending / 0 (0.0%) gas / (0x56f59472a0f7c573543c4d37241aa650326d902da7eac45a5272af3308ea1e4e)","throwable":""}
{"timestamp":"2022-12-14T11:47:00,050","container":"87bc799657c8","level":"INFO","thread":"EthScheduler-Workers-3","class":"PersistBlockTask","message":"Imported #36 / 0 tx / 0 om / 0 (0.0%) gas / (0x314244349153f322e52f48942dced21b1693a5e30cac8e3bd6d1e1ab22043d2f) in 0.002s. Peers: 4","throwable":""}
{"timestamp":"2022-12-14T11:47:05,088","container":"87bc799657c8","level":"INFO","thread":"BftProcessorExecutor-QBFT-0","class":"QbftBesuControllerBuilder","message":"Imported #37 / 0 tx / 0 pending / 0 (0.0%) gas / (0xfc9c0cabaa5ae99eeaa8910d85118147643e60232ce2bcbd32e7876342254b13)","throwable":""}
{"timestamp":"2022-12-14T11:47:05,090","container":"87bc799657c8","level":"INFO","thread":"EthScheduler-Workers-0","class":"PersistBlockTask","message":"Imported #37 / 0 tx / 0 om / 0 (0.0%) gas / (0xfc9c0cabaa5ae99eeaa8910d85118147643e60232ce2bcbd32e7876342254b13) in 0.000s. Peers: 4","throwable":""}
{"timestamp":"2022-12-14T11:47:10,084","container":"87bc799657c8","level":"INFO","thread":"BftProcessorExecutor-QBFT-0","class":"QbftBesuControllerBuilder","message":"Imported #38 / 0 tx / 0 pending / 0 (0.0%) gas / (0x55caee2c28f3afbe6a5dec60fdf7aca84cf151ecb49a163456aa09bed29f2ac3)","throwable":""}
{"timestamp":"2022-12-14T11:47:15,045","container":"87bc799657c8","level":"INFO","thread":"BftProcessorExecutor-QBFT-0","class":"QbftBesuControllerBuilder","message":"Produced #39 / 0 tx / 0 pending / 0 (0.0%) gas / (0x67267e3d11d0498803c93e0ba9e1b9d224b206f77de351917a143e0994d06b20)","throwable":""}
{"timestamp":"2022-12-14T11:47:20,058","container":"87bc799657c8","level":"INFO","thread":"BftProcessorExecutor-QBFT-0","class":"QbftBesuControllerBuilder","message":"Imported #40 / 0 tx / 0 pending / 0 (0.0%) gas / (0x2307dfe33a1957a4753618956f63ee1fb7fb55628c6acd886f82e0e92dd9a6ae)","throwable":""}
{"timestamp":"2022-12-14T11:47:25,053","container":"87bc799657c8","level":"INFO","thread":"BftProcessorExecutor-QBFT-0","class":"QbftBesuControllerBuilder","message":"Imported #41 / 0 tx / 0 pending / 0 (0.0%) gas / (0xffe8053b0c110af9e35d2317be193c2f91966f0b2bda0fc04f711adc7ae4e082)","throwable":""}
{"timestamp":"2022-12-14T11:47:25,059","container":"87bc799657c8","level":"INFO","thread":"EthScheduler-Workers-1","class":"PersistBlockTask","message":"Imported #41 / 0 tx / 0 om / 0 (0.0%) gas / (0xffe8053b0c110af9e35d2317be193c2f91966f0b2bda0fc04f711adc7ae4e082) in 0.004s. Peers: 4","throwable":""}
{"timestamp":"2022-12-14T11:47:30,031","container":"87bc799657c8","level":"INFO","thread":"EthScheduler-Workers-2","class":"PersistBlockTask","message":"Imported #42 / 0 tx / 0 om / 0 (0.0%) gas / (0x91d3a292a7cfefa0c45227521ec0f8e79f4bacf84c525f49edd87b73c4055480) in 0.006s. Peers: 4","throwable":""}
{"timestamp":"2022-12-14T11:47:30,032","container":"87bc799657c8","level":"INFO","thread":"BftProcessorExecutor-QBFT-0","class":"QbftBesuControllerBuilder","message":"Imported #42 / 0 tx / 0 pending / 0 (0.0%) gas / (0x91d3a292a7cfefa0c45227521ec0f8e79f4bacf84c525f49edd87b73c4055480)","throwable":""}
{"timestamp":"2022-12-14T11:47:35,052","container":"87bc799657c8","level":"INFO","thread":"BftProcessorExecutor-QBFT-0","class":"QbftBesuControllerBuilder","message":"Produced #43 / 0 tx / 0 pending / 0 (0.0%) gas / (0x62e866eaee38bff881c81ebab0c4c1440083995ad97e836429b775df62176a98)","throwable":""}
{"timestamp":"2022-12-14T11:47:40,053","container":"87bc799657c8","level":"INFO","thread":"BftProcessorExecutor-QBFT-0","class":"QbftBesuControllerBuilder","message":"Imported #44 / 0 tx / 0 pending / 0 (0.0%) gas / (0x0272eaea7f5be725fdfaf984b449540ce382fefdbb75d7c7159336cb39c144c4)","throwable":""}
{"timestamp":"2022-12-14T11:47:45,072","container":"87bc799657c8","level":"INFO","thread":"BftProcessorExecutor-QBFT-0","class":"QbftBesuControllerBuilder","message":"Imported #45 / 0 tx / 0 pending / 0 (0.0%) gas / (0xbbcf01d18cb9847a53e0fd9f8c250cf6f2eed7322b7e78a1cfc5316a59e4612d)","throwable":""}
{"timestamp":"2022-12-14T11:47:50,050","container":"87bc799657c8","level":"INFO","thread":"BftProcessorExecutor-QBFT-0","class":"QbftBesuControllerBuilder","message":"Imported #46 / 0 tx / 0 pending / 0 (0.0%) gas / (0xa6f20b80d350f4c823f134d7b1b7e0f6c35d93665e4abace8f00350b30ffaf00)","throwable":""}
{"timestamp":"2022-12-14T11:47:55,080","container":"87bc799657c8","level":"INFO","thread":"BftProcessorExecutor-QBFT-0","class":"QbftBesuControllerBuilder","message":"Produced #47 / 0 tx / 0 pending / 0 (0.0%) gas / (0xeaf14995a7a8dbb45c08002ef88562c5a4f4585580a12fab300695550edf090d)","throwable":""}
{"timestamp":"2022-12-14T11:48:00,082","container":"87bc799657c8","level":"INFO","thread":"BftProcessorExecutor-QBFT-0","class":"QbftBesuControllerBuilder","message":"Imported #48 / 0 tx / 0 pending / 0 (0.0%) gas / (0x7a0ccf22332b7091446dac3879564ff86a04ac59680fa8429420361217963db4)","throwable":""}
{"timestamp":"2022-12-14T11:48:05,049","container":"87bc799657c8","level":"INFO","thread":"BftProcessorExecutor-QBFT-0","class":"QbftBesuControllerBuilder","message":"Imported #49 / 0 tx / 0 pending / 0 (0.0%) gas / (0xba247ce1629d1aeea53de4be47f613e5f6b10383ce16750600aca88800a9f88e)","throwable":""}
{"timestamp":"2022-12-14T11:48:10,053","container":"87bc799657c8","level":"INFO","thread":"EthScheduler-Workers-3","class":"PersistBlockTask","message":"Imported #50 / 0 tx / 0 om / 0 (0.0%) gas / (0xb78d57054f423bf2ee54b92f5a1f2bf2178d11e67c7bb7c6337b98ad2503acbb) in 0.007s. Peers: 4","throwable":""}
{"timestamp":"2022-12-14T11:48:10,061","container":"87bc799657c8","level":"INFO","thread":"BftProcessorExecutor-QBFT-0","class":"QbftBesuControllerBuilder","message":"Imported #50 / 0 tx / 0 pending / 0 (0.0%) gas / (0xb78d57054f423bf2ee54b92f5a1f2bf2178d11e67c7bb7c6337b98ad2503acbb)","throwable":""}
{"timestamp":"2022-12-14T11:48:15,126","container":"87bc799657c8","level":"INFO","thread":"BftProcessorExecutor-QBFT-0","class":"QbftBesuControllerBuilder","message":"Produced #51 / 0 tx / 0 pending / 0 (0.0%) gas / (0x21ad0d372316380c4877a99d59012e1b71e89570e1c13c2052a6450ab816510c)","throwable":""}
{"timestamp":"2022-12-14T11:48:20,049","container":"87bc799657c8","level":"INFO","thread":"EthScheduler-Workers-0","class":"PersistBlockTask","message":"Imported #52 / 0 tx / 0 om / 0 (0.0%) gas / (0xb8fe6ebabcc8e2dd9fb5454bae032bc2a83702fcfb553602866e9b9708acc1f6) in 0.010s. Peers: 4","throwable":""}
{"timestamp":"2022-12-14T11:48:20,050","container":"87bc799657c8","level":"INFO","thread":"BftProcessorExecutor-QBFT-0","class":"QbftBesuControllerBuilder","message":"Imported #52 / 0 tx / 0 pending / 0 (0.0%) gas / (0xb8fe6ebabcc8e2dd9fb5454bae032bc2a83702fcfb553602866e9b9708acc1f6)","throwable":""}
{"timestamp":"2022-12-14T11:48:25,039","container":"87bc799657c8","level":"INFO","thread":"BftProcessorExecutor-QBFT-0","class":"QbftBesuControllerBuilder","message":"Imported #53 / 0 tx / 0 pending / 0 (0.0%) gas / (0x35dde42e0bc913a642dc4fe630f16ceba985ed35a6292eb5dd94c51cddd22246)","throwable":""}
{"timestamp":"2022-12-14T11:48:30,032","container":"87bc799657c8","level":"INFO","thread":"BftProcessorExecutor-QBFT-0","class":"QbftBesuControllerBuilder","message":"Imported #54 / 0 tx / 0 pending / 0 (0.0%) gas / (0x8139b97254bc999e0eb6ea01f2f2181f51081ca63e9c55530e084075f4f8eb8c)","throwable":""}
{"timestamp":"2022-12-14T11:48:35,048","container":"87bc799657c8","level":"INFO","thread":"BftProcessorExecutor-QBFT-0","class":"QbftBesuControllerBuilder","message":"Produced #55 / 0 tx / 0 pending / 0 (0.0%) gas / (0xea68eab9435168de687610f5eac76cbcadbaa0d3eddef0299b5a99014f3fd934)","throwable":""}
{"timestamp":"2022-12-14T11:48:40,058","container":"87bc799657c8","level":"INFO","thread":"BftProcessorExecutor-QBFT-0","class":"QbftBesuControllerBuilder","message":"Imported #56 / 0 tx / 0 pending / 0 (0.0%) gas / (0x0f259cc5248ecf3b9395942855e471a044964ae39196de7a3a497c77f0ffa4f0)","throwable":""}
{"timestamp":"2022-12-14T11:48:40,060","container":"87bc799657c8","level":"INFO","thread":"EthScheduler-Workers-1","class":"PersistBlockTask","message":"Imported #56 / 0 tx / 0 om / 0 (0.0%) gas / (0x0f259cc5248ecf3b9395942855e471a044964ae39196de7a3a497c77f0ffa4f0) in 0.005s. Peers: 4","throwable":""}
{"timestamp":"2022-12-14T11:48:45,119","container":"87bc799657c8","level":"INFO","thread":"BftProcessorExecutor-QBFT-0","class":"QbftBesuControllerBuilder","message":"Imported #57 / 0 tx / 0 pending / 0 (0.0%) gas / (0x501edc1151461d7bffe08804500b37f9d111eac6bc50d8792b87c74269b134e4)","throwable":""}
{"timestamp":"2022-12-14T11:48:50,043","container":"87bc799657c8","level":"INFO","thread":"BftProcessorExecutor-QBFT-0","class":"QbftBesuControllerBuilder","message":"Imported #58 / 0 tx / 0 pending / 0 (0.0%) gas / (0x6cd5d768c6e835efbcffb9cd67fb2b42ae504bde181c94a4d3ca026689b3c286)","throwable":""}
{"timestamp":"2022-12-14T11:48:55,058","container":"87bc799657c8","level":"INFO","thread":"EthScheduler-Workers-2","class":"PersistBlockTask","message":"Imported #59 / 0 tx / 0 om / 0 (0.0%) gas / (0xeed46aa43e8a643b7498e232bebb630216dbbf7742c20a090cb877062019cf40) in 0.003s. Peers: 4","throwable":""}
{"timestamp":"2022-12-14T11:48:55,060","container":"87bc799657c8","level":"INFO","thread":"BftProcessorExecutor-QBFT-0","class":"QbftBesuControllerBuilder","message":"Produced #59 / 0 tx / 0 pending / 0 (0.0%) gas / (0xeed46aa43e8a643b7498e232bebb630216dbbf7742c20a090cb877062019cf40)","throwable":""}
{"timestamp":"2022-12-14T11:49:00,030","container":"87bc799657c8","level":"INFO","thread":"EthScheduler-Workers-3","class":"PersistBlockTask","message":"Imported #60 / 0 tx / 0 om / 0 (0.0%) gas / (0x96c6f7734d65d235cc2ca4b0e0af6e28e882738e24176a479e3e7694533d145e) in 0.002s. Peers: 4","throwable":""}
{"timestamp":"2022-12-14T11:49:00,030","container":"87bc799657c8","level":"INFO","thread":"BftProcessorExecutor-QBFT-0","class":"QbftBesuControllerBuilder","message":"Imported #60 / 0 tx / 0 pending / 0 (0.0%) gas / (0x96c6f7734d65d235cc2ca4b0e0af6e28e882738e24176a479e3e7694533d145e)","throwable":""}
{"timestamp":"2022-12-14T11:49:05,061","container":"87bc799657c8","level":"INFO","thread":"BftProcessorExecutor-QBFT-0","class":"QbftBesuControllerBuilder","message":"Imported #61 / 0 tx / 0 pending / 0 (0.0%) gas / (0x09e7f4705b1f29bbb5027c1349b6e19e6e6d8d5e2457dae541cec8762c92eff3)","throwable":""}
{"timestamp":"2022-12-14T11:49:10,026","container":"87bc799657c8","level":"INFO","thread":"BftProcessorExecutor-QBFT-0","class":"QbftBesuControllerBuilder","message":"Imported #62 / 0 tx / 0 pending / 0 (0.0%) gas / (0xdd9c392f9031fc7dee94e29e37b6964ee34b3542ec8e1166416213118f7dd882)","throwable":""}
{"timestamp":"2022-12-14T11:49:15,034","container":"87bc799657c8","level":"INFO","thread":"BftProcessorExecutor-QBFT-0","class":"QbftBesuControllerBuilder","message":"Produced #63 / 0 tx / 0 pending / 0 (0.0%) gas / (0x533dc13cb3774f3933eb4ee2b047f303675c317b18bdbe1e2c96d0801a300e36)","throwable":""}
{"timestamp":"2022-12-14T11:49:20,071","container":"87bc799657c8","level":"INFO","thread":"BftProcessorExecutor-QBFT-0","class":"QbftBesuControllerBuilder","message":"Imported #64 / 0 tx / 0 pending / 0 (0.0%) gas / (0x46466549e629b8ecc34a8046ba8469e5fe521a80cbcf247e6c7f0be01a99bcb0)","throwable":""}
{"timestamp":"2022-12-14T11:49:25,058","container":"87bc799657c8","level":"INFO","thread":"BftProcessorExecutor-QBFT-0","class":"QbftBesuControllerBuilder","message":"Imported #65 / 0 tx / 0 pending / 0 (0.0%) gas / (0x9366aad0069dfcc896d02cdbd8d4fdd9d137b6c1fc7b08210d0cd0c28b484725)","throwable":""}
{"timestamp":"2022-12-14T11:49:25,077","container":"87bc799657c8","level":"INFO","thread":"EthScheduler-Workers-0","class":"PersistBlockTask","message":"Imported #65 / 0 tx / 0 om / 0 (0.0%) gas / (0x9366aad0069dfcc896d02cdbd8d4fdd9d137b6c1fc7b08210d0cd0c28b484725) in 0.010s. Peers: 4","throwable":""}
{"timestamp":"2022-12-14T11:49:30,021","container":"87bc799657c8","level":"INFO","thread":"BftProcessorExecutor-QBFT-0","class":"QbftBesuControllerBuilder","message":"Imported #66 / 0 tx / 0 pending / 0 (0.0%) gas / (0x4ade855806648c058d0e7fa587f0b24cb8ba4100615e4a015b5fbe38d5c62e49)","throwable":""}
{"timestamp":"2022-12-14T11:49:35,066","container":"87bc799657c8","level":"INFO","thread":"BftProcessorExecutor-QBFT-0","class":"QbftBesuControllerBuilder","message":"Produced #67 / 0 tx / 0 pending / 0 (0.0%) gas / (0x6d93c4f86535f4972a3dc531153b042518b8bdb2fc7404058242a25977c9d9e4)","throwable":""}
{"timestamp":"2022-12-14T11:49:40,053","container":"87bc799657c8","level":"INFO","thread":"EthScheduler-Workers-1","class":"PersistBlockTask","message":"Imported #68 / 0 tx / 0 om / 0 (0.0%) gas / (0x0dcac0b71fa612c8bb29edf86095fb9ff60f5c5220751d2e55231e61a1d515e4) in 0.006s. Peers: 4","throwable":""}
{"timestamp":"2022-12-14T11:49:40,059","container":"87bc799657c8","level":"INFO","thread":"BftProcessorExecutor-QBFT-0","class":"QbftBesuControllerBuilder","message":"Imported #68 / 0 tx / 0 pending / 0 (0.0%) gas / (0x0dcac0b71fa612c8bb29edf86095fb9ff60f5c5220751d2e55231e61a1d515e4)","throwable":""}
{"timestamp":"2022-12-14T11:49:45,114","container":"87bc799657c8","level":"INFO","thread":"BftProcessorExecutor-QBFT-0","class":"QbftBesuControllerBuilder","message":"Imported #69 / 0 tx / 0 pending / 0 (0.0%) gas / (0x7b5bc5eb171a12f6597183e758f2792e20205a7b9e84af05fbcc081712192518)","throwable":""}
{"timestamp":"2022-12-14T11:49:50,052","container":"87bc799657c8","level":"INFO","thread":"BftProcessorExecutor-QBFT-0","class":"QbftBesuControllerBuilder","message":"Imported #70 / 0 tx / 0 pending / 0 (0.0%) gas / (0x8d3be4b63fcd362b2761684f592afafbedc6c93b432232d7eec8dbb079cde935)","throwable":""}
{"timestamp":"2022-12-14T11:49:55,063","container":"87bc799657c8","level":"INFO","thread":"BftProcessorExecutor-QBFT-0","class":"QbftBesuControllerBuilder","message":"Produced #71 / 0 tx / 0 pending / 0 (0.0%) gas / (0x2425885a177e5c9a9c18f788340ca449f67aa74e6a989f72b4fa71b98f8cad91)","throwable":""}
{"timestamp":"2022-12-14T11:50:00,077","container":"87bc799657c8","level":"INFO","thread":"BftProcessorExecutor-QBFT-0","class":"QbftBesuControllerBuilder","message":"Imported #72 / 0 tx / 0 pending / 0 (0.0%) gas / (0xf4a416a510d6e442185c6f99f29c4ee6ad54a59a5e16c13d83b6081394eb13cf)","throwable":""}
{"timestamp":"2022-12-14T11:50:05,092","container":"87bc799657c8","level":"INFO","thread":"EthScheduler-Workers-2","class":"PersistBlockTask","message":"Imported #73 / 0 tx / 0 om / 0 (0.0%) gas / (0x3f360b1c65fe43e6013a8b3ba8a9efe84c8690112905cf927c50b1f4610bdd71) in 0.008s. Peers: 4","throwable":""}
{"timestamp":"2022-12-14T11:50:05,093","container":"87bc799657c8","level":"INFO","thread":"BftProcessorExecutor-QBFT-0","class":"QbftBesuControllerBuilder","message":"Imported #73 / 0 tx / 0 pending / 0 (0.0%) gas / (0x3f360b1c65fe43e6013a8b3ba8a9efe84c8690112905cf927c50b1f4610bdd71)","throwable":""}
{"timestamp":"2022-12-14T11:50:10,109","container":"87bc799657c8","level":"INFO","thread":"BftProcessorExecutor-QBFT-0","class":"QbftBesuControllerBuilder","message":"Imported #74 / 0 tx / 0 pending / 0 (0.0%) gas / (0x533f1fd3c603e5625292489023a531a537cf742c7e2dcfde9aa437ddf60645d1)","throwable":""}
{"timestamp":"2022-12-14T11:50:15,034","container":"87bc799657c8","level":"INFO","thread":"BftProcessorExecutor-QBFT-0","class":"QbftBesuControllerBuilder","message":"Produced #75 / 0 tx / 0 pending / 0 (0.0%) gas / (0x3676c5dd4ddafb816108cf4557b186b81c7f54c1c84b9b52da5888fae3fce35b)","throwable":""}
{"timestamp":"2022-12-14T11:50:20,043","container":"87bc799657c8","level":"INFO","thread":"BftProcessorExecutor-QBFT-0","class":"QbftBesuControllerBuilder","message":"Imported #76 / 0 tx / 0 pending / 0 (0.0%) gas / (0x83989c420c6c2b38795392f47be5c058e0263c2f753a1ce019b2dc8adc4a6054)","throwable":""}
{"timestamp":"2022-12-14T11:50:25,032","container":"87bc799657c8","level":"INFO","thread":"BftProcessorExecutor-QBFT-0","class":"QbftBesuControllerBuilder","message":"Imported #77 / 0 tx / 0 pending / 0 (0.0%) gas / (0xb3d6cb61dac66e8f3abc75648d5360c278e7a7bc95c1d5282770a1c5f8efc62f)","throwable":""}
{"timestamp":"2022-12-14T11:50:30,019","container":"87bc799657c8","level":"INFO","thread":"BftProcessorExecutor-QBFT-0","class":"QbftBesuControllerBuilder","message":"Imported #78 / 0 tx / 0 pending / 0 (0.0%) gas / (0xf45811ccf741bc5b323903e78cff344cf7615baac3453383b59b255c686f6705)","throwable":""}
{"timestamp":"2022-12-14T11:50:35,043","container":"87bc799657c8","level":"INFO","thread":"BftProcessorExecutor-QBFT-0","class":"QbftBesuControllerBuilder","message":"Produced #79 / 0 tx / 0 pending / 0 (0.0%) gas / (0x1557008880ec73980602fedd55e352c156140e65efb7901b4449e5b647980264)","throwable":""}
{"timestamp":"2022-12-14T11:50:40,069","container":"87bc799657c8","level":"INFO","thread":"BftProcessorExecutor-QBFT-0","class":"QbftBesuControllerBuilder","message":"Imported #80 / 0 tx / 0 pending / 0 (0.0%) gas / (0x4054c4ab176c3d7977dba3befbca0494c7198296373e0e341b854d251cc370a4)","throwable":""}
{"timestamp":"2022-12-14T11:50:45,033","container":"87bc799657c8","level":"INFO","thread":"BftProcessorExecutor-QBFT-0","class":"QbftBesuControllerBuilder","message":"Imported #81 / 0 tx / 0 pending / 0 (0.0%) gas / (0xc2f2305ad467ff81b81776b37a6d196bfe45f93710e6e3b1908bc03c68ae04f5)","throwable":""}
{"timestamp":"2022-12-14T11:50:50,065","container":"87bc799657c8","level":"INFO","thread":"EthScheduler-Workers-3","class":"PersistBlockTask","message":"Imported #82 / 0 tx / 0 om / 0 (0.0%) gas / (0x6e3584fb2d36d80554bf74aa19f1c60c80966736a2c3a7b504cdd2b1820f1aaf) in 0.000s. Peers: 4","throwable":""}
{"timestamp":"2022-12-14T11:50:50,065","container":"87bc799657c8","level":"INFO","thread":"BftProcessorExecutor-QBFT-0","class":"QbftBesuControllerBuilder","message":"Imported #82 / 0 tx / 0 pending / 0 (0.0%) gas / (0x6e3584fb2d36d80554bf74aa19f1c60c80966736a2c3a7b504cdd2b1820f1aaf)","throwable":""}
{"timestamp":"2022-12-14T11:50:55,039","container":"87bc799657c8","level":"INFO","thread":"BftProcessorExecutor-QBFT-0","class":"QbftBesuControllerBuilder","message":"Produced #83 / 0 tx / 0 pending / 0 (0.0%) gas / (0x9fa3529c851721895bdb5de64972aa29ab49875a8aaf53a208b4a7efc24b0041)","throwable":""}
{"timestamp":"2022-12-14T11:51:00,103","container":"87bc799657c8","level":"INFO","thread":"BftProcessorExecutor-QBFT-0","class":"QbftBesuControllerBuilder","message":"Imported #84 / 0 tx / 0 pending / 0 (0.0%) gas / (0xfb39f5407d99d08a29d57cc3a910d5454efbefdd0131addd56f9b901b6059a68)","throwable":""}
{"timestamp":"2022-12-14T11:51:00,103","container":"87bc799657c8","level":"INFO","thread":"EthScheduler-Workers-0","class":"PersistBlockTask","message":"Imported #84 / 0 tx / 0 om / 0 (0.0%) gas / (0xfb39f5407d99d08a29d57cc3a910d5454efbefdd0131addd56f9b901b6059a68) in 0.004s. Peers: 4","throwable":""}
{"timestamp":"2022-12-14T11:51:05,077","container":"87bc799657c8","level":"INFO","thread":"BftProcessorExecutor-QBFT-0","class":"QbftBesuControllerBuilder","message":"Imported #85 / 0 tx / 0 pending / 0 (0.0%) gas / (0x1b4290d5935214ee607504727313db02762ede5e7d19758360d10a0b2040f3c3)","throwable":""}
{"timestamp":"2022-12-14T11:51:10,056","container":"87bc799657c8","level":"INFO","thread":"BftProcessorExecutor-QBFT-0","class":"QbftBesuControllerBuilder","message":"Imported #86 / 0 tx / 0 pending / 0 (0.0%) gas / (0xcd3c3276c622d269eeb590d572f9bbd71cf03c8d868bf3a65f65e48f52b96cac)","throwable":""}
{"timestamp":"2022-12-14T11:51:15,024","container":"87bc799657c8","level":"INFO","thread":"BftProcessorExecutor-QBFT-0","class":"QbftBesuControllerBuilder","message":"Produced #87 / 0 tx / 0 pending / 0 (0.0%) gas / (0x0da1b2d19b374cf811af6a797f5d05f9ef6c82763876c8912c96d0c7ba7f7362)","throwable":""}
{"timestamp":"2022-12-14T11:51:20,053","container":"87bc799657c8","level":"INFO","thread":"BftProcessorExecutor-QBFT-0","class":"QbftBesuControllerBuilder","message":"Imported #88 / 0 tx / 0 pending / 0 (0.0%) gas / (0x82caa0919d16132dee83680f999e87ebddcde85e9370994b95472b39b96544f9)","throwable":""}
{"timestamp":"2022-12-14T11:51:25,020","container":"87bc799657c8","level":"INFO","thread":"BftProcessorExecutor-QBFT-0","class":"QbftBesuControllerBuilder","message":"Imported #89 / 0 tx / 0 pending / 0 (0.0%) gas / (0xbb9df8527ece020020f93d64ff39d45e6fb981187aa60507c1b52d06f3e64bcc)","throwable":""}
{"timestamp":"2022-12-14T11:51:25,025","container":"87bc799657c8","level":"INFO","thread":"EthScheduler-Workers-1","class":"PersistBlockTask","message":"Imported #89 / 0 tx / 0 om / 0 (0.0%) gas / (0xbb9df8527ece020020f93d64ff39d45e6fb981187aa60507c1b52d06f3e64bcc) in 0.000s. Peers: 4","throwable":""}
{"timestamp":"2022-12-14T11:51:30,025","container":"87bc799657c8","level":"INFO","thread":"BftProcessorExecutor-QBFT-0","class":"QbftBesuControllerBuilder","message":"Imported #90 / 0 tx / 0 pending / 0 (0.0%) gas / (0x7e3e34bef47cd97ba3cae85c1fd84f264b78c9238b8366ce4dc6ccc9b2d1a8e9)","throwable":""}
{"timestamp":"2022-12-14T11:51:35,033","container":"87bc799657c8","level":"INFO","thread":"BftProcessorExecutor-QBFT-0","class":"QbftBesuControllerBuilder","message":"Produced #91 / 0 tx / 0 pending / 0 (0.0%) gas / (0x677305cae9ec18dedd1b04d11fe4864aef1a1b44960cbc49133c4231b1ee593d)","throwable":""}
{"timestamp":"2022-12-14T11:51:40,070","container":"87bc799657c8","level":"INFO","thread":"BftProcessorExecutor-QBFT-0","class":"QbftBesuControllerBuilder","message":"Imported #92 / 0 tx / 0 pending / 0 (0.0%) gas / (0xb406a34d36f6b244f6e3183b1f42808f71a93c62badc56cd1b78a36e3ae97e05)","throwable":""}
{"timestamp":"2022-12-14T11:51:45,020","container":"87bc799657c8","level":"INFO","thread":"BftProcessorExecutor-QBFT-0","class":"QbftBesuControllerBuilder","message":"Imported #93 / 0 tx / 0 pending / 0 (0.0%) gas / (0x7862af15198a19bc8c7344acf4df03a3d440a44faf252be549f4f3a190c5ac22)","throwable":""}
{"timestamp":"2022-12-14T11:51:50,088","container":"87bc799657c8","level":"INFO","thread":"BftProcessorExecutor-QBFT-0","class":"QbftBesuControllerBuilder","message":"Imported #94 / 0 tx / 0 pending / 0 (0.0%) gas / (0xbdec4aad50db03274c508e25ed1edc0e6f249e91fcf4768a051eb25e97786a3f)","throwable":""}
{"timestamp":"2022-12-14T11:51:55,030","container":"87bc799657c8","level":"INFO","thread":"BftProcessorExecutor-QBFT-0","class":"QbftBesuControllerBuilder","message":"Produced #95 / 0 tx / 0 pending / 0 (0.0%) gas / (0x8c732d442a30a5af9cd4fae2130aaba599e4679b21b24469a7be76df38e08e16)","throwable":""}
{"timestamp":"2022-12-14T11:52:00,030","container":"87bc799657c8","level":"INFO","thread":"BftProcessorExecutor-QBFT-0","class":"QbftBesuControllerBuilder","message":"Imported #96 / 0 tx / 0 pending / 0 (0.0%) gas / (0xb2c8ea6f211437d0d7fac6acf950ce39edd856b28522a60db3bd3d05d4350273)","throwable":""}
{"timestamp":"2022-12-14T11:52:05,059","container":"87bc799657c8","level":"INFO","thread":"BftProcessorExecutor-QBFT-0","class":"QbftBesuControllerBuilder","message":"Imported #97 / 0 tx / 0 pending / 0 (0.0%) gas / (0x3419ea2914c521cf5fa7cfddd4f418d74a7e5a4fa1fabb4dc51f70ab0bc2614b)","throwable":""}
{"timestamp":"2022-12-14T11:52:10,083","container":"87bc799657c8","level":"INFO","thread":"BftProcessorExecutor-QBFT-0","class":"QbftBesuControllerBuilder","message":"Imported #98 / 0 tx / 0 pending / 0 (0.0%) gas / (0x8c015ec0fdcb2105f2bca105942049c854647735dcddea6cd3f66008574af43a)","throwable":""}
{"timestamp":"2022-12-14T11:52:10,086","container":"87bc799657c8","level":"INFO","thread":"EthScheduler-Workers-2","class":"PersistBlockTask","message":"Imported #98 / 0 tx / 0 om / 0 (0.0%) gas / (0x8c015ec0fdcb2105f2bca105942049c854647735dcddea6cd3f66008574af43a) in 0.000s. Peers: 4","throwable":""}
{"timestamp":"2022-12-14T11:52:15,064","container":"87bc799657c8","level":"INFO","thread":"BftProcessorExecutor-QBFT-0","class":"QbftBesuControllerBuilder","message":"Produced #99 / 0 tx / 0 pending / 0 (0.0%) gas / (0x368fa9281d90fee7b0f96e6ae7added4b68f002dd2fcafc509bbeb4d80b15c8c)","throwable":""}
{"timestamp":"2022-12-14T11:52:20,080","container":"87bc799657c8","level":"INFO","thread":"BftProcessorExecutor-QBFT-0","class":"QbftBesuControllerBuilder","message":"Imported #100 / 0 tx / 0 pending / 0 (0.0%) gas / (0x81bd82ac557f314d2d2dd0ac81831386632aaa45e066667d09461b57e586b118)","throwable":""}
{"timestamp":"2022-12-14T11:52:25,061","container":"87bc799657c8","level":"INFO","thread":"BftProcessorExecutor-QBFT-0","class":"QbftBesuControllerBuilder","message":"Imported #101 / 0 tx / 0 pending / 0 (0.0%) gas / (0x0bf66834243ea11745b4c8a58c398780b38b32d95069cae80e4522428e2090ef)","throwable":""}
{"timestamp":"2022-12-14T11:52:30,082","container":"87bc799657c8","level":"INFO","thread":"EthScheduler-Workers-3","class":"PersistBlockTask","message":"Imported #102 / 0 tx / 0 om / 0 (0.0%) gas / (0xc724d48d864f5fbeca0a910ed2b819de66394a1b79659638a6a9b488345d3219) in 0.006s. Peers: 4","throwable":""}
{"timestamp":"2022-12-14T11:52:30,082","container":"87bc799657c8","level":"INFO","thread":"BftProcessorExecutor-QBFT-0","class":"QbftBesuControllerBuilder","message":"Imported #102 / 0 tx / 0 pending / 0 (0.0%) gas / (0xc724d48d864f5fbeca0a910ed2b819de66394a1b79659638a6a9b488345d3219)","throwable":""}
{"timestamp":"2022-12-14T11:52:35,053","container":"87bc799657c8","level":"INFO","thread":"BftProcessorExecutor-QBFT-0","class":"QbftBesuControllerBuilder","message":"Produced #103 / 0 tx / 0 pending / 0 (0.0%) gas / (0xde4fc3d730ded7ceac46d56cb74d1e67e614f8f783764b7f69b90cd4c101f2ba)","throwable":""}
{"timestamp":"2022-12-14T11:52:40,092","container":"87bc799657c8","level":"INFO","thread":"BftProcessorExecutor-QBFT-0","class":"QbftBesuControllerBuilder","message":"Imported #104 / 0 tx / 0 pending / 0 (0.0%) gas / (0xb99a6bd127dfc62817fd4b91a2b1128995900cf180b1bc71ac2fdfce3ddbd728)","throwable":""}
{"timestamp":"2022-12-14T11:52:45,092","container":"87bc799657c8","level":"INFO","thread":"BftProcessorExecutor-QBFT-0","class":"QbftBesuControllerBuilder","message":"Imported #105 / 0 tx / 0 pending / 0 (0.0%) gas / (0x7b9d2be45b7b15ccb3498c73e2d22d0ba5bc8642e8c098ef493790aea673cd10)","throwable":""}
{"timestamp":"2022-12-14T11:52:50,118","container":"87bc799657c8","level":"INFO","thread":"BftProcessorExecutor-QBFT-0","class":"QbftBesuControllerBuilder","message":"Imported #106 / 0 tx / 1 pending / 0 (0.0%) gas / (0x0af7637f16e4ca25129f37c91eac1b655d56978b939e6f93da1566f924e352df)","throwable":""}
{"timestamp":"2022-12-14T11:52:55,021","container":"87bc799657c8","level":"INFO","thread":"BftProcessorExecutor-QBFT-0","class":"QbftBesuControllerBuilder","message":"Produced #107 / 0 tx / 1 pending / 0 (0.0%) gas / (0xcb9cea76074a6ceb6c77848fcd866b26367fb18477576c14e4628c3f6dc920f9)","throwable":""}
{"timestamp":"2022-12-14T11:53:00,075","container":"87bc799657c8","level":"INFO","thread":"BftProcessorExecutor-QBFT-0","class":"QbftBesuControllerBuilder","message":"Imported #108 / 0 tx / 1 pending / 0 (0.0%) gas / (0x6e494d9423372c1e4e08bd703b41deaf0d1a8740128a84063b0af127d6df57b1)","throwable":""}
{"timestamp":"2022-12-14T11:53:05,084","container":"87bc799657c8","level":"INFO","thread":"BftProcessorExecutor-QBFT-0","class":"QbftBesuControllerBuilder","message":"Imported #109 / 0 tx / 1 pending / 0 (0.0%) gas / (0x13e2aa2c989b9e75201f7e73f7b53d8eb1c3b8e8447b4ea4ebffbb0c86773aef)","throwable":""}
{"timestamp":"2022-12-14T11:53:10,106","container":"87bc799657c8","level":"INFO","thread":"BftProcessorExecutor-QBFT-0","class":"QbftBesuControllerBuilder","message":"Imported #110 / 0 tx / 1 pending / 0 (0.0%) gas / (0x4ec0e67bbd76fc7c521aa65e884a4e29a1cb175d0fb135a1ca92192436df1c09)","throwable":""}
{"timestamp":"2022-12-14T11:53:15,072","container":"87bc799657c8","level":"INFO","thread":"BftProcessorExecutor-QBFT-0","class":"QbftBesuControllerBuilder","message":"Produced #111 / 0 tx / 1 pending / 0 (0.0%) gas / (0xaa80d0f33f0503e38be19b6c080d1a7a0b8a2d20f40f26f80880b7dd5d0bb1fd)","throwable":""}
{"timestamp":"2022-12-14T11:53:20,049","container":"87bc799657c8","level":"INFO","thread":"BftProcessorExecutor-QBFT-0","class":"QbftBesuControllerBuilder","message":"Imported #112 / 0 tx / 1 pending / 0 (0.0%) gas / (0x62374f6d64f40fd4aff8477afca91b0c192a77975112b46769b0075dbad7831f)","throwable":""}
{"timestamp":"2022-12-14T11:53:25,027","container":"87bc799657c8","level":"INFO","thread":"EthScheduler-Workers-0","class":"PersistBlockTask","message":"Imported #113 / 0 tx / 0 om / 0 (0.0%) gas / (0xdcdbb072017ebabd060a1735ff2881fc0d702dda4cac6ae53ef45a5924c11f4d) in 0.004s. Peers: 4","throwable":""}
{"timestamp":"2022-12-14T11:53:25,028","container":"87bc799657c8","level":"INFO","thread":"BftProcessorExecutor-QBFT-0","class":"QbftBesuControllerBuilder","message":"Imported #113 / 0 tx / 1 pending / 0 (0.0%) gas / (0xdcdbb072017ebabd060a1735ff2881fc0d702dda4cac6ae53ef45a5924c11f4d)","throwable":""}
{"timestamp":"2022-12-14T11:53:30,110","container":"87bc799657c8","level":"INFO","thread":"BftProcessorExecutor-QBFT-0","class":"QbftBesuControllerBuilder","message":"Imported #114 / 0 tx / 1 pending / 0 (0.0%) gas / (0xe5a42946f9abbc8cc14421806f83e136d48f33810a0632a363604aa38bd512e1)","throwable":""}
{"timestamp":"2022-12-14T11:53:35,047","container":"87bc799657c8","level":"INFO","thread":"BftProcessorExecutor-QBFT-0","class":"QbftBesuControllerBuilder","message":"Produced #115 / 0 tx / 1 pending / 0 (0.0%) gas / (0xe209c227bae63411f869bfbb19a90e764c8b1a550868d98121bebaebbe12be03)","throwable":""}
{"timestamp":"2022-12-14T11:53:40,081","container":"87bc799657c8","level":"INFO","thread":"BftProcessorExecutor-QBFT-0","class":"QbftBesuControllerBuilder","message":"Imported #116 / 0 tx / 1 pending / 0 (0.0%) gas / (0x4c582bf8083a5baf90c49a87ed80b207c2bd43dbf0a9775bc6afcaa3f20f9e85)","throwable":""}
{"timestamp":"2022-12-14T11:53:45,046","container":"87bc799657c8","level":"INFO","thread":"BftProcessorExecutor-QBFT-0","class":"QbftBesuControllerBuilder","message":"Imported #117 / 0 tx / 1 pending / 0 (0.0%) gas / (0x3d700306de7198ef3fe08c4fcbdefa654d433121ce5458153dd032f38319296e)","throwable":""}
{"timestamp":"2022-12-14T11:53:50,035","container":"87bc799657c8","level":"INFO","thread":"BftProcessorExecutor-QBFT-0","class":"QbftBesuControllerBuilder","message":"Imported #118 / 0 tx / 1 pending / 0 (0.0%) gas / (0x895722a2bee7214d59bbcd078bc87ce74e00d8db8688e38e4d68f72239f75108)","throwable":""}
{"timestamp":"2022-12-14T11:53:55,078","container":"87bc799657c8","level":"INFO","thread":"BftProcessorExecutor-QBFT-0","class":"QbftBesuControllerBuilder","message":"Produced #119 / 0 tx / 1 pending / 0 (0.0%) gas / (0xec8f254b40fc369411ef526c1b293f19a846efe10f08ff797382b35011b5f1f1)","throwable":""}
{"timestamp":"2022-12-14T11:54:00,037","container":"87bc799657c8","level":"INFO","thread":"BftProcessorExecutor-QBFT-0","class":"QbftBesuControllerBuilder","message":"Imported #120 / 0 tx / 1 pending / 0 (0.0%) gas / (0x1faebfc36a0b38a35bd64103724127b002fe91911b13cbaaf6da0b2ba6a677c4)","throwable":""}
{"timestamp":"2022-12-14T11:54:05,045","container":"87bc799657c8","level":"INFO","thread":"BftProcessorExecutor-QBFT-0","class":"QbftBesuControllerBuilder","message":"Imported #121 / 0 tx / 1 pending / 0 (0.0%) gas / (0x043b3371e9e0d58597721972add604223a9c0df6bfd750be674dfbba6efff18c)","throwable":""}
{"timestamp":"2022-12-14T11:54:10,098","container":"87bc799657c8","level":"INFO","thread":"BftProcessorExecutor-QBFT-0","class":"QbftBesuControllerBuilder","message":"Imported #122 / 0 tx / 1 pending / 0 (0.0%) gas / (0x005a06bcc652d8b9bb4d0484fb143841880dd6a851e1e409caa6351967a2614e)","throwable":""}
{"timestamp":"2022-12-14T11:54:15,024","container":"87bc799657c8","level":"INFO","thread":"BftProcessorExecutor-QBFT-0","class":"QbftBesuControllerBuilder","message":"Produced #123 / 0 tx / 1 pending / 0 (0.0%) gas / (0xe33f6de6cc6ae6de184a60f97cfe7dc54ca90fb6326a4186ec62bfd9a28a38cb)","throwable":""}
{"timestamp":"2022-12-14T11:54:20,080","container":"87bc799657c8","level":"INFO","thread":"BftProcessorExecutor-QBFT-0","class":"QbftBesuControllerBuilder","message":"Imported #124 / 0 tx / 1 pending / 0 (0.0%) gas / (0xd4da5b1896b232872b25d041ed375ae52368ae2d1387f635464f9a70fca887b0)","throwable":""}
{"timestamp":"2022-12-14T11:54:25,094","container":"87bc799657c8","level":"INFO","thread":"BftProcessorExecutor-QBFT-0","class":"QbftBesuControllerBuilder","message":"Imported #125 / 0 tx / 1 pending / 0 (0.0%) gas / (0x80c809359df5712397cbe7e1f1c03c655372ea9a3963cebe09b6b51f4e6d3456)","throwable":""}
{"timestamp":"2022-12-14T11:54:30,029","container":"87bc799657c8","level":"INFO","thread":"BftProcessorExecutor-QBFT-0","class":"QbftBesuControllerBuilder","message":"Imported #126 / 0 tx / 1 pending / 0 (0.0%) gas / (0x72fe58c0f18ede529aa80b252f7a5c90eeeb25cabff578e7bb2697d9aa87e094)","throwable":""}
{"timestamp":"2022-12-14T11:54:35,045","container":"87bc799657c8","level":"INFO","thread":"BftProcessorExecutor-QBFT-0","class":"QbftBesuControllerBuilder","message":"Produced #127 / 0 tx / 1 pending / 0 (0.0%) gas / (0x2b011ff7bdb4ea2e02a324761e8e1547eaa8aec288cb758743bc14fe3b97d95a)","throwable":""}
{"timestamp":"2022-12-14T11:54:40,113","container":"87bc799657c8","level":"INFO","thread":"BftProcessorExecutor-QBFT-0","class":"QbftBesuControllerBuilder","message":"Imported #128 / 0 tx / 1 pending / 0 (0.0%) gas / (0x2328d9387e849af404f677645a570a6dc993cf7e0d17a1b73a1e47bdce0df920)","throwable":""}
{"timestamp":"2022-12-14T11:54:45,068","container":"87bc799657c8","level":"INFO","thread":"BftProcessorExecutor-QBFT-0","class":"QbftBesuControllerBuilder","message":"Imported #129 / 0 tx / 1 pending / 0 (0.0%) gas / (0x342f033d2681af188a59228ac0db09707f575a9514a1cf31424b80a1b202e423)","throwable":""}
{"timestamp":"2022-12-14T11:54:45,079","container":"87bc799657c8","level":"INFO","thread":"EthScheduler-Workers-1","class":"PersistBlockTask","message":"Imported #129 / 0 tx / 0 om / 0 (0.0%) gas / (0x342f033d2681af188a59228ac0db09707f575a9514a1cf31424b80a1b202e423) in 0.000s. Peers: 4","throwable":""}
{"timestamp":"2022-12-14T11:54:50,083","container":"87bc799657c8","level":"INFO","thread":"BftProcessorExecutor-QBFT-0","class":"QbftBesuControllerBuilder","message":"Imported #130 / 0 tx / 1 pending / 0 (0.0%) gas / (0xf69bd618688aa90f6bf85b442df62efbf5bd28363b75ac13f8d31ee2770a3e80)","throwable":""}
{"timestamp":"2022-12-14T11:54:55,043","container":"87bc799657c8","level":"INFO","thread":"BftProcessorExecutor-QBFT-0","class":"QbftBesuControllerBuilder","message":"Produced #131 / 0 tx / 1 pending / 0 (0.0%) gas / (0x9104cb7827ff630b530cfec6591cd9ea2efda05069665b67d61aecee06c9e37f)","throwable":""}
{"timestamp":"2022-12-14T11:55:00,094","container":"87bc799657c8","level":"INFO","thread":"EthScheduler-Workers-2","class":"PersistBlockTask","message":"Imported #132 / 0 tx / 0 om / 0 (0.0%) gas / (0x6e9f577ab9148dbe6d571cd4db36c09e75b44ecc43f0e31db41d780d7329da01) in 0.056s. Peers: 4","throwable":""}
{"timestamp":"2022-12-14T11:55:00,095","container":"87bc799657c8","level":"INFO","thread":"BftProcessorExecutor-QBFT-0","class":"QbftBesuControllerBuilder","message":"Imported #132 / 0 tx / 1 pending / 0 (0.0%) gas / (0x6e9f577ab9148dbe6d571cd4db36c09e75b44ecc43f0e31db41d780d7329da01)","throwable":""}
{"timestamp":"2022-12-14T11:55:05,033","container":"87bc799657c8","level":"INFO","thread":"BftProcessorExecutor-QBFT-0","class":"QbftBesuControllerBuilder","message":"Imported #133 / 0 tx / 1 pending / 0 (0.0%) gas / (0x9128c72e5e1d01b2e0944af409372b471ddc8ee1a7265620fcc6c36dd215ff95)","throwable":""}
{"timestamp":"2022-12-14T11:55:10,143","container":"87bc799657c8","level":"INFO","thread":"BftProcessorExecutor-QBFT-0","class":"QbftBesuControllerBuilder","message":"Imported #134 / 0 tx / 1 pending / 0 (0.0%) gas / (0xdf934ba8b7324e070303b311497b32d3a041b2b4d3d116fe9308ea128f4785e2)","throwable":""}
{"timestamp":"2022-12-14T11:55:12,660","container":"87bc799657c8","level":"INFO","thread":"BftProcessorExecutor-QBFT-0","class":"BftProcessor","message":"Shutting down BFT event processor","throwable":""}
{"timestamp":"2022-12-14T11:55:12,685","container":"87bc799657c8","level":"INFO","thread":"BesuCommand-Shutdown-Hook","class":"DefaultSynchronizer","message":"Stopping synchronizer","throwable":""}
{"timestamp":"2022-12-14T11:55:12,705","container":"87bc799657c8","level":"INFO","thread":"BesuCommand-Shutdown-Hook","class":"NetworkRunner","message":"Stopping Network.","throwable":""}
{"timestamp":"2022-12-14T11:55:12,850","container":"87bc799657c8","level":"INFO","thread":"BesuCommand-Shutdown-Hook","class":"EthProtocolManager","message":"Stopping eth Subprotocol.","throwable":""}
{"timestamp":"2022-12-14T11:55:12,998","container":"87bc799657c8","level":"INFO","thread":"BesuCommand-Shutdown-Hook","class":"EthProtocolManager","message":"eth Subprotocol stopped.","throwable":""}
{"timestamp":"2022-12-14T11:55:13,004","container":"87bc799657c8","level":"INFO","thread":"BesuCommand-Shutdown-Hook","class":"NetworkRunner","message":"Network stopped.","throwable":""}
{"timestamp":"2022-12-14T11:55:13,042","container":"87bc799657c8","level":"INFO","thread":"BesuCommand-Shutdown-Hook","class":"AutoTransactionLogBloomCachingService","message":"Shutting down Auto transaction logs caching service.","throwable":""}
{"timestamp":"2022-12-14T11:55:13,045","container":"87bc799657c8","level":"INFO","thread":"BesuCommand-Shutdown-Hook","class":"NatService","message":"No NAT environment detected so no service could be stopped","throwable":""}
