{"timestamp":"2022-12-14T11:43:48,115","container":"8dabfc566403","level":"INFO","thread":"main","class":"Besu","message":"Using the Java implementation of alt bn128","throwable":""}
{"timestamp":"2022-12-14T11:43:48,128","container":"8dabfc566403","level":"INFO","thread":"main","class":"Besu","message":"Using the native implementation of the signature algorithm","throwable":""}
{"timestamp":"2022-12-14T11:43:48,141","container":"8dabfc566403","level":"INFO","thread":"main","class":"Besu","message":"Starting Besu version: besu/v22.7.1/linux-aarch_64/openjdk-java-11","throwable":""}
{"timestamp":"2022-12-14T11:43:48,641","container":"8dabfc566403","level":"WARN","thread":"main","class":"Besu","message":"--min-gas-price has been ignored because --miner-enabled was not defined on the command line.","throwable":""}
{"timestamp":"2022-12-14T11:43:49,273","container":"8dabfc566403","level":"INFO","thread":"main","class":"Besu","message":"Static Nodes file = /config/static-nodes.json","throwable":""}
{"timestamp":"2022-12-14T11:43:49,365","container":"8dabfc566403","level":"INFO","thread":"main","class":"Besu","message":"Connecting to 8 static nodes.","throwable":""}
{"timestamp":"2022-12-14T11:43:49,407","container":"8dabfc566403","level":"INFO","thread":"main","class":"Besu","message":"Security Module: localfile","throwable":""}
{"timestamp":"2022-12-14T11:43:49,419","container":"8dabfc566403","level":"INFO","thread":"main","class":"RocksDBKeyValueStorageFactory","message":"No existing database detected at /opt/besu/data. Using version 1","throwable":""}
{"timestamp":"2022-12-14T11:43:50,284","container":"8dabfc566403","level":"INFO","thread":"main","class":"KeyPairUtil","message":"Loaded public key 0xb9050e002aa42464e6b07c811a1f9dfec01249af03f67b753e8415420649b184447bb2a784863ccbf327ad9e31aaba803464979dfe6a7facc669151a5fa6ad1b from /opt/besu/keys/nodekey","throwable":""}
{"timestamp":"2022-12-14T11:43:50,331","container":"8dabfc566403","level":"WARN","thread":"main","class":"Besu","message":"Privacy is disabled. Cannot use EEA/PRIV API methods when not using Privacy.","throwable":""}
{"timestamp":"2022-12-14T11:43:50,779","container":"8dabfc566403","level":"INFO","thread":"main","class":"AbstractAltBnPrecompiledContract","message":"Native alt bn128 not available","throwable":""}
{"timestamp":"2022-12-14T11:43:50,794","container":"8dabfc566403","level":"INFO","thread":"main","class":"AbstractAltBnPrecompiledContract","message":"Native alt bn128 not available","throwable":""}
{"timestamp":"2022-12-14T11:43:50,797","container":"8dabfc566403","level":"INFO","thread":"main","class":"AbstractAltBnPrecompiledContract","message":"Native alt bn128 not available","throwable":""}
{"timestamp":"2022-12-14T11:43:50,893","container":"8dabfc566403","level":"INFO","thread":"main","class":"ProtocolScheduleBuilder","message":"Protocol schedule created with milestones: [Petersburg: 0]","throwable":""}
{"timestamp":"2022-12-14T11:43:51,267","container":"8dabfc566403","level":"INFO","thread":"main","class":"BesuControllerBuilder","message":"TTD difficulty is not present, creating initial sync phase for PoW","throwable":""}
{"timestamp":"2022-12-14T11:43:51,437","container":"8dabfc566403","level":"INFO","thread":"main","class":"RunnerBuilder","message":"Detecting NAT service.","throwable":""}
{"timestamp":"2022-12-14T11:43:53,513","container":"8dabfc566403","level":"INFO","thread":"main","class":"Runner","message":"Starting external services ... ","throwable":""}
{"timestamp":"2022-12-14T11:43:53,519","container":"8dabfc566403","level":"INFO","thread":"main","class":"MetricsHttpService","message":"Starting metrics http service on 0.0.0.0:9545","throwable":""}
{"timestamp":"2022-12-14T11:43:53,730","container":"8dabfc566403","level":"INFO","thread":"vert.x-eventloop-thread-1","class":"MetricsHttpService","message":"Metrics service started and listening on 0.0.0.0:9545","throwable":""}
{"timestamp":"2022-12-14T11:43:53,730","container":"8dabfc566403","level":"INFO","thread":"main","class":"JsonRpcHttpService","message":"Starting JSON-RPC service on 0.0.0.0:8545","throwable":""}
{"timestamp":"2022-12-14T11:43:53,770","container":"8dabfc566403","level":"INFO","thread":"vert.x-eventloop-thread-1","class":"JsonRpcHttpService","message":"JSON-RPC service started and listening on 0.0.0.0:8545","throwable":""}
{"timestamp":"2022-12-14T11:43:53,773","container":"8dabfc566403","level":"INFO","thread":"main","class":"GraphQLHttpService","message":"Starting GraphQL HTTP service on 0.0.0.0:8547","throwable":""}
{"timestamp":"2022-12-14T11:43:53,784","container":"8dabfc566403","level":"INFO","thread":"vert.x-eventloop-thread-1","class":"GraphQLHttpService","message":"GraphQL HTTP service started and listening on 0.0.0.0:8547","throwable":""}
{"timestamp":"2022-12-14T11:43:53,784","container":"8dabfc566403","level":"INFO","thread":"main","class":"WebSocketService","message":"Starting Websocket service on 0.0.0.0:8546","throwable":""}
{"timestamp":"2022-12-14T11:43:53,788","container":"8dabfc566403","level":"INFO","thread":"vert.x-eventloop-thread-1","class":"WebSocketService","message":"Websocket service started and listening on 0.0.0.0:8546","throwable":""}
{"timestamp":"2022-12-14T11:43:53,791","container":"8dabfc566403","level":"INFO","thread":"main","class":"AutoTransactionLogBloomCachingService","message":"Starting auto transaction log bloom caching service.","throwable":""}
{"timestamp":"2022-12-14T11:43:53,793","container":"8dabfc566403","level":"INFO","thread":"main","class":"LogBloomCacheMetadata","message":"Lookup cache metadata file in data directory: /opt/besu/data/caches","throwable":""}
{"timestamp":"2022-12-14T11:43:53,812","container":"8dabfc566403","level":"INFO","thread":"main","class":"Runner","message":"Starting Ethereum main loop ... ","throwable":""}
{"timestamp":"2022-12-14T11:43:53,814","container":"8dabfc566403","level":"INFO","thread":"main","class":"NatService","message":"No NAT environment detected so no service could be started","throwable":""}
{"timestamp":"2022-12-14T11:43:53,815","container":"8dabfc566403","level":"INFO","thread":"main","class":"NetworkRunner","message":"Starting Network.","throwable":""}
{"timestamp":"2022-12-14T11:43:53,885","container":"8dabfc566403","level":"INFO","thread":"nioEventLoopGroup-2-1","class":"RlpxAgent","message":"P2P RLPx agent started and listening on /0.0.0.0:30303.","throwable":""}
{"timestamp":"2022-12-14T11:43:53,893","container":"8dabfc566403","level":"INFO","thread":"main","class":"PeerDiscoveryAgent","message":"Starting peer discovery agent on host=0.0.0.0, port=30303","throwable":""}
{"timestamp":"2022-12-14T11:43:54,028","container":"8dabfc566403","level":"INFO","thread":"vert.x-eventloop-thread-1","class":"VertxPeerDiscoveryAgent","message":"Started peer discovery agent successfully, on effective host=0.0.0.0 and port=30303","throwable":""}
{"timestamp":"2022-12-14T11:43:54,031","container":"8dabfc566403","level":"INFO","thread":"vert.x-eventloop-thread-1","class":"PeerDiscoveryAgent","message":"P2P peer discovery agent started and listening on /0.0.0.0:30303","throwable":""}
{"timestamp":"2022-12-14T11:43:54,229","container":"8dabfc566403","level":"INFO","thread":"vert.x-eventloop-thread-1","class":"PeerDiscoveryAgent","message":"Writing node record to disk. NodeRecord{seq=1, publicKey=0x03b9050e002aa42464e6b07c811a1f9dfec01249af03f67b753e8415420649b184, udpAddress=Optional[/172.16.239.12:30303], tcpAddress=Optional[/172.16.239.12:30303], asBase64=-Je4QMbQ1CqdixZXh30ENrDWbrDckLSVpTEobrHJV-o9k2JPEDp_w2vr-KamqrY2dWEtE61Og6mE27tmU8AfuV8iNOgBg2V0aMfGhFuBMk-AgmlkgnY0gmlwhKwQ7wyJc2VjcDI1NmsxoQO5BQ4AKqQkZOawfIEaH53-wBJJrwP2e3U-hBVCBkmxhIN0Y3CCdl-DdWRwgnZf, nodeId=0x27059b2392ab7830b38b2f4d27a97c9aaf04f18f3014c32e036dd0ac76da5f18, customFields={tcp=30303, udp=30303, ip=0xac10ef0c, eth=[[0x5b81324f, 0x]], id=V4, secp256k1=0x03b9050e002aa42464e6b07c811a1f9dfec01249af03f67b753e8415420649b184}}","throwable":""}
{"timestamp":"2022-12-14T11:43:54,398","container":"8dabfc566403","level":"INFO","thread":"main","class":"DefaultP2PNetwork","message":"Enode URL enode://b9050e002aa42464e6b07c811a1f9dfec01249af03f67b753e8415420649b184447bb2a784863ccbf327ad9e31aaba803464979dfe6a7facc669151a5fa6ad1b@172.16.239.12:30303","throwable":""}
{"timestamp":"2022-12-14T11:43:54,400","container":"8dabfc566403","level":"INFO","thread":"main","class":"DefaultP2PNetwork","message":"Node address 0x27a97c9aaf04f18f3014c32e036dd0ac76da5f18","throwable":""}
{"timestamp":"2022-12-14T11:43:54,405","container":"8dabfc566403","level":"INFO","thread":"main","class":"DefaultSynchronizer","message":"Starting synchronizer.","throwable":""}
{"timestamp":"2022-12-14T11:43:54,421","container":"8dabfc566403","level":"INFO","thread":"main","class":"FullSyncDownloader","message":"Starting full sync.","throwable":""}
{"timestamp":"2022-12-14T11:43:54,426","container":"8dabfc566403","level":"INFO","thread":"main","class":"FullSyncTargetManager","message":"No sync target, waiting for peers. Current peers: 0","throwable":""}
{"timestamp":"2022-12-14T11:43:54,577","container":"8dabfc566403","level":"INFO","thread":"main","class":"Runner","message":"Ethereum main loop is up.","throwable":""}
{"timestamp":"2022-12-14T11:43:56,096","container":"8dabfc566403","level":"INFO","thread":"nioEventLoopGroup-3-2","class":"FullSyncTargetManager","message":"No sync target, waiting for peers. Current peers: 5","throwable":""}
{"timestamp":"2022-12-14T11:43:56,747","container":"8dabfc566403","level":"INFO","thread":"nioEventLoopGroup-3-6","class":"FullSyncTargetManager","message":"No sync target, waiting for peers. Current peers: 5","throwable":""}
{"timestamp":"2022-12-14T11:43:56,906","container":"8dabfc566403","level":"INFO","thread":"nioEventLoopGroup-3-9","class":"FullSyncTargetManager","message":"No sync target, waiting for peers. Current peers: 6","throwable":""}
{"timestamp":"2022-12-14T11:44:01,911","container":"8dabfc566403","level":"INFO","thread":"EthScheduler-Timer-0","class":"FullSyncTargetManager","message":"No sync target, waiting for peers. Current peers: 6","throwable":""}
{"timestamp":"2022-12-14T11:44:05,274","container":"8dabfc566403","level":"INFO","thread":"BftProcessorExecutor-QBFT-0","class":"QbftRound","message":"Importing proposed block to chain. round=ConsensusRoundIdentifier{Sequence=1, Round=1}, hash=0xb7464d188feadc4fe90c981f934685671f6b4b6fdf2083af074e2961241ee4d2","throwable":""}
{"timestamp":"2022-12-14T11:44:05,371","container":"8dabfc566403","level":"INFO","thread":"BftProcessorExecutor-QBFT-0","class":"QbftBesuControllerBuilder","message":"Imported #1 / 0 tx / 0 pending / 0 (0.0%) gas / (0xb7464d188feadc4fe90c981f934685671f6b4b6fdf2083af074e2961241ee4d2)","throwable":""}
{"timestamp":"2022-12-14T11:44:06,914","container":"8dabfc566403","level":"INFO","thread":"EthScheduler-Timer-0","class":"FullSyncTargetManager","message":"No sync target, waiting for peers. Current peers: 6","throwable":""}
{"timestamp":"2022-12-14T11:44:10,181","container":"8dabfc566403","level":"INFO","thread":"BftProcessorExecutor-QBFT-0","class":"QbftBesuControllerBuilder","message":"Imported #2 / 0 tx / 0 pending / 0 (0.0%) gas / (0xcd7ec51ef8f494a50d132e917ea634716e2937c0dfacf530a023d8ca791c9a3c)","throwable":""}
{"timestamp":"2022-12-14T11:44:15,187","container":"8dabfc566403","level":"INFO","thread":"BftProcessorExecutor-QBFT-0","class":"QbftBesuControllerBuilder","message":"Imported #3 / 0 tx / 0 pending / 0 (0.0%) gas / (0x4124c6b9091b9bf4405db7144a60a931f3368ce82fd32a99252405b4af8ba983)","throwable":""}
{"timestamp":"2022-12-14T11:44:20,306","container":"8dabfc566403","level":"INFO","thread":"BftProcessorExecutor-QBFT-0","class":"QbftBesuControllerBuilder","message":"Produced #4 / 0 tx / 0 pending / 0 (0.0%) gas / (0x9df81fe815b54725006d198bbc7fa1ab05652b7458a33ad84009d6e1e40d3c67)","throwable":""}
{"timestamp":"2022-12-14T11:44:25,059","container":"8dabfc566403","level":"INFO","thread":"BftProcessorExecutor-QBFT-0","class":"QbftBesuControllerBuilder","message":"Imported #5 / 0 tx / 0 pending / 0 (0.0%) gas / (0xbe4442e919cf7a83d9f08d76bf44598bf4ae6bb74a97c248b0d4f7f59fce7f46)","throwable":""}
{"timestamp":"2022-12-14T11:44:30,080","container":"8dabfc566403","level":"INFO","thread":"BftProcessorExecutor-QBFT-0","class":"QbftBesuControllerBuilder","message":"Imported #6 / 0 tx / 0 pending / 0 (0.0%) gas / (0x5a35f66ab50f3f5d2b4683bf758a522793ccb6975468320a9f1b9e0f5e6225ec)","throwable":""}
{"timestamp":"2022-12-14T11:44:35,436","container":"8dabfc566403","level":"INFO","thread":"EthScheduler-Workers-0","class":"PersistBlockTask","message":"Imported #7 / 1 tx / 0 om / 142,397 (0.9%) gas / (0x53bef5dc075839a05db816b7df5c6614a5bcb6600078d99dc9bbe07fd0e681aa) in 0.064s. Peers: 6","throwable":""}
{"timestamp":"2022-12-14T11:44:35,437","container":"8dabfc566403","level":"INFO","thread":"BftProcessorExecutor-QBFT-0","class":"QbftBesuControllerBuilder","message":"Imported #7 / 1 tx / 0 pending / 142,397 (0.9%) gas / (0x53bef5dc075839a05db816b7df5c6614a5bcb6600078d99dc9bbe07fd0e681aa)","throwable":""}
{"timestamp":"2022-12-14T11:44:40,108","container":"8dabfc566403","level":"INFO","thread":"BftProcessorExecutor-QBFT-0","class":"QbftBesuControllerBuilder","message":"Produced #8 / 1 tx / 0 pending / 2,857,803 (17.6%) gas / (0xda8f08df4339993125b7a753b9b3376d21661d7383a9f1aff444212715d1b788)","throwable":""}
{"timestamp":"2022-12-14T11:44:45,103","container":"8dabfc566403","level":"INFO","thread":"BftProcessorExecutor-QBFT-0","class":"QbftBesuControllerBuilder","message":"Imported #9 / 0 tx / 0 pending / 0 (0.0%) gas / (0x1958c27dd7f2358d9b2192006f982101e30179b83e7a4feaf10c64ddc315eeb1)","throwable":""}
{"timestamp":"2022-12-14T11:44:50,159","container":"8dabfc566403","level":"INFO","thread":"EthScheduler-Workers-3","class":"PersistBlockTask","message":"Imported #10 / 0 tx / 0 om / 0 (0.0%) gas / (0x78eebdd6751f542592532246ed1c84a9fec456ebdea423347f500bfd21a50457) in 0.030s. Peers: 6","throwable":""}
{"timestamp":"2022-12-14T11:44:50,163","container":"8dabfc566403","level":"INFO","thread":"BftProcessorExecutor-QBFT-0","class":"QbftBesuControllerBuilder","message":"Imported #10 / 0 tx / 0 pending / 0 (0.0%) gas / (0x78eebdd6751f542592532246ed1c84a9fec456ebdea423347f500bfd21a50457)","throwable":""}
{"timestamp":"2022-12-14T11:44:55,072","container":"8dabfc566403","level":"INFO","thread":"BftProcessorExecutor-QBFT-0","class":"QbftBesuControllerBuilder","message":"Imported #11 / 0 tx / 0 pending / 0 (0.0%) gas / (0x33587efac3bfb55f1df99d801639db64b5817db83ebb45f8a4b6f0bf83b81158)","throwable":""}
{"timestamp":"2022-12-14T11:45:00,060","container":"8dabfc566403","level":"INFO","thread":"EthScheduler-Workers-1","class":"PersistBlockTask","message":"Imported #12 / 0 tx / 0 om / 0 (0.0%) gas / (0xa247adc174ba3ccf7d07c694fae2e06544e73af7b7d42cd81531fb178878752c) in 0.016s. Peers: 6","throwable":""}
{"timestamp":"2022-12-14T11:45:00,064","container":"8dabfc566403","level":"INFO","thread":"BftProcessorExecutor-QBFT-0","class":"QbftBesuControllerBuilder","message":"Produced #12 / 0 tx / 0 pending / 0 (0.0%) gas / (0xa247adc174ba3ccf7d07c694fae2e06544e73af7b7d42cd81531fb178878752c)","throwable":""}
{"timestamp":"2022-12-14T11:45:05,078","container":"8dabfc566403","level":"INFO","thread":"BftProcessorExecutor-QBFT-0","class":"QbftBesuControllerBuilder","message":"Imported #13 / 0 tx / 0 pending / 0 (0.0%) gas / (0x6b83faaf9f29aa1224cb0be6684400c782e6989f1d4eb1ef45d3c7d1a998fdb0)","throwable":""}
{"timestamp":"2022-12-14T11:45:05,079","container":"8dabfc566403","level":"INFO","thread":"EthScheduler-Workers-2","class":"PersistBlockTask","message":"Imported #13 / 0 tx / 0 om / 0 (0.0%) gas / (0x6b83faaf9f29aa1224cb0be6684400c782e6989f1d4eb1ef45d3c7d1a998fdb0) in 0.019s. Peers: 6","throwable":""}
{"timestamp":"2022-12-14T11:45:10,029","container":"8dabfc566403","level":"INFO","thread":"BftProcessorExecutor-QBFT-0","class":"QbftBesuControllerBuilder","message":"Imported #14 / 0 tx / 0 pending / 0 (0.0%) gas / (0x5ed087acffed502913215096724804afc257d3289dda2a72dc645ada9d2ba3c5)","throwable":""}
{"timestamp":"2022-12-14T11:45:15,047","container":"8dabfc566403","level":"INFO","thread":"EthScheduler-Workers-0","class":"PersistBlockTask","message":"Imported #15 / 0 tx / 0 om / 0 (0.0%) gas / (0xeb4b3021e51c4ac16dcfc648846183c97f699803163c42b16ba4c0de7d279187) in 0.005s. Peers: 6","throwable":""}
{"timestamp":"2022-12-14T11:45:20,071","container":"8dabfc566403","level":"INFO","thread":"EthScheduler-Workers-3","class":"PersistBlockTask","message":"Imported #16 / 0 tx / 0 om / 0 (0.0%) gas / (0x64769c23911005b0368a83ab51385a61f3fe1397eee805eed0196debf7acbc07) in 0.005s. Peers: 6","throwable":""}
{"timestamp":"2022-12-14T11:45:20,073","container":"8dabfc566403","level":"INFO","thread":"BftProcessorExecutor-QBFT-0","class":"QbftBesuControllerBuilder","message":"Produced #16 / 0 tx / 0 pending / 0 (0.0%) gas / (0x64769c23911005b0368a83ab51385a61f3fe1397eee805eed0196debf7acbc07)","throwable":""}
{"timestamp":"2022-12-14T11:45:25,052","container":"8dabfc566403","level":"INFO","thread":"BftProcessorExecutor-QBFT-0","class":"QbftBesuControllerBuilder","message":"Imported #17 / 0 tx / 0 pending / 0 (0.0%) gas / (0x09d378ebd4ef2c731bc87a2b4f70501a9958adc21f6e5e2d689bfaa00f0c4b85)","throwable":""}
{"timestamp":"2022-12-14T11:45:30,014","container":"8dabfc566403","level":"INFO","thread":"BftProcessorExecutor-QBFT-0","class":"QbftBesuControllerBuilder","message":"Imported #18 / 0 tx / 0 pending / 0 (0.0%) gas / (0x81e409c2fcd286bcccf7233bc2ee2a754da113db66b7669cae87b12305657120)","throwable":""}
{"timestamp":"2022-12-14T11:45:35,065","container":"8dabfc566403","level":"INFO","thread":"EthScheduler-Workers-1","class":"PersistBlockTask","message":"Imported #19 / 0 tx / 0 om / 0 (0.0%) gas / (0xa3f98747203061128ca4222a4749fb119fe5e92960b96741f24a19caecaa2df2) in 0.006s. Peers: 6","throwable":""}
{"timestamp":"2022-12-14T11:45:35,067","container":"8dabfc566403","level":"INFO","thread":"BftProcessorExecutor-QBFT-0","class":"QbftBesuControllerBuilder","message":"Imported #19 / 0 tx / 0 pending / 0 (0.0%) gas / (0xa3f98747203061128ca4222a4749fb119fe5e92960b96741f24a19caecaa2df2)","throwable":""}
{"timestamp":"2022-12-14T11:45:40,058","container":"8dabfc566403","level":"INFO","thread":"BftProcessorExecutor-QBFT-0","class":"QbftBesuControllerBuilder","message":"Produced #20 / 0 tx / 0 pending / 0 (0.0%) gas / (0x573f92e71171812b1844ffcb0a144385c0a47948e7768f3f32dff909144f2b88)","throwable":""}
{"timestamp":"2022-12-14T11:45:45,018","container":"8dabfc566403","level":"INFO","thread":"BftProcessorExecutor-QBFT-0","class":"QbftBesuControllerBuilder","message":"Imported #21 / 0 tx / 0 pending / 0 (0.0%) gas / (0x452325cb4e8d67072cadac963e50f532c860d63e32085d073cd1113fd0d0dfc9)","throwable":""}
{"timestamp":"2022-12-14T11:45:50,052","container":"8dabfc566403","level":"INFO","thread":"BftProcessorExecutor-QBFT-0","class":"QbftBesuControllerBuilder","message":"Imported #22 / 0 tx / 0 pending / 0 (0.0%) gas / (0x4141444378a39c5ad617fc08b0ed9970ad50c8ad339a33274243e7a772774542)","throwable":""}
{"timestamp":"2022-12-14T11:45:50,054","container":"8dabfc566403","level":"INFO","thread":"EthScheduler-Workers-2","class":"PersistBlockTask","message":"Imported #22 / 0 tx / 0 om / 0 (0.0%) gas / (0x4141444378a39c5ad617fc08b0ed9970ad50c8ad339a33274243e7a772774542) in 0.000s. Peers: 6","throwable":""}
{"timestamp":"2022-12-14T11:45:55,066","container":"8dabfc566403","level":"INFO","thread":"EthScheduler-Workers-0","class":"PersistBlockTask","message":"Imported #23 / 0 tx / 0 om / 0 (0.0%) gas / (0x3c3a6e77ed8e28077218b0cccee4e6b729ea83faf1b5432c33978bc6c84d9232) in 0.011s. Peers: 6","throwable":""}
{"timestamp":"2022-12-14T11:45:55,068","container":"8dabfc566403","level":"INFO","thread":"BftProcessorExecutor-QBFT-0","class":"QbftBesuControllerBuilder","message":"Imported #23 / 0 tx / 0 pending / 0 (0.0%) gas / (0x3c3a6e77ed8e28077218b0cccee4e6b729ea83faf1b5432c33978bc6c84d9232)","throwable":""}
{"timestamp":"2022-12-14T11:46:00,108","container":"8dabfc566403","level":"INFO","thread":"EthScheduler-Workers-3","class":"PersistBlockTask","message":"Imported #24 / 0 tx / 0 om / 0 (0.0%) gas / (0x525745c75aa0d541f59f7d0bf1082176932e080d58642975733dcffe32ba62b1) in 0.014s. Peers: 6","throwable":""}
{"timestamp":"2022-12-14T11:46:05,143","container":"8dabfc566403","level":"INFO","thread":"BftProcessorExecutor-QBFT-0","class":"QbftBesuControllerBuilder","message":"Imported #25 / 0 tx / 0 pending / 0 (0.0%) gas / (0xf30536d2684a1e65ef1406379456de289b9cd7d338cde79ffcbc083ec2080732)","throwable":""}
{"timestamp":"2022-12-14T11:46:10,165","container":"8dabfc566403","level":"INFO","thread":"EthScheduler-Workers-1","class":"PersistBlockTask","message":"Imported #26 / 0 tx / 0 om / 0 (0.0%) gas / (0xec2bb671c549c69c04de21e714f450e7bcb3267ff11feed298a45502778361fd) in 0.037s. Peers: 6","throwable":""}
{"timestamp":"2022-12-14T11:46:15,032","container":"8dabfc566403","level":"INFO","thread":"EthScheduler-Workers-2","class":"PersistBlockTask","message":"Imported #27 / 0 tx / 0 om / 0 (0.0%) gas / (0xb061c3f158c6eb08e0701e7ffdb197eaa1090f1ec18bfbb9b3c57a7e53855dd7) in 0.004s. Peers: 6","throwable":""}
{"timestamp":"2022-12-14T11:46:20,063","container":"8dabfc566403","level":"INFO","thread":"BftProcessorExecutor-QBFT-0","class":"QbftBesuControllerBuilder","message":"Produced #28 / 0 tx / 0 pending / 0 (0.0%) gas / (0xd5c96fb02f1b5274258fedb920926398c0e138c062ad5aac358870ba8bb2c4b3)","throwable":""}
{"timestamp":"2022-12-14T11:46:25,042","container":"8dabfc566403","level":"INFO","thread":"EthScheduler-Workers-0","class":"PersistBlockTask","message":"Imported #29 / 0 tx / 0 om / 0 (0.0%) gas / (0xb6fd2e29b20f8271ef322980e93e4a275c60e4eddcef3c94a26f25cd5f3c57a5) in 0.001s. Peers: 6","throwable":""}
{"timestamp":"2022-12-14T11:46:25,042","container":"8dabfc566403","level":"INFO","thread":"BftProcessorExecutor-QBFT-0","class":"QbftBesuControllerBuilder","message":"Imported #29 / 0 tx / 0 pending / 0 (0.0%) gas / (0xb6fd2e29b20f8271ef322980e93e4a275c60e4eddcef3c94a26f25cd5f3c57a5)","throwable":""}
{"timestamp":"2022-12-14T11:46:30,120","container":"8dabfc566403","level":"INFO","thread":"EthScheduler-Workers-3","class":"PersistBlockTask","message":"Imported #30 / 0 tx / 0 om / 0 (0.0%) gas / (0x4cabd59f3b8102ec8f6e72d1be8e4e6bef1b2ebdbd7e7063664022247c5ee98d) in 0.017s. Peers: 6","throwable":""}
{"timestamp":"2022-12-14T11:46:35,039","container":"8dabfc566403","level":"INFO","thread":"EthScheduler-Workers-1","class":"PersistBlockTask","message":"Imported #31 / 0 tx / 0 om / 0 (0.0%) gas / (0xf25a9d9fe907348123fa8a8c1314d914f64e46dcdb908a8b96ceef7968e6f618) in 0.015s. Peers: 6","throwable":""}
{"timestamp":"2022-12-14T11:46:40,215","container":"8dabfc566403","level":"INFO","thread":"BftProcessorExecutor-QBFT-0","class":"QbftBesuControllerBuilder","message":"Produced #32 / 0 tx / 0 pending / 0 (0.0%) gas / (0x27a2fcc19d4651220b275737c8404c4cf47a14a325edc92587567561468ecb1c)","throwable":""}
{"timestamp":"2022-12-14T11:46:45,052","container":"8dabfc566403","level":"INFO","thread":"EthScheduler-Workers-2","class":"PersistBlockTask","message":"Imported #33 / 0 tx / 0 om / 0 (0.0%) gas / (0xf3fafaae66c6de86126b78fb2e1ca3b436d9ef13e4e1e61da7026c80c44ed036) in 0.008s. Peers: 6","throwable":""}
{"timestamp":"2022-12-14T11:46:50,070","container":"8dabfc566403","level":"INFO","thread":"BftProcessorExecutor-QBFT-0","class":"QbftBesuControllerBuilder","message":"Imported #34 / 0 tx / 0 pending / 0 (0.0%) gas / (0xe629cd934ba3eed07dbac8bead9aded944afdfd68e68bcbb1e342d5c0b6874dd)","throwable":""}
{"timestamp":"2022-12-14T11:46:55,051","container":"8dabfc566403","level":"INFO","thread":"BftProcessorExecutor-QBFT-0","class":"QbftBesuControllerBuilder","message":"Imported #35 / 0 tx / 0 pending / 0 (0.0%) gas / (0x56f59472a0f7c573543c4d37241aa650326d902da7eac45a5272af3308ea1e4e)","throwable":""}
{"timestamp":"2022-12-14T11:47:00,039","container":"8dabfc566403","level":"INFO","thread":"BftProcessorExecutor-QBFT-0","class":"QbftBesuControllerBuilder","message":"Produced #36 / 0 tx / 0 pending / 0 (0.0%) gas / (0x314244349153f322e52f48942dced21b1693a5e30cac8e3bd6d1e1ab22043d2f)","throwable":""}
{"timestamp":"2022-12-14T11:47:05,039","container":"8dabfc566403","level":"INFO","thread":"BftProcessorExecutor-QBFT-0","class":"QbftBesuControllerBuilder","message":"Imported #37 / 0 tx / 0 pending / 0 (0.0%) gas / (0xfc9c0cabaa5ae99eeaa8910d85118147643e60232ce2bcbd32e7876342254b13)","throwable":""}
{"timestamp":"2022-12-14T11:47:10,077","container":"8dabfc566403","level":"INFO","thread":"BftProcessorExecutor-QBFT-0","class":"QbftBesuControllerBuilder","message":"Imported #38 / 0 tx / 0 pending / 0 (0.0%) gas / (0x55caee2c28f3afbe6a5dec60fdf7aca84cf151ecb49a163456aa09bed29f2ac3)","throwable":""}
{"timestamp":"2022-12-14T11:47:15,036","container":"8dabfc566403","level":"INFO","thread":"EthScheduler-Workers-0","class":"PersistBlockTask","message":"Imported #39 / 0 tx / 0 om / 0 (0.0%) gas / (0x67267e3d11d0498803c93e0ba9e1b9d224b206f77de351917a143e0994d06b20) in 0.001s. Peers: 6","throwable":""}
{"timestamp":"2022-12-14T11:47:20,052","container":"8dabfc566403","level":"INFO","thread":"BftProcessorExecutor-QBFT-0","class":"QbftBesuControllerBuilder","message":"Produced #40 / 0 tx / 0 pending / 0 (0.0%) gas / (0x2307dfe33a1957a4753618956f63ee1fb7fb55628c6acd886f82e0e92dd9a6ae)","throwable":""}
{"timestamp":"2022-12-14T11:47:25,049","container":"8dabfc566403","level":"INFO","thread":"BftProcessorExecutor-QBFT-0","class":"QbftBesuControllerBuilder","message":"Imported #41 / 0 tx / 0 pending / 0 (0.0%) gas / (0xffe8053b0c110af9e35d2317be193c2f91966f0b2bda0fc04f711adc7ae4e082)","throwable":""}
{"timestamp":"2022-12-14T11:47:30,023","container":"8dabfc566403","level":"INFO","thread":"BftProcessorExecutor-QBFT-0","class":"QbftBesuControllerBuilder","message":"Imported #42 / 0 tx / 0 pending / 0 (0.0%) gas / (0x91d3a292a7cfefa0c45227521ec0f8e79f4bacf84c525f49edd87b73c4055480)","throwable":""}
{"timestamp":"2022-12-14T11:47:35,049","container":"8dabfc566403","level":"INFO","thread":"BftProcessorExecutor-QBFT-0","class":"QbftBesuControllerBuilder","message":"Imported #43 / 0 tx / 0 pending / 0 (0.0%) gas / (0x62e866eaee38bff881c81ebab0c4c1440083995ad97e836429b775df62176a98)","throwable":""}
{"timestamp":"2022-12-14T11:47:40,053","container":"8dabfc566403","level":"INFO","thread":"BftProcessorExecutor-QBFT-0","class":"QbftBesuControllerBuilder","message":"Produced #44 / 0 tx / 0 pending / 0 (0.0%) gas / (0x0272eaea7f5be725fdfaf984b449540ce382fefdbb75d7c7159336cb39c144c4)","throwable":""}
{"timestamp":"2022-12-14T11:47:45,046","container":"8dabfc566403","level":"INFO","thread":"BftProcessorExecutor-QBFT-0","class":"QbftBesuControllerBuilder","message":"Imported #45 / 0 tx / 0 pending / 0 (0.0%) gas / (0xbbcf01d18cb9847a53e0fd9f8c250cf6f2eed7322b7e78a1cfc5316a59e4612d)","throwable":""}
{"timestamp":"2022-12-14T11:47:50,065","container":"8dabfc566403","level":"INFO","thread":"BftProcessorExecutor-QBFT-0","class":"QbftBesuControllerBuilder","message":"Imported #46 / 0 tx / 0 pending / 0 (0.0%) gas / (0xa6f20b80d350f4c823f134d7b1b7e0f6c35d93665e4abace8f00350b30ffaf00)","throwable":""}
{"timestamp":"2022-12-14T11:47:55,089","container":"8dabfc566403","level":"INFO","thread":"BftProcessorExecutor-QBFT-0","class":"QbftBesuControllerBuilder","message":"Imported #47 / 0 tx / 0 pending / 0 (0.0%) gas / (0xeaf14995a7a8dbb45c08002ef88562c5a4f4585580a12fab300695550edf090d)","throwable":""}
{"timestamp":"2022-12-14T11:48:00,093","container":"8dabfc566403","level":"INFO","thread":"BftProcessorExecutor-QBFT-0","class":"QbftBesuControllerBuilder","message":"Produced #48 / 0 tx / 0 pending / 0 (0.0%) gas / (0x7a0ccf22332b7091446dac3879564ff86a04ac59680fa8429420361217963db4)","throwable":""}
{"timestamp":"2022-12-14T11:48:05,052","container":"8dabfc566403","level":"INFO","thread":"BftProcessorExecutor-QBFT-0","class":"QbftBesuControllerBuilder","message":"Imported #49 / 0 tx / 0 pending / 0 (0.0%) gas / (0xba247ce1629d1aeea53de4be47f613e5f6b10383ce16750600aca88800a9f88e)","throwable":""}
{"timestamp":"2022-12-14T11:48:10,041","container":"8dabfc566403","level":"INFO","thread":"BftProcessorExecutor-QBFT-0","class":"QbftBesuControllerBuilder","message":"Imported #50 / 0 tx / 0 pending / 0 (0.0%) gas / (0xb78d57054f423bf2ee54b92f5a1f2bf2178d11e67c7bb7c6337b98ad2503acbb)","throwable":""}
{"timestamp":"2022-12-14T11:48:15,120","container":"8dabfc566403","level":"INFO","thread":"BftProcessorExecutor-QBFT-0","class":"QbftBesuControllerBuilder","message":"Imported #51 / 0 tx / 0 pending / 0 (0.0%) gas / (0x21ad0d372316380c4877a99d59012e1b71e89570e1c13c2052a6450ab816510c)","throwable":""}
{"timestamp":"2022-12-14T11:48:20,035","container":"8dabfc566403","level":"INFO","thread":"BftProcessorExecutor-QBFT-0","class":"QbftBesuControllerBuilder","message":"Produced #52 / 0 tx / 0 pending / 0 (0.0%) gas / (0xb8fe6ebabcc8e2dd9fb5454bae032bc2a83702fcfb553602866e9b9708acc1f6)","throwable":""}
{"timestamp":"2022-12-14T11:48:25,035","container":"8dabfc566403","level":"INFO","thread":"BftProcessorExecutor-QBFT-0","class":"QbftBesuControllerBuilder","message":"Imported #53 / 0 tx / 0 pending / 0 (0.0%) gas / (0x35dde42e0bc913a642dc4fe630f16ceba985ed35a6292eb5dd94c51cddd22246)","throwable":""}
{"timestamp":"2022-12-14T11:48:30,045","container":"8dabfc566403","level":"INFO","thread":"EthScheduler-Workers-3","class":"PersistBlockTask","message":"Imported #54 / 0 tx / 0 om / 0 (0.0%) gas / (0x8139b97254bc999e0eb6ea01f2f2181f51081ca63e9c55530e084075f4f8eb8c) in 0.012s. Peers: 6","throwable":""}
{"timestamp":"2022-12-14T11:48:35,043","container":"8dabfc566403","level":"INFO","thread":"BftProcessorExecutor-QBFT-0","class":"QbftBesuControllerBuilder","message":"Imported #55 / 0 tx / 0 pending / 0 (0.0%) gas / (0xea68eab9435168de687610f5eac76cbcadbaa0d3eddef0299b5a99014f3fd934)","throwable":""}
{"timestamp":"2022-12-14T11:48:40,058","container":"8dabfc566403","level":"INFO","thread":"BftProcessorExecutor-QBFT-0","class":"QbftBesuControllerBuilder","message":"Produced #56 / 0 tx / 0 pending / 0 (0.0%) gas / (0x0f259cc5248ecf3b9395942855e471a044964ae39196de7a3a497c77f0ffa4f0)","throwable":""}
{"timestamp":"2022-12-14T11:48:45,108","container":"8dabfc566403","level":"INFO","thread":"BftProcessorExecutor-QBFT-0","class":"QbftBesuControllerBuilder","message":"Imported #57 / 0 tx / 0 pending / 0 (0.0%) gas / (0x501edc1151461d7bffe08804500b37f9d111eac6bc50d8792b87c74269b134e4)","throwable":""}
{"timestamp":"2022-12-14T11:48:50,048","container":"8dabfc566403","level":"INFO","thread":"BftProcessorExecutor-QBFT-0","class":"QbftBesuControllerBuilder","message":"Imported #58 / 0 tx / 0 pending / 0 (0.0%) gas / (0x6cd5d768c6e835efbcffb9cd67fb2b42ae504bde181c94a4d3ca026689b3c286)","throwable":""}
{"timestamp":"2022-12-14T11:48:55,046","container":"8dabfc566403","level":"INFO","thread":"BftProcessorExecutor-QBFT-0","class":"QbftBesuControllerBuilder","message":"Imported #59 / 0 tx / 0 pending / 0 (0.0%) gas / (0xeed46aa43e8a643b7498e232bebb630216dbbf7742c20a090cb877062019cf40)","throwable":""}
{"timestamp":"2022-12-14T11:49:00,024","container":"8dabfc566403","level":"INFO","thread":"BftProcessorExecutor-QBFT-0","class":"QbftBesuControllerBuilder","message":"Produced #60 / 0 tx / 0 pending / 0 (0.0%) gas / (0x96c6f7734d65d235cc2ca4b0e0af6e28e882738e24176a479e3e7694533d145e)","throwable":""}
{"timestamp":"2022-12-14T11:49:05,071","container":"8dabfc566403","level":"INFO","thread":"BftProcessorExecutor-QBFT-0","class":"QbftBesuControllerBuilder","message":"Imported #61 / 0 tx / 0 pending / 0 (0.0%) gas / (0x09e7f4705b1f29bbb5027c1349b6e19e6e6d8d5e2457dae541cec8762c92eff3)","throwable":""}
{"timestamp":"2022-12-14T11:49:10,042","container":"8dabfc566403","level":"INFO","thread":"EthScheduler-Workers-1","class":"PersistBlockTask","message":"Imported #62 / 0 tx / 0 om / 0 (0.0%) gas / (0xdd9c392f9031fc7dee94e29e37b6964ee34b3542ec8e1166416213118f7dd882) in 0.011s. Peers: 6","throwable":""}
{"timestamp":"2022-12-14T11:49:15,049","container":"8dabfc566403","level":"INFO","thread":"EthScheduler-Workers-2","class":"PersistBlockTask","message":"Imported #63 / 0 tx / 0 om / 0 (0.0%) gas / (0x533dc13cb3774f3933eb4ee2b047f303675c317b18bdbe1e2c96d0801a300e36) in 0.002s. Peers: 6","throwable":""}
{"timestamp":"2022-12-14T11:49:15,055","container":"8dabfc566403","level":"INFO","thread":"BftProcessorExecutor-QBFT-0","class":"QbftBesuControllerBuilder","message":"Imported #63 / 0 tx / 0 pending / 0 (0.0%) gas / (0x533dc13cb3774f3933eb4ee2b047f303675c317b18bdbe1e2c96d0801a300e36)","throwable":""}
{"timestamp":"2022-12-14T11:49:20,071","container":"8dabfc566403","level":"INFO","thread":"BftProcessorExecutor-QBFT-0","class":"QbftBesuControllerBuilder","message":"Produced #64 / 0 tx / 0 pending / 0 (0.0%) gas / (0x46466549e629b8ecc34a8046ba8469e5fe521a80cbcf247e6c7f0be01a99bcb0)","throwable":""}
{"timestamp":"2022-12-14T11:49:25,057","container":"8dabfc566403","level":"INFO","thread":"BftProcessorExecutor-QBFT-0","class":"QbftBesuControllerBuilder","message":"Imported #65 / 0 tx / 0 pending / 0 (0.0%) gas / (0x9366aad0069dfcc896d02cdbd8d4fdd9d137b6c1fc7b08210d0cd0c28b484725)","throwable":""}
{"timestamp":"2022-12-14T11:49:30,030","container":"8dabfc566403","level":"INFO","thread":"BftProcessorExecutor-QBFT-0","class":"QbftBesuControllerBuilder","message":"Imported #66 / 0 tx / 0 pending / 0 (0.0%) gas / (0x4ade855806648c058d0e7fa587f0b24cb8ba4100615e4a015b5fbe38d5c62e49)","throwable":""}
{"timestamp":"2022-12-14T11:49:35,062","container":"8dabfc566403","level":"INFO","thread":"BftProcessorExecutor-QBFT-0","class":"QbftBesuControllerBuilder","message":"Imported #67 / 0 tx / 0 pending / 0 (0.0%) gas / (0x6d93c4f86535f4972a3dc531153b042518b8bdb2fc7404058242a25977c9d9e4)","throwable":""}
{"timestamp":"2022-12-14T11:49:40,049","container":"8dabfc566403","level":"INFO","thread":"EthScheduler-Workers-0","class":"PersistBlockTask","message":"Imported #68 / 0 tx / 0 om / 0 (0.0%) gas / (0x0dcac0b71fa612c8bb29edf86095fb9ff60f5c5220751d2e55231e61a1d515e4) in 0.007s. Peers: 6","throwable":""}
{"timestamp":"2022-12-14T11:49:45,085","container":"8dabfc566403","level":"INFO","thread":"BftProcessorExecutor-QBFT-0","class":"QbftBesuControllerBuilder","message":"Imported #69 / 0 tx / 0 pending / 0 (0.0%) gas / (0x7b5bc5eb171a12f6597183e758f2792e20205a7b9e84af05fbcc081712192518)","throwable":""}
{"timestamp":"2022-12-14T11:49:50,057","container":"8dabfc566403","level":"INFO","thread":"BftProcessorExecutor-QBFT-0","class":"QbftBesuControllerBuilder","message":"Imported #70 / 0 tx / 0 pending / 0 (0.0%) gas / (0x8d3be4b63fcd362b2761684f592afafbedc6c93b432232d7eec8dbb079cde935)","throwable":""}
{"timestamp":"2022-12-14T11:49:50,057","container":"8dabfc566403","level":"INFO","thread":"EthScheduler-Workers-3","class":"PersistBlockTask","message":"Imported #70 / 0 tx / 0 om / 0 (0.0%) gas / (0x8d3be4b63fcd362b2761684f592afafbedc6c93b432232d7eec8dbb079cde935) in 0.003s. Peers: 6","throwable":""}
{"timestamp":"2022-12-14T11:49:55,055","container":"8dabfc566403","level":"INFO","thread":"BftProcessorExecutor-QBFT-0","class":"QbftBesuControllerBuilder","message":"Imported #71 / 0 tx / 0 pending / 0 (0.0%) gas / (0x2425885a177e5c9a9c18f788340ca449f67aa74e6a989f72b4fa71b98f8cad91)","throwable":""}
{"timestamp":"2022-12-14T11:50:00,079","container":"8dabfc566403","level":"INFO","thread":"EthScheduler-Workers-1","class":"PersistBlockTask","message":"Imported #72 / 0 tx / 0 om / 0 (0.0%) gas / (0xf4a416a510d6e442185c6f99f29c4ee6ad54a59a5e16c13d83b6081394eb13cf) in 0.009s. Peers: 6","throwable":""}
{"timestamp":"2022-12-14T11:50:00,080","container":"8dabfc566403","level":"INFO","thread":"BftProcessorExecutor-QBFT-0","class":"QbftBesuControllerBuilder","message":"Produced #72 / 0 tx / 0 pending / 0 (0.0%) gas / (0xf4a416a510d6e442185c6f99f29c4ee6ad54a59a5e16c13d83b6081394eb13cf)","throwable":""}
{"timestamp":"2022-12-14T11:50:05,085","container":"8dabfc566403","level":"INFO","thread":"BftProcessorExecutor-QBFT-0","class":"QbftBesuControllerBuilder","message":"Imported #73 / 0 tx / 0 pending / 0 (0.0%) gas / (0x3f360b1c65fe43e6013a8b3ba8a9efe84c8690112905cf927c50b1f4610bdd71)","throwable":""}
{"timestamp":"2022-12-14T11:50:10,162","container":"8dabfc566403","level":"INFO","thread":"BftProcessorExecutor-QBFT-0","class":"QbftBesuControllerBuilder","message":"Imported #74 / 0 tx / 0 pending / 0 (0.0%) gas / (0x533f1fd3c603e5625292489023a531a537cf742c7e2dcfde9aa437ddf60645d1)","throwable":""}
{"timestamp":"2022-12-14T11:50:15,038","container":"8dabfc566403","level":"INFO","thread":"BftProcessorExecutor-QBFT-0","class":"QbftBesuControllerBuilder","message":"Imported #75 / 0 tx / 0 pending / 0 (0.0%) gas / (0x3676c5dd4ddafb816108cf4557b186b81c7f54c1c84b9b52da5888fae3fce35b)","throwable":""}
{"timestamp":"2022-12-14T11:50:20,038","container":"8dabfc566403","level":"INFO","thread":"BftProcessorExecutor-QBFT-0","class":"QbftBesuControllerBuilder","message":"Produced #76 / 0 tx / 0 pending / 0 (0.0%) gas / (0x83989c420c6c2b38795392f47be5c058e0263c2f753a1ce019b2dc8adc4a6054)","throwable":""}
{"timestamp":"2022-12-14T11:50:25,043","container":"8dabfc566403","level":"INFO","thread":"BftProcessorExecutor-QBFT-0","class":"QbftBesuControllerBuilder","message":"Imported #77 / 0 tx / 0 pending / 0 (0.0%) gas / (0xb3d6cb61dac66e8f3abc75648d5360c278e7a7bc95c1d5282770a1c5f8efc62f)","throwable":""}
{"timestamp":"2022-12-14T11:50:30,027","container":"8dabfc566403","level":"INFO","thread":"BftProcessorExecutor-QBFT-0","class":"QbftBesuControllerBuilder","message":"Imported #78 / 0 tx / 0 pending / 0 (0.0%) gas / (0xf45811ccf741bc5b323903e78cff344cf7615baac3453383b59b255c686f6705)","throwable":""}
{"timestamp":"2022-12-14T11:50:30,028","container":"8dabfc566403","level":"INFO","thread":"EthScheduler-Workers-2","class":"PersistBlockTask","message":"Imported #78 / 0 tx / 0 om / 0 (0.0%) gas / (0xf45811ccf741bc5b323903e78cff344cf7615baac3453383b59b255c686f6705) in 0.003s. Peers: 6","throwable":""}
{"timestamp":"2022-12-14T11:50:35,043","container":"8dabfc566403","level":"INFO","thread":"BftProcessorExecutor-QBFT-0","class":"QbftBesuControllerBuilder","message":"Imported #79 / 0 tx / 0 pending / 0 (0.0%) gas / (0x1557008880ec73980602fedd55e352c156140e65efb7901b4449e5b647980264)","throwable":""}
{"timestamp":"2022-12-14T11:50:40,081","container":"8dabfc566403","level":"INFO","thread":"BftProcessorExecutor-QBFT-0","class":"QbftBesuControllerBuilder","message":"Produced #80 / 0 tx / 0 pending / 0 (0.0%) gas / (0x4054c4ab176c3d7977dba3befbca0494c7198296373e0e341b854d251cc370a4)","throwable":""}
{"timestamp":"2022-12-14T11:50:45,036","container":"8dabfc566403","level":"INFO","thread":"BftProcessorExecutor-QBFT-0","class":"QbftBesuControllerBuilder","message":"Imported #81 / 0 tx / 0 pending / 0 (0.0%) gas / (0xc2f2305ad467ff81b81776b37a6d196bfe45f93710e6e3b1908bc03c68ae04f5)","throwable":""}
{"timestamp":"2022-12-14T11:50:50,068","container":"8dabfc566403","level":"INFO","thread":"BftProcessorExecutor-QBFT-0","class":"QbftBesuControllerBuilder","message":"Imported #82 / 0 tx / 0 pending / 0 (0.0%) gas / (0x6e3584fb2d36d80554bf74aa19f1c60c80966736a2c3a7b504cdd2b1820f1aaf)","throwable":""}
{"timestamp":"2022-12-14T11:50:50,074","container":"8dabfc566403","level":"INFO","thread":"EthScheduler-Workers-0","class":"PersistBlockTask","message":"Imported #82 / 0 tx / 0 om / 0 (0.0%) gas / (0x6e3584fb2d36d80554bf74aa19f1c60c80966736a2c3a7b504cdd2b1820f1aaf) in 0.000s. Peers: 6","throwable":""}
{"timestamp":"2022-12-14T11:50:55,034","container":"8dabfc566403","level":"INFO","thread":"BftProcessorExecutor-QBFT-0","class":"QbftBesuControllerBuilder","message":"Imported #83 / 0 tx / 0 pending / 0 (0.0%) gas / (0x9fa3529c851721895bdb5de64972aa29ab49875a8aaf53a208b4a7efc24b0041)","throwable":""}
{"timestamp":"2022-12-14T11:51:00,099","container":"8dabfc566403","level":"INFO","thread":"EthScheduler-Workers-3","class":"PersistBlockTask","message":"Imported #84 / 0 tx / 0 om / 0 (0.0%) gas / (0xfb39f5407d99d08a29d57cc3a910d5454efbefdd0131addd56f9b901b6059a68) in 0.015s. Peers: 6","throwable":""}
{"timestamp":"2022-12-14T11:51:00,101","container":"8dabfc566403","level":"INFO","thread":"BftProcessorExecutor-QBFT-0","class":"QbftBesuControllerBuilder","message":"Produced #84 / 0 tx / 0 pending / 0 (0.0%) gas / (0xfb39f5407d99d08a29d57cc3a910d5454efbefdd0131addd56f9b901b6059a68)","throwable":""}
{"timestamp":"2022-12-14T11:51:05,072","container":"8dabfc566403","level":"INFO","thread":"BftProcessorExecutor-QBFT-0","class":"QbftBesuControllerBuilder","message":"Imported #85 / 0 tx / 0 pending / 0 (0.0%) gas / (0x1b4290d5935214ee607504727313db02762ede5e7d19758360d10a0b2040f3c3)","throwable":""}
{"timestamp":"2022-12-14T11:51:10,069","container":"8dabfc566403","level":"INFO","thread":"BftProcessorExecutor-QBFT-0","class":"QbftBesuControllerBuilder","message":"Imported #86 / 0 tx / 0 pending / 0 (0.0%) gas / (0xcd3c3276c622d269eeb590d572f9bbd71cf03c8d868bf3a65f65e48f52b96cac)","throwable":""}
{"timestamp":"2022-12-14T11:51:15,033","container":"8dabfc566403","level":"INFO","thread":"EthScheduler-Workers-1","class":"PersistBlockTask","message":"Imported #87 / 0 tx / 0 om / 0 (0.0%) gas / (0x0da1b2d19b374cf811af6a797f5d05f9ef6c82763876c8912c96d0c7ba7f7362) in 0.007s. Peers: 6","throwable":""}
{"timestamp":"2022-12-14T11:51:20,046","container":"8dabfc566403","level":"INFO","thread":"BftProcessorExecutor-QBFT-0","class":"QbftBesuControllerBuilder","message":"Produced #88 / 0 tx / 0 pending / 0 (0.0%) gas / (0x82caa0919d16132dee83680f999e87ebddcde85e9370994b95472b39b96544f9)","throwable":""}
{"timestamp":"2022-12-14T11:51:25,019","container":"8dabfc566403","level":"INFO","thread":"EthScheduler-Workers-2","class":"PersistBlockTask","message":"Imported #89 / 0 tx / 0 om / 0 (0.0%) gas / (0xbb9df8527ece020020f93d64ff39d45e6fb981187aa60507c1b52d06f3e64bcc) in 0.002s. Peers: 6","throwable":""}
{"timestamp":"2022-12-14T11:51:25,019","container":"8dabfc566403","level":"INFO","thread":"BftProcessorExecutor-QBFT-0","class":"QbftBesuControllerBuilder","message":"Imported #89 / 0 tx / 0 pending / 0 (0.0%) gas / (0xbb9df8527ece020020f93d64ff39d45e6fb981187aa60507c1b52d06f3e64bcc)","throwable":""}
{"timestamp":"2022-12-14T11:51:30,026","container":"8dabfc566403","level":"INFO","thread":"BftProcessorExecutor-QBFT-0","class":"QbftBesuControllerBuilder","message":"Imported #90 / 0 tx / 0 pending / 0 (0.0%) gas / (0x7e3e34bef47cd97ba3cae85c1fd84f264b78c9238b8366ce4dc6ccc9b2d1a8e9)","throwable":""}
{"timestamp":"2022-12-14T11:51:35,040","container":"8dabfc566403","level":"INFO","thread":"BftProcessorExecutor-QBFT-0","class":"QbftBesuControllerBuilder","message":"Imported #91 / 0 tx / 0 pending / 0 (0.0%) gas / (0x677305cae9ec18dedd1b04d11fe4864aef1a1b44960cbc49133c4231b1ee593d)","throwable":""}
{"timestamp":"2022-12-14T11:51:40,099","container":"8dabfc566403","level":"INFO","thread":"BftProcessorExecutor-QBFT-0","class":"QbftBesuControllerBuilder","message":"Produced #92 / 0 tx / 0 pending / 0 (0.0%) gas / (0xb406a34d36f6b244f6e3183b1f42808f71a93c62badc56cd1b78a36e3ae97e05)","throwable":""}
{"timestamp":"2022-12-14T11:51:45,042","container":"8dabfc566403","level":"INFO","thread":"BftProcessorExecutor-QBFT-0","class":"QbftBesuControllerBuilder","message":"Imported #93 / 0 tx / 0 pending / 0 (0.0%) gas / (0x7862af15198a19bc8c7344acf4df03a3d440a44faf252be549f4f3a190c5ac22)","throwable":""}
{"timestamp":"2022-12-14T11:51:50,092","container":"8dabfc566403","level":"INFO","thread":"BftProcessorExecutor-QBFT-0","class":"QbftBesuControllerBuilder","message":"Imported #94 / 0 tx / 0 pending / 0 (0.0%) gas / (0xbdec4aad50db03274c508e25ed1edc0e6f249e91fcf4768a051eb25e97786a3f)","throwable":""}
{"timestamp":"2022-12-14T11:51:55,023","container":"8dabfc566403","level":"INFO","thread":"BftProcessorExecutor-QBFT-0","class":"QbftBesuControllerBuilder","message":"Imported #95 / 0 tx / 0 pending / 0 (0.0%) gas / (0x8c732d442a30a5af9cd4fae2130aaba599e4679b21b24469a7be76df38e08e16)","throwable":""}
{"timestamp":"2022-12-14T11:52:00,033","container":"8dabfc566403","level":"INFO","thread":"BftProcessorExecutor-QBFT-0","class":"QbftBesuControllerBuilder","message":"Produced #96 / 0 tx / 0 pending / 0 (0.0%) gas / (0xb2c8ea6f211437d0d7fac6acf950ce39edd856b28522a60db3bd3d05d4350273)","throwable":""}
{"timestamp":"2022-12-14T11:52:05,045","container":"8dabfc566403","level":"INFO","thread":"BftProcessorExecutor-QBFT-0","class":"QbftBesuControllerBuilder","message":"Imported #97 / 0 tx / 0 pending / 0 (0.0%) gas / (0x3419ea2914c521cf5fa7cfddd4f418d74a7e5a4fa1fabb4dc51f70ab0bc2614b)","throwable":""}
{"timestamp":"2022-12-14T11:52:10,076","container":"8dabfc566403","level":"INFO","thread":"BftProcessorExecutor-QBFT-0","class":"QbftBesuControllerBuilder","message":"Imported #98 / 0 tx / 0 pending / 0 (0.0%) gas / (0x8c015ec0fdcb2105f2bca105942049c854647735dcddea6cd3f66008574af43a)","throwable":""}
{"timestamp":"2022-12-14T11:52:15,065","container":"8dabfc566403","level":"INFO","thread":"BftProcessorExecutor-QBFT-0","class":"QbftBesuControllerBuilder","message":"Imported #99 / 0 tx / 0 pending / 0 (0.0%) gas / (0x368fa9281d90fee7b0f96e6ae7added4b68f002dd2fcafc509bbeb4d80b15c8c)","throwable":""}
{"timestamp":"2022-12-14T11:52:20,072","container":"8dabfc566403","level":"INFO","thread":"BftProcessorExecutor-QBFT-0","class":"QbftBesuControllerBuilder","message":"Produced #100 / 0 tx / 0 pending / 0 (0.0%) gas / (0x81bd82ac557f314d2d2dd0ac81831386632aaa45e066667d09461b57e586b118)","throwable":""}
{"timestamp":"2022-12-14T11:52:25,057","container":"8dabfc566403","level":"INFO","thread":"BftProcessorExecutor-QBFT-0","class":"QbftBesuControllerBuilder","message":"Imported #101 / 0 tx / 0 pending / 0 (0.0%) gas / (0x0bf66834243ea11745b4c8a58c398780b38b32d95069cae80e4522428e2090ef)","throwable":""}
{"timestamp":"2022-12-14T11:52:30,074","container":"8dabfc566403","level":"INFO","thread":"BftProcessorExecutor-QBFT-0","class":"QbftBesuControllerBuilder","message":"Imported #102 / 0 tx / 0 pending / 0 (0.0%) gas / (0xc724d48d864f5fbeca0a910ed2b819de66394a1b79659638a6a9b488345d3219)","throwable":""}
{"timestamp":"2022-12-14T11:52:35,050","container":"8dabfc566403","level":"INFO","thread":"BftProcessorExecutor-QBFT-0","class":"QbftBesuControllerBuilder","message":"Imported #103 / 0 tx / 0 pending / 0 (0.0%) gas / (0xde4fc3d730ded7ceac46d56cb74d1e67e614f8f783764b7f69b90cd4c101f2ba)","throwable":""}
{"timestamp":"2022-12-14T11:52:40,098","container":"8dabfc566403","level":"INFO","thread":"BftProcessorExecutor-QBFT-0","class":"QbftBesuControllerBuilder","message":"Produced #104 / 0 tx / 0 pending / 0 (0.0%) gas / (0xb99a6bd127dfc62817fd4b91a2b1128995900cf180b1bc71ac2fdfce3ddbd728)","throwable":""}
{"timestamp":"2022-12-14T11:52:45,085","container":"8dabfc566403","level":"INFO","thread":"BftProcessorExecutor-QBFT-0","class":"QbftBesuControllerBuilder","message":"Imported #105 / 0 tx / 0 pending / 0 (0.0%) gas / (0x7b9d2be45b7b15ccb3498c73e2d22d0ba5bc8642e8c098ef493790aea673cd10)","throwable":""}
{"timestamp":"2022-12-14T11:52:50,137","container":"8dabfc566403","level":"INFO","thread":"BftProcessorExecutor-QBFT-0","class":"QbftBesuControllerBuilder","message":"Imported #106 / 0 tx / 1 pending / 0 (0.0%) gas / (0x0af7637f16e4ca25129f37c91eac1b655d56978b939e6f93da1566f924e352df)","throwable":""}
{"timestamp":"2022-12-14T11:52:55,021","container":"8dabfc566403","level":"INFO","thread":"BftProcessorExecutor-QBFT-0","class":"QbftBesuControllerBuilder","message":"Imported #107 / 0 tx / 1 pending / 0 (0.0%) gas / (0xcb9cea76074a6ceb6c77848fcd866b26367fb18477576c14e4628c3f6dc920f9)","throwable":""}
{"timestamp":"2022-12-14T11:53:00,075","container":"8dabfc566403","level":"INFO","thread":"BftProcessorExecutor-QBFT-0","class":"QbftBesuControllerBuilder","message":"Produced #108 / 0 tx / 1 pending / 0 (0.0%) gas / (0x6e494d9423372c1e4e08bd703b41deaf0d1a8740128a84063b0af127d6df57b1)","throwable":""}
{"timestamp":"2022-12-14T11:53:05,081","container":"8dabfc566403","level":"INFO","thread":"BftProcessorExecutor-QBFT-0","class":"QbftBesuControllerBuilder","message":"Imported #109 / 0 tx / 1 pending / 0 (0.0%) gas / (0x13e2aa2c989b9e75201f7e73f7b53d8eb1c3b8e8447b4ea4ebffbb0c86773aef)","throwable":""}
{"timestamp":"2022-12-14T11:53:10,106","container":"8dabfc566403","level":"INFO","thread":"BftProcessorExecutor-QBFT-0","class":"QbftBesuControllerBuilder","message":"Imported #110 / 0 tx / 1 pending / 0 (0.0%) gas / (0x4ec0e67bbd76fc7c521aa65e884a4e29a1cb175d0fb135a1ca92192436df1c09)","throwable":""}
{"timestamp":"2022-12-14T11:53:15,068","container":"8dabfc566403","level":"INFO","thread":"BftProcessorExecutor-QBFT-0","class":"QbftBesuControllerBuilder","message":"Imported #111 / 0 tx / 1 pending / 0 (0.0%) gas / (0xaa80d0f33f0503e38be19b6c080d1a7a0b8a2d20f40f26f80880b7dd5d0bb1fd)","throwable":""}
{"timestamp":"2022-12-14T11:53:20,055","container":"8dabfc566403","level":"INFO","thread":"BftProcessorExecutor-QBFT-0","class":"QbftBesuControllerBuilder","message":"Produced #112 / 0 tx / 1 pending / 0 (0.0%) gas / (0x62374f6d64f40fd4aff8477afca91b0c192a77975112b46769b0075dbad7831f)","throwable":""}
{"timestamp":"2022-12-14T11:53:25,028","container":"8dabfc566403","level":"INFO","thread":"EthScheduler-Workers-0","class":"PersistBlockTask","message":"Imported #113 / 0 tx / 0 om / 0 (0.0%) gas / (0xdcdbb072017ebabd060a1735ff2881fc0d702dda4cac6ae53ef45a5924c11f4d) in 0.006s. Peers: 6","throwable":""}
{"timestamp":"2022-12-14T11:53:30,096","container":"8dabfc566403","level":"INFO","thread":"BftProcessorExecutor-QBFT-0","class":"QbftBesuControllerBuilder","message":"Imported #114 / 0 tx / 1 pending / 0 (0.0%) gas / (0xe5a42946f9abbc8cc14421806f83e136d48f33810a0632a363604aa38bd512e1)","throwable":""}
{"timestamp":"2022-12-14T11:53:35,049","container":"8dabfc566403","level":"INFO","thread":"BftProcessorExecutor-QBFT-0","class":"QbftBesuControllerBuilder","message":"Imported #115 / 0 tx / 1 pending / 0 (0.0%) gas / (0xe209c227bae63411f869bfbb19a90e764c8b1a550868d98121bebaebbe12be03)","throwable":""}
{"timestamp":"2022-12-14T11:53:40,084","container":"8dabfc566403","level":"INFO","thread":"BftProcessorExecutor-QBFT-0","class":"QbftBesuControllerBuilder","message":"Produced #116 / 0 tx / 1 pending / 0 (0.0%) gas / (0x4c582bf8083a5baf90c49a87ed80b207c2bd43dbf0a9775bc6afcaa3f20f9e85)","throwable":""}
{"timestamp":"2022-12-14T11:53:45,049","container":"8dabfc566403","level":"INFO","thread":"EthScheduler-Workers-3","class":"PersistBlockTask","message":"Imported #117 / 0 tx / 0 om / 0 (0.0%) gas / (0x3d700306de7198ef3fe08c4fcbdefa654d433121ce5458153dd032f38319296e) in 0.007s. Peers: 6","throwable":""}
{"timestamp":"2022-12-14T11:53:50,029","container":"8dabfc566403","level":"INFO","thread":"BftProcessorExecutor-QBFT-0","class":"QbftBesuControllerBuilder","message":"Imported #118 / 0 tx / 1 pending / 0 (0.0%) gas / (0x895722a2bee7214d59bbcd078bc87ce74e00d8db8688e38e4d68f72239f75108)","throwable":""}
{"timestamp":"2022-12-14T11:53:55,074","container":"8dabfc566403","level":"INFO","thread":"BftProcessorExecutor-QBFT-0","class":"QbftBesuControllerBuilder","message":"Imported #119 / 0 tx / 1 pending / 0 (0.0%) gas / (0xec8f254b40fc369411ef526c1b293f19a846efe10f08ff797382b35011b5f1f1)","throwable":""}
{"timestamp":"2022-12-14T11:54:00,041","container":"8dabfc566403","level":"INFO","thread":"BftProcessorExecutor-QBFT-0","class":"QbftBesuControllerBuilder","message":"Produced #120 / 0 tx / 1 pending / 0 (0.0%) gas / (0x1faebfc36a0b38a35bd64103724127b002fe91911b13cbaaf6da0b2ba6a677c4)","throwable":""}
{"timestamp":"2022-12-14T11:54:05,038","container":"8dabfc566403","level":"INFO","thread":"BftProcessorExecutor-QBFT-0","class":"QbftBesuControllerBuilder","message":"Imported #121 / 0 tx / 1 pending / 0 (0.0%) gas / (0x043b3371e9e0d58597721972add604223a9c0df6bfd750be674dfbba6efff18c)","throwable":""}
{"timestamp":"2022-12-14T11:54:10,111","container":"8dabfc566403","level":"INFO","thread":"BftProcessorExecutor-QBFT-0","class":"QbftBesuControllerBuilder","message":"Imported #122 / 0 tx / 1 pending / 0 (0.0%) gas / (0x005a06bcc652d8b9bb4d0484fb143841880dd6a851e1e409caa6351967a2614e)","throwable":""}
{"timestamp":"2022-12-14T11:54:15,023","container":"8dabfc566403","level":"INFO","thread":"BftProcessorExecutor-QBFT-0","class":"QbftBesuControllerBuilder","message":"Imported #123 / 0 tx / 1 pending / 0 (0.0%) gas / (0xe33f6de6cc6ae6de184a60f97cfe7dc54ca90fb6326a4186ec62bfd9a28a38cb)","throwable":""}
{"timestamp":"2022-12-14T11:54:20,066","container":"8dabfc566403","level":"INFO","thread":"BftProcessorExecutor-QBFT-0","class":"QbftBesuControllerBuilder","message":"Produced #124 / 0 tx / 1 pending / 0 (0.0%) gas / (0xd4da5b1896b232872b25d041ed375ae52368ae2d1387f635464f9a70fca887b0)","throwable":""}
{"timestamp":"2022-12-14T11:54:25,084","container":"8dabfc566403","level":"INFO","thread":"BftProcessorExecutor-QBFT-0","class":"QbftBesuControllerBuilder","message":"Imported #125 / 0 tx / 1 pending / 0 (0.0%) gas / (0x80c809359df5712397cbe7e1f1c03c655372ea9a3963cebe09b6b51f4e6d3456)","throwable":""}
{"timestamp":"2022-12-14T11:54:30,029","container":"8dabfc566403","level":"INFO","thread":"BftProcessorExecutor-QBFT-0","class":"QbftBesuControllerBuilder","message":"Imported #126 / 0 tx / 1 pending / 0 (0.0%) gas / (0x72fe58c0f18ede529aa80b252f7a5c90eeeb25cabff578e7bb2697d9aa87e094)","throwable":""}
{"timestamp":"2022-12-14T11:54:35,060","container":"8dabfc566403","level":"INFO","thread":"BftProcessorExecutor-QBFT-0","class":"QbftBesuControllerBuilder","message":"Imported #127 / 0 tx / 1 pending / 0 (0.0%) gas / (0x2b011ff7bdb4ea2e02a324761e8e1547eaa8aec288cb758743bc14fe3b97d95a)","throwable":""}
{"timestamp":"2022-12-14T11:54:35,058","container":"8dabfc566403","level":"INFO","thread":"EthScheduler-Workers-1","class":"PersistBlockTask","message":"Imported #127 / 0 tx / 0 om / 0 (0.0%) gas / (0x2b011ff7bdb4ea2e02a324761e8e1547eaa8aec288cb758743bc14fe3b97d95a) in 0.014s. Peers: 6","throwable":""}
{"timestamp":"2022-12-14T11:54:40,094","container":"8dabfc566403","level":"INFO","thread":"BftProcessorExecutor-QBFT-0","class":"QbftBesuControllerBuilder","message":"Produced #128 / 0 tx / 1 pending / 0 (0.0%) gas / (0x2328d9387e849af404f677645a570a6dc993cf7e0d17a1b73a1e47bdce0df920)","throwable":""}
{"timestamp":"2022-12-14T11:54:45,038","container":"8dabfc566403","level":"INFO","thread":"BftProcessorExecutor-QBFT-0","class":"QbftBesuControllerBuilder","message":"Imported #129 / 0 tx / 1 pending / 0 (0.0%) gas / (0x342f033d2681af188a59228ac0db09707f575a9514a1cf31424b80a1b202e423)","throwable":""}
{"timestamp":"2022-12-14T11:54:50,097","container":"8dabfc566403","level":"INFO","thread":"BftProcessorExecutor-QBFT-0","class":"QbftBesuControllerBuilder","message":"Imported #130 / 0 tx / 1 pending / 0 (0.0%) gas / (0xf69bd618688aa90f6bf85b442df62efbf5bd28363b75ac13f8d31ee2770a3e80)","throwable":""}
{"timestamp":"2022-12-14T11:54:50,098","container":"8dabfc566403","level":"INFO","thread":"EthScheduler-Workers-2","class":"PersistBlockTask","message":"Imported #130 / 0 tx / 0 om / 0 (0.0%) gas / (0xf69bd618688aa90f6bf85b442df62efbf5bd28363b75ac13f8d31ee2770a3e80) in 0.009s. Peers: 6","throwable":""}
{"timestamp":"2022-12-14T11:54:55,049","container":"8dabfc566403","level":"INFO","thread":"BftProcessorExecutor-QBFT-0","class":"QbftBesuControllerBuilder","message":"Imported #131 / 0 tx / 1 pending / 0 (0.0%) gas / (0x9104cb7827ff630b530cfec6591cd9ea2efda05069665b67d61aecee06c9e37f)","throwable":""}
{"timestamp":"2022-12-14T11:54:55,049","container":"8dabfc566403","level":"INFO","thread":"EthScheduler-Workers-0","class":"PersistBlockTask","message":"Imported #131 / 0 tx / 0 om / 0 (0.0%) gas / (0x9104cb7827ff630b530cfec6591cd9ea2efda05069665b67d61aecee06c9e37f) in 0.005s. Peers: 6","throwable":""}
{"timestamp":"2022-12-14T11:55:00,029","container":"8dabfc566403","level":"INFO","thread":"BftProcessorExecutor-QBFT-0","class":"QbftBesuControllerBuilder","message":"Produced #132 / 0 tx / 1 pending / 0 (0.0%) gas / (0x6e9f577ab9148dbe6d571cd4db36c09e75b44ecc43f0e31db41d780d7329da01)","throwable":""}
{"timestamp":"2022-12-14T11:55:05,032","container":"8dabfc566403","level":"INFO","thread":"BftProcessorExecutor-QBFT-0","class":"QbftBesuControllerBuilder","message":"Imported #133 / 0 tx / 1 pending / 0 (0.0%) gas / (0x9128c72e5e1d01b2e0944af409372b471ddc8ee1a7265620fcc6c36dd215ff95)","throwable":""}
{"timestamp":"2022-12-14T11:55:10,125","container":"8dabfc566403","level":"INFO","thread":"BftProcessorExecutor-QBFT-0","class":"QbftBesuControllerBuilder","message":"Imported #134 / 0 tx / 1 pending / 0 (0.0%) gas / (0xdf934ba8b7324e070303b311497b32d3a041b2b4d3d116fe9308ea128f4785e2)","throwable":""}
{"timestamp":"2022-12-14T11:55:12,645","container":"8dabfc566403","level":"INFO","thread":"BftProcessorExecutor-QBFT-0","class":"BftProcessor","message":"Shutting down BFT event processor","throwable":""}
{"timestamp":"2022-12-14T11:55:12,682","container":"8dabfc566403","level":"INFO","thread":"BesuCommand-Shutdown-Hook","class":"DefaultSynchronizer","message":"Stopping synchronizer","throwable":""}
{"timestamp":"2022-12-14T11:55:12,706","container":"8dabfc566403","level":"INFO","thread":"BesuCommand-Shutdown-Hook","class":"NetworkRunner","message":"Stopping Network.","throwable":""}
{"timestamp":"2022-12-14T11:55:12,763","container":"8dabfc566403","level":"INFO","thread":"BesuCommand-Shutdown-Hook","class":"EthProtocolManager","message":"Stopping eth Subprotocol.","throwable":""}
{"timestamp":"2022-12-14T11:55:12,862","container":"8dabfc566403","level":"INFO","thread":"BesuCommand-Shutdown-Hook","class":"EthProtocolManager","message":"eth Subprotocol stopped.","throwable":""}
{"timestamp":"2022-12-14T11:55:12,871","container":"8dabfc566403","level":"INFO","thread":"BesuCommand-Shutdown-Hook","class":"NetworkRunner","message":"Network stopped.","throwable":""}
{"timestamp":"2022-12-14T11:55:12,884","container":"8dabfc566403","level":"INFO","thread":"BesuCommand-Shutdown-Hook","class":"AutoTransactionLogBloomCachingService","message":"Shutting down Auto transaction logs caching service.","throwable":""}
{"timestamp":"2022-12-14T11:55:12,909","container":"8dabfc566403","level":"INFO","thread":"BesuCommand-Shutdown-Hook","class":"NatService","message":"No NAT environment detected so no service could be stopped","throwable":""}
