{"timestamp":"2022-12-14T07:54:19,796","container":"1717e6dfcf0f","level":"INFO","thread":"main","class":"Besu","message":"Using the Java implementation of alt bn128","throwable":""}
{"timestamp":"2022-12-14T07:54:19,820","container":"1717e6dfcf0f","level":"INFO","thread":"main","class":"Besu","message":"Using the native implementation of the signature algorithm","throwable":""}
{"timestamp":"2022-12-14T07:54:19,833","container":"1717e6dfcf0f","level":"INFO","thread":"main","class":"Besu","message":"Starting Besu version: besu/v22.7.1/linux-aarch_64/openjdk-java-11","throwable":""}
{"timestamp":"2022-12-14T07:54:20,472","container":"1717e6dfcf0f","level":"WARN","thread":"main","class":"Besu","message":"--min-gas-price has been ignored because --miner-enabled was not defined on the command line.","throwable":""}
{"timestamp":"2022-12-14T07:54:20,921","container":"1717e6dfcf0f","level":"INFO","thread":"main","class":"Besu","message":"Static Nodes file = /config/static-nodes.json","throwable":""}
{"timestamp":"2022-12-14T07:54:21,070","container":"1717e6dfcf0f","level":"INFO","thread":"main","class":"Besu","message":"Connecting to 8 static nodes.","throwable":""}
{"timestamp":"2022-12-14T07:54:21,107","container":"1717e6dfcf0f","level":"INFO","thread":"main","class":"Besu","message":"Security Module: localfile","throwable":""}
{"timestamp":"2022-12-14T07:54:21,192","container":"1717e6dfcf0f","level":"INFO","thread":"main","class":"RocksDBKeyValueStorageFactory","message":"No existing database detected at /opt/besu/data. Using version 1","throwable":""}
{"timestamp":"2022-12-14T07:54:22,577","container":"1717e6dfcf0f","level":"INFO","thread":"main","class":"KeyPairUtil","message":"Loaded public key 0x86fcc16f4730fbfd238dc17ea552854c0943923bb1d5e886e5601b8d884fb0519060e0023f495dd24ffe60a65660fb7fdcdebfceedd2b3673dfa63658825924b from /opt/besu/keys/nodekey","throwable":""}
{"timestamp":"2022-12-14T07:54:22,602","container":"1717e6dfcf0f","level":"WARN","thread":"main","class":"Besu","message":"Privacy is disabled. Cannot use EEA/PRIV API methods when not using Privacy.","throwable":""}
{"timestamp":"2022-12-14T07:54:22,877","container":"1717e6dfcf0f","level":"INFO","thread":"main","class":"AbstractAltBnPrecompiledContract","message":"Native alt bn128 not available","throwable":""}
{"timestamp":"2022-12-14T07:54:22,879","container":"1717e6dfcf0f","level":"INFO","thread":"main","class":"AbstractAltBnPrecompiledContract","message":"Native alt bn128 not available","throwable":""}
{"timestamp":"2022-12-14T07:54:22,881","container":"1717e6dfcf0f","level":"INFO","thread":"main","class":"AbstractAltBnPrecompiledContract","message":"Native alt bn128 not available","throwable":""}
{"timestamp":"2022-12-14T07:54:22,975","container":"1717e6dfcf0f","level":"INFO","thread":"main","class":"ProtocolScheduleBuilder","message":"Protocol schedule created with milestones: [Petersburg: 0]","throwable":""}
{"timestamp":"2022-12-14T07:54:23,482","container":"1717e6dfcf0f","level":"INFO","thread":"main","class":"BesuControllerBuilder","message":"TTD difficulty is not present, creating initial sync phase for PoW","throwable":""}
{"timestamp":"2022-12-14T07:54:23,578","container":"1717e6dfcf0f","level":"INFO","thread":"main","class":"RunnerBuilder","message":"Detecting NAT service.","throwable":""}
{"timestamp":"2022-12-14T07:54:25,430","container":"1717e6dfcf0f","level":"INFO","thread":"main","class":"Runner","message":"Starting external services ... ","throwable":""}
{"timestamp":"2022-12-14T07:54:25,435","container":"1717e6dfcf0f","level":"INFO","thread":"main","class":"MetricsHttpService","message":"Starting metrics http service on 0.0.0.0:9545","throwable":""}
{"timestamp":"2022-12-14T07:54:25,831","container":"1717e6dfcf0f","level":"INFO","thread":"main","class":"JsonRpcHttpService","message":"Starting JSON-RPC service on 0.0.0.0:8545","throwable":""}
{"timestamp":"2022-12-14T07:54:25,832","container":"1717e6dfcf0f","level":"INFO","thread":"vert.x-eventloop-thread-3","class":"MetricsHttpService","message":"Metrics service started and listening on 0.0.0.0:9545","throwable":""}
{"timestamp":"2022-12-14T07:54:25,920","container":"1717e6dfcf0f","level":"INFO","thread":"main","class":"GraphQLHttpService","message":"Starting GraphQL HTTP service on 0.0.0.0:8547","throwable":""}
{"timestamp":"2022-12-14T07:54:25,922","container":"1717e6dfcf0f","level":"INFO","thread":"vert.x-eventloop-thread-3","class":"JsonRpcHttpService","message":"JSON-RPC service started and listening on 0.0.0.0:8545","throwable":""}
{"timestamp":"2022-12-14T07:54:26,477","container":"1717e6dfcf0f","level":"INFO","thread":"vert.x-eventloop-thread-3","class":"GraphQLHttpService","message":"GraphQL HTTP service started and listening on 0.0.0.0:8547","throwable":""}
{"timestamp":"2022-12-14T07:54:26,497","container":"1717e6dfcf0f","level":"INFO","thread":"main","class":"WebSocketService","message":"Starting Websocket service on 0.0.0.0:8546","throwable":""}
{"timestamp":"2022-12-14T07:54:26,516","container":"1717e6dfcf0f","level":"INFO","thread":"vert.x-eventloop-thread-3","class":"WebSocketService","message":"Websocket service started and listening on 0.0.0.0:8546","throwable":""}
{"timestamp":"2022-12-14T07:54:26,521","container":"1717e6dfcf0f","level":"INFO","thread":"main","class":"AutoTransactionLogBloomCachingService","message":"Starting auto transaction log bloom caching service.","throwable":""}
{"timestamp":"2022-12-14T07:54:26,524","container":"1717e6dfcf0f","level":"INFO","thread":"main","class":"LogBloomCacheMetadata","message":"Lookup cache metadata file in data directory: /opt/besu/data/caches","throwable":""}
{"timestamp":"2022-12-14T07:54:26,625","container":"1717e6dfcf0f","level":"INFO","thread":"main","class":"Runner","message":"Starting Ethereum main loop ... ","throwable":""}
{"timestamp":"2022-12-14T07:54:26,627","container":"1717e6dfcf0f","level":"INFO","thread":"main","class":"NatService","message":"No NAT environment detected so no service could be started","throwable":""}
{"timestamp":"2022-12-14T07:54:26,628","container":"1717e6dfcf0f","level":"INFO","thread":"main","class":"NetworkRunner","message":"Starting Network.","throwable":""}
{"timestamp":"2022-12-14T07:54:26,850","container":"1717e6dfcf0f","level":"INFO","thread":"nioEventLoopGroup-2-1","class":"RlpxAgent","message":"P2P RLPx agent started and listening on /0.0.0.0:30303.","throwable":""}
{"timestamp":"2022-12-14T07:54:26,857","container":"1717e6dfcf0f","level":"INFO","thread":"main","class":"PeerDiscoveryAgent","message":"Starting peer discovery agent on host=0.0.0.0, port=30303","throwable":""}
{"timestamp":"2022-12-14T07:54:27,083","container":"1717e6dfcf0f","level":"INFO","thread":"vert.x-eventloop-thread-3","class":"VertxPeerDiscoveryAgent","message":"Started peer discovery agent successfully, on effective host=0.0.0.0 and port=30303","throwable":""}
{"timestamp":"2022-12-14T07:54:27,090","container":"1717e6dfcf0f","level":"INFO","thread":"main","class":"PeerDiscoveryAgent","message":"P2P peer discovery agent started and listening on /0.0.0.0:30303","throwable":""}
{"timestamp":"2022-12-14T07:54:27,374","container":"1717e6dfcf0f","level":"INFO","thread":"main","class":"PeerDiscoveryAgent","message":"Writing node record to disk. NodeRecord{seq=1, publicKey=0x0386fcc16f4730fbfd238dc17ea552854c0943923bb1d5e886e5601b8d884fb051, udpAddress=Optional[/172.16.239.15:30303], tcpAddress=Optional[/172.16.239.15:30303], asBase64=-Je4QAorqaECRof-SvjbUZdZC4FZlU6vpbIRqxIuohoGz-o-Vh-BX3O8hclUKVExiWkSiKy7_rloLVLQiZLUnb931_cBg2V0aMfGhFuBMk-AgmlkgnY0gmlwhKwQ7w-Jc2VjcDI1NmsxoQOG_MFvRzD7_SONwX6lUoVMCUOSO7HV6IblYBuNiE-wUYN0Y3CCdl-DdWRwgnZf, nodeId=0x133b4f32d7750cdfd4048f04df8b560be949c229c821731554c33ead5e3888a4, customFields={tcp=30303, udp=30303, ip=0xac10ef0f, eth=[[0x5b81324f, 0x]], id=V4, secp256k1=0x0386fcc16f4730fbfd238dc17ea552854c0943923bb1d5e886e5601b8d884fb051}}","throwable":""}
{"timestamp":"2022-12-14T07:54:27,486","container":"1717e6dfcf0f","level":"INFO","thread":"main","class":"DefaultP2PNetwork","message":"Enode URL enode://86fcc16f4730fbfd238dc17ea552854c0943923bb1d5e886e5601b8d884fb0519060e0023f495dd24ffe60a65660fb7fdcdebfceedd2b3673dfa63658825924b@172.16.239.15:30303","throwable":""}
{"timestamp":"2022-12-14T07:54:27,496","container":"1717e6dfcf0f","level":"INFO","thread":"main","class":"DefaultP2PNetwork","message":"Node address 0xdf8b560be949c229c821731554c33ead5e3888a4","throwable":""}
{"timestamp":"2022-12-14T07:54:27,509","container":"1717e6dfcf0f","level":"INFO","thread":"main","class":"DefaultSynchronizer","message":"Starting synchronizer.","throwable":""}
{"timestamp":"2022-12-14T07:54:27,520","container":"1717e6dfcf0f","level":"INFO","thread":"main","class":"FullSyncDownloader","message":"Starting full sync.","throwable":""}
{"timestamp":"2022-12-14T07:54:27,523","container":"1717e6dfcf0f","level":"INFO","thread":"main","class":"FullSyncTargetManager","message":"No sync target, waiting for peers. Current peers: 0","throwable":""}
{"timestamp":"2022-12-14T07:54:27,623","container":"1717e6dfcf0f","level":"INFO","thread":"main","class":"Runner","message":"Ethereum main loop is up.","throwable":""}
{"timestamp":"2022-12-14T07:54:28,699","container":"1717e6dfcf0f","level":"INFO","thread":"nioEventLoopGroup-3-2","class":"FullSyncTargetManager","message":"No sync target, waiting for peers. Current peers: 2","throwable":""}
{"timestamp":"2022-12-14T07:54:28,965","container":"1717e6dfcf0f","level":"INFO","thread":"nioEventLoopGroup-3-3","class":"FullSyncTargetManager","message":"No sync target, waiting for peers. Current peers: 4","throwable":""}
{"timestamp":"2022-12-14T07:54:29,172","container":"1717e6dfcf0f","level":"INFO","thread":"nioEventLoopGroup-3-7","class":"FullSyncTargetManager","message":"No sync target, waiting for peers. Current peers: 5","throwable":""}
{"timestamp":"2022-12-14T07:54:34,181","container":"1717e6dfcf0f","level":"INFO","thread":"EthScheduler-Timer-0","class":"FullSyncTargetManager","message":"No sync target, waiting for peers. Current peers: 5","throwable":""}
{"timestamp":"2022-12-14T07:54:37,513","container":"1717e6dfcf0f","level":"INFO","thread":"EthScheduler-Workers-0","class":"PersistBlockTask","message":"Imported #1 / 0 tx / 0 om / 0 (0.0%) gas / (0xe2f183d59e69b6120082d0eb21254e72c8d6caec3fbf6e40e51fbcfc2be802b4) in 0.119s. Peers: 5","throwable":""}
{"timestamp":"2022-12-14T07:54:39,185","container":"1717e6dfcf0f","level":"INFO","thread":"EthScheduler-Timer-0","class":"FullSyncTargetManager","message":"No sync target, waiting for peers. Current peers: 5","throwable":""}
{"timestamp":"2022-12-14T07:54:41,479","container":"1717e6dfcf0f","level":"INFO","thread":"EthScheduler-Workers-2","class":"PersistBlockTask","message":"Imported #2 / 0 tx / 0 om / 0 (0.0%) gas / (0xab712e5b26a381d2bc8e615d8a67c18e33fdc36de3a7febad2ea2a4cc1550957) in 0.035s. Peers: 5","throwable":""}
{"timestamp":"2022-12-14T07:54:46,252","container":"1717e6dfcf0f","level":"INFO","thread":"EthScheduler-Workers-1","class":"PersistBlockTask","message":"Imported #3 / 0 tx / 0 om / 0 (0.0%) gas / (0x56192db7f05245d95a175052b72fdb108c08973bbe75c7dec19ec59a4f7eb120) in 0.047s. Peers: 5","throwable":""}
{"timestamp":"2022-12-14T07:54:51,215","container":"1717e6dfcf0f","level":"INFO","thread":"EthScheduler-Workers-3","class":"PersistBlockTask","message":"Imported #4 / 0 tx / 0 om / 0 (0.0%) gas / (0xae3d212848ef5b82a63c754bc5432bb63520d96bca1bdabd0f4139a92f85e9ce) in 0.046s. Peers: 5","throwable":""}
{"timestamp":"2022-12-14T07:54:56,236","container":"1717e6dfcf0f","level":"INFO","thread":"EthScheduler-Workers-0","class":"PersistBlockTask","message":"Imported #5 / 0 tx / 0 om / 0 (0.0%) gas / (0xfc360358ba99246b7fee7a0e477c026f30cca4381de5bdb7f8d639fbc43c02ad) in 0.039s. Peers: 5","throwable":""}
{"timestamp":"2022-12-14T07:55:01,036","container":"1717e6dfcf0f","level":"INFO","thread":"EthScheduler-Workers-2","class":"PersistBlockTask","message":"Imported #6 / 0 tx / 0 om / 0 (0.0%) gas / (0x2080ba0c310fe1bf3c17282db64b40695abe921f07ea71039b57d756238f219f) in 0.003s. Peers: 5","throwable":""}
{"timestamp":"2022-12-14T07:55:06,087","container":"1717e6dfcf0f","level":"INFO","thread":"EthScheduler-Workers-1","class":"PersistBlockTask","message":"Imported #7 / 0 tx / 0 om / 0 (0.0%) gas / (0xc5b9051a6925e88a02a9da4ccee948db78376996fc09bd484ba9836cc80c8008) in 0.007s. Peers: 5","throwable":""}
{"timestamp":"2022-12-14T07:55:11,023","container":"1717e6dfcf0f","level":"INFO","thread":"EthScheduler-Workers-3","class":"PersistBlockTask","message":"Imported #8 / 0 tx / 0 om / 0 (0.0%) gas / (0xf53426d301dabc8e4f4019dbe5b901d842f46f86e1977e0d1c5a92bed739f0e0) in 0.002s. Peers: 5","throwable":""}
{"timestamp":"2022-12-14T07:55:16,048","container":"1717e6dfcf0f","level":"INFO","thread":"EthScheduler-Workers-0","class":"PersistBlockTask","message":"Imported #9 / 0 tx / 0 om / 0 (0.0%) gas / (0xd843c24de7a79e9f4fc1cd139a618c87df9f15b5d0d2db7d27e1489df6630137) in 0.002s. Peers: 5","throwable":""}
{"timestamp":"2022-12-14T07:55:21,125","container":"1717e6dfcf0f","level":"INFO","thread":"EthScheduler-Workers-2","class":"PersistBlockTask","message":"Imported #10 / 0 tx / 0 om / 0 (0.0%) gas / (0x45c4e32814404a67031a3bc8677fe9e078256e158b1844e739b2a62467317f61) in 0.014s. Peers: 5","throwable":""}
{"timestamp":"2022-12-14T07:55:26,070","container":"1717e6dfcf0f","level":"INFO","thread":"EthScheduler-Workers-1","class":"PersistBlockTask","message":"Imported #11 / 0 tx / 0 om / 0 (0.0%) gas / (0x42581224d2326d2db31a1aa4872958dc924040bb01622ee800c74fac9aa6b114) in 0.002s. Peers: 5","throwable":""}
{"timestamp":"2022-12-14T07:55:31,094","container":"1717e6dfcf0f","level":"INFO","thread":"EthScheduler-Workers-0","class":"PersistBlockTask","message":"Imported #12 / 1 tx / 0 om / 142,397 (0.9%) gas / (0xd5b57aaf36a20f4cd41c8dd17bd738731b48188d5a8f1f23c858e8893897c347) in 0.011s. Peers: 5","throwable":""}
{"timestamp":"2022-12-14T07:55:36,063","container":"1717e6dfcf0f","level":"INFO","thread":"EthScheduler-Workers-1","class":"PersistBlockTask","message":"Imported #13 / 0 tx / 0 om / 0 (0.0%) gas / (0x4d91cdc02b95632983ccb7ddea71dac988c5d047a73a4bc3c185448c45c78259) in 0.009s. Peers: 5","throwable":""}
{"timestamp":"2022-12-14T07:55:41,064","container":"1717e6dfcf0f","level":"INFO","thread":"EthScheduler-Workers-3","class":"PersistBlockTask","message":"Imported #14 / 0 tx / 0 om / 0 (0.0%) gas / (0x965a128ea296ea33c69833f5dcafedd00954a72766f1c1b19c4b22b4cd65077d) in 0.010s. Peers: 5","throwable":""}
{"timestamp":"2022-12-14T07:55:46,047","container":"1717e6dfcf0f","level":"INFO","thread":"EthScheduler-Workers-2","class":"PersistBlockTask","message":"Imported #15 / 0 tx / 0 om / 0 (0.0%) gas / (0xe3927e074a2fa024aa2597e4e1d2ae264131d5a164b35469eaf6514d67748a43) in 0.004s. Peers: 5","throwable":""}
{"timestamp":"2022-12-14T07:55:51,057","container":"1717e6dfcf0f","level":"INFO","thread":"EthScheduler-Workers-0","class":"PersistBlockTask","message":"Imported #16 / 0 tx / 0 om / 0 (0.0%) gas / (0x7b0117ebabe34d8d0d7f713f6870cdccc47ec79681d7ac76851ad4e1ecbfd62e) in 0.006s. Peers: 5","throwable":""}
{"timestamp":"2022-12-14T07:55:56,113","container":"1717e6dfcf0f","level":"INFO","thread":"EthScheduler-Workers-1","class":"PersistBlockTask","message":"Imported #17 / 0 tx / 0 om / 0 (0.0%) gas / (0xc6217bb22d353f102fd566dae761078ead87d75eb6332b7f30263e2511363831) in 0.021s. Peers: 5","throwable":""}
{"timestamp":"2022-12-14T07:56:01,063","container":"1717e6dfcf0f","level":"INFO","thread":"EthScheduler-Workers-3","class":"PersistBlockTask","message":"Imported #18 / 0 tx / 0 om / 0 (0.0%) gas / (0x34e80d5af3a002fed719e3ed3e67f6ea0c944863ab7d34bc37e75da931e3011e) in 0.003s. Peers: 5","throwable":""}
{"timestamp":"2022-12-14T07:56:06,113","container":"1717e6dfcf0f","level":"INFO","thread":"EthScheduler-Workers-2","class":"PersistBlockTask","message":"Imported #19 / 0 tx / 0 om / 0 (0.0%) gas / (0x7b04b8151f74e598e41f02ed85acc0085d900cdc58e9175931b16ee80350f606) in 0.006s. Peers: 5","throwable":""}
{"timestamp":"2022-12-14T07:56:11,026","container":"1717e6dfcf0f","level":"INFO","thread":"EthScheduler-Workers-0","class":"PersistBlockTask","message":"Imported #20 / 0 tx / 0 om / 0 (0.0%) gas / (0xf60e7fdf4a09cf570f3f8ab631133fb5963d8bf455c9ea464961e428d9831a36) in 0.002s. Peers: 5","throwable":""}
{"timestamp":"2022-12-14T07:56:16,055","container":"1717e6dfcf0f","level":"INFO","thread":"EthScheduler-Workers-1","class":"PersistBlockTask","message":"Imported #21 / 0 tx / 0 om / 0 (0.0%) gas / (0x0b93a012aa28110018aacf5692d0ed97060779d4d7a5fc366599351d38662c73) in 0.003s. Peers: 5","throwable":""}
{"timestamp":"2022-12-14T07:56:21,113","container":"1717e6dfcf0f","level":"INFO","thread":"EthScheduler-Workers-3","class":"PersistBlockTask","message":"Imported #22 / 0 tx / 0 om / 0 (0.0%) gas / (0x4362dea93330f07bc0d1e3294ee3db30cf0cb276521857587c184b8e8a0edca0) in 0.006s. Peers: 5","throwable":""}
{"timestamp":"2022-12-14T07:56:26,078","container":"1717e6dfcf0f","level":"INFO","thread":"EthScheduler-Workers-2","class":"PersistBlockTask","message":"Imported #23 / 0 tx / 0 om / 0 (0.0%) gas / (0x3968499c70b05ad9c95d12e3f8dd1c2c6b51cfe5273f9dca53c6506bff7aff76) in 0.011s. Peers: 5","throwable":""}
{"timestamp":"2022-12-14T07:56:31,103","container":"1717e6dfcf0f","level":"INFO","thread":"EthScheduler-Workers-0","class":"PersistBlockTask","message":"Imported #24 / 0 tx / 0 om / 0 (0.0%) gas / (0xfd9eae794de95c4c696b0f339588a1332503f9d13f394d2e45b9bba0341ff0c0) in 0.014s. Peers: 5","throwable":""}
{"timestamp":"2022-12-14T07:56:36,040","container":"1717e6dfcf0f","level":"INFO","thread":"EthScheduler-Workers-1","class":"PersistBlockTask","message":"Imported #25 / 0 tx / 0 om / 0 (0.0%) gas / (0x1ea2904c95960146fe324726e43049ad2a5e737bd9fe187f076b549f280c2d08) in 0.003s. Peers: 5","throwable":""}
{"timestamp":"2022-12-14T07:56:41,109","container":"1717e6dfcf0f","level":"INFO","thread":"EthScheduler-Workers-3","class":"PersistBlockTask","message":"Imported #26 / 0 tx / 0 om / 0 (0.0%) gas / (0x1b102bf215b064dd314de6ccb0707871b5217a6b36c25241e9f2c818564f9722) in 0.024s. Peers: 5","throwable":""}
{"timestamp":"2022-12-14T07:56:46,036","container":"1717e6dfcf0f","level":"INFO","thread":"EthScheduler-Workers-2","class":"PersistBlockTask","message":"Imported #27 / 0 tx / 0 om / 0 (0.0%) gas / (0x2e62001e2620d477b913489731400d67c05caf07d0062f97078a8c74739208a4) in 0.006s. Peers: 5","throwable":""}
{"timestamp":"2022-12-14T07:56:51,059","container":"1717e6dfcf0f","level":"INFO","thread":"EthScheduler-Workers-0","class":"PersistBlockTask","message":"Imported #28 / 0 tx / 0 om / 0 (0.0%) gas / (0x7676189a05ed958a95f708be7fde7eb0c9d2731c9790c78d31fc0303616fb8d7) in 0.002s. Peers: 5","throwable":""}
{"timestamp":"2022-12-14T07:56:56,037","container":"1717e6dfcf0f","level":"INFO","thread":"EthScheduler-Workers-1","class":"PersistBlockTask","message":"Imported #29 / 0 tx / 0 om / 0 (0.0%) gas / (0x638142c202a8552e953bb71031192efd0b6594e0f9b785ffad348a1dd0e1f9da) in 0.003s. Peers: 5","throwable":""}
{"timestamp":"2022-12-14T07:57:01,052","container":"1717e6dfcf0f","level":"INFO","thread":"EthScheduler-Workers-3","class":"PersistBlockTask","message":"Imported #30 / 0 tx / 0 om / 0 (0.0%) gas / (0xf4cda50a6ca1ee5711f5beaef3dfe31d2e88b1fb6eb1d090d94515a8f3dbfc09) in 0.005s. Peers: 5","throwable":""}
{"timestamp":"2022-12-14T07:57:06,064","container":"1717e6dfcf0f","level":"INFO","thread":"EthScheduler-Workers-2","class":"PersistBlockTask","message":"Imported #31 / 0 tx / 0 om / 0 (0.0%) gas / (0x8b2e8dc828b126025fce37a62714cb6912c715235697170072067e49af8b0318) in 0.006s. Peers: 5","throwable":""}
{"timestamp":"2022-12-14T07:57:11,034","container":"1717e6dfcf0f","level":"INFO","thread":"EthScheduler-Workers-0","class":"PersistBlockTask","message":"Imported #32 / 0 tx / 0 om / 0 (0.0%) gas / (0xf3c38c7187c73ae7629f26d658a0a68a7c2099b85ee1e918b7d72a86ab929580) in 0.004s. Peers: 5","throwable":""}
{"timestamp":"2022-12-14T07:57:16,083","container":"1717e6dfcf0f","level":"INFO","thread":"EthScheduler-Workers-1","class":"PersistBlockTask","message":"Imported #33 / 0 tx / 0 om / 0 (0.0%) gas / (0x8c5ba1533efef768ca34e7d4f93b40eff394ffff2da1b03c6c51ac54ea8a2824) in 0.010s. Peers: 5","throwable":""}
{"timestamp":"2022-12-14T07:57:21,033","container":"1717e6dfcf0f","level":"INFO","thread":"EthScheduler-Workers-3","class":"PersistBlockTask","message":"Imported #34 / 0 tx / 0 om / 0 (0.0%) gas / (0xc5e255e3b0a713b07708253d622b069f847cdcfee0ef826073c418c870304060) in 0.005s. Peers: 5","throwable":""}
{"timestamp":"2022-12-14T07:57:26,044","container":"1717e6dfcf0f","level":"INFO","thread":"EthScheduler-Workers-2","class":"PersistBlockTask","message":"Imported #35 / 0 tx / 0 om / 0 (0.0%) gas / (0x0e390c19174fadfc40b78a980604c4db683a83ef448786fc45569a4b82ebd6fa) in 0.008s. Peers: 5","throwable":""}
{"timestamp":"2022-12-14T07:57:31,173","container":"1717e6dfcf0f","level":"INFO","thread":"EthScheduler-Workers-0","class":"PersistBlockTask","message":"Imported #36 / 0 tx / 0 om / 0 (0.0%) gas / (0x361c7fd8077115f0886e1b6da06ae30fb3bbf01cacc3d8327cc596d9b1771af8) in 0.006s. Peers: 5","throwable":""}
{"timestamp":"2022-12-14T07:57:36,072","container":"1717e6dfcf0f","level":"INFO","thread":"EthScheduler-Workers-1","class":"PersistBlockTask","message":"Imported #37 / 0 tx / 0 om / 0 (0.0%) gas / (0x68899d95070177b721ef2032b2a053da6f300ab5981f6082d6a74a88f674f68e) in 0.003s. Peers: 5","throwable":""}
{"timestamp":"2022-12-14T07:57:40,079","container":"1717e6dfcf0f","level":"INFO","thread":"BftProcessorExecutor-QBFT-0","class":"BftProcessor","message":"Shutting down BFT event processor","throwable":""}
{"timestamp":"2022-12-14T07:57:40,085","container":"1717e6dfcf0f","level":"INFO","thread":"BesuCommand-Shutdown-Hook","class":"DefaultSynchronizer","message":"Stopping synchronizer","throwable":""}
{"timestamp":"2022-12-14T07:57:40,088","container":"1717e6dfcf0f","level":"INFO","thread":"BesuCommand-Shutdown-Hook","class":"NetworkRunner","message":"Stopping Network.","throwable":""}
{"timestamp":"2022-12-14T07:57:40,098","container":"1717e6dfcf0f","level":"INFO","thread":"BesuCommand-Shutdown-Hook","class":"EthProtocolManager","message":"Stopping eth Subprotocol.","throwable":""}
{"timestamp":"2022-12-14T07:57:40,116","container":"1717e6dfcf0f","level":"INFO","thread":"BesuCommand-Shutdown-Hook","class":"EthProtocolManager","message":"eth Subprotocol stopped.","throwable":""}
{"timestamp":"2022-12-14T07:57:40,117","container":"1717e6dfcf0f","level":"INFO","thread":"BesuCommand-Shutdown-Hook","class":"NetworkRunner","message":"Network stopped.","throwable":""}
{"timestamp":"2022-12-14T07:57:40,119","container":"1717e6dfcf0f","level":"INFO","thread":"BesuCommand-Shutdown-Hook","class":"AutoTransactionLogBloomCachingService","message":"Shutting down Auto transaction logs caching service.","throwable":""}
{"timestamp":"2022-12-14T07:57:40,121","container":"1717e6dfcf0f","level":"INFO","thread":"BesuCommand-Shutdown-Hook","class":"NatService","message":"No NAT environment detected so no service could be stopped","throwable":""}
