{"timestamp":"2022-12-14T11:31:14,244","container":"a4bcdf629705","level":"INFO","thread":"main","class":"Besu","message":"Using the Java implementation of alt bn128","throwable":""}
{"timestamp":"2022-12-14T11:31:14,248","container":"a4bcdf629705","level":"INFO","thread":"main","class":"Besu","message":"Using the native implementation of the signature algorithm","throwable":""}
{"timestamp":"2022-12-14T11:31:14,257","container":"a4bcdf629705","level":"INFO","thread":"main","class":"Besu","message":"Starting Besu version: besu/v22.7.1/linux-aarch_64/openjdk-java-11","throwable":""}
{"timestamp":"2022-12-14T11:31:14,963","container":"a4bcdf629705","level":"WARN","thread":"main","class":"Besu","message":"--min-gas-price has been ignored because --miner-enabled was not defined on the command line.","throwable":""}
{"timestamp":"2022-12-14T11:31:15,687","container":"a4bcdf629705","level":"INFO","thread":"main","class":"Besu","message":"Static Nodes file = /config/static-nodes.json","throwable":""}
{"timestamp":"2022-12-14T11:31:15,835","container":"a4bcdf629705","level":"INFO","thread":"main","class":"Besu","message":"Connecting to 8 static nodes.","throwable":""}
{"timestamp":"2022-12-14T11:31:15,865","container":"a4bcdf629705","level":"INFO","thread":"main","class":"Besu","message":"Security Module: localfile","throwable":""}
{"timestamp":"2022-12-14T11:31:15,893","container":"a4bcdf629705","level":"INFO","thread":"main","class":"RocksDBKeyValueStorageFactory","message":"No existing database detected at /opt/besu/data. Using version 1","throwable":""}
{"timestamp":"2022-12-14T11:31:16,784","container":"a4bcdf629705","level":"INFO","thread":"main","class":"KeyPairUtil","message":"Loaded public key 0x59cf0c623c582fa9b19bdf70fb6bade07f4ae32218dd4d1c7e2c7e65acf87da45cf2ab55d16d27360aafef17622c37c09db60d7680ebcc17b78867f4c05bcaa4 from /opt/besu/keys/nodekey","throwable":""}
{"timestamp":"2022-12-14T11:31:16,807","container":"a4bcdf629705","level":"WARN","thread":"main","class":"Besu","message":"Privacy is disabled. Cannot use EEA/PRIV API methods when not using Privacy.","throwable":""}
{"timestamp":"2022-12-14T11:31:17,145","container":"a4bcdf629705","level":"INFO","thread":"main","class":"AbstractAltBnPrecompiledContract","message":"Native alt bn128 not available","throwable":""}
{"timestamp":"2022-12-14T11:31:17,152","container":"a4bcdf629705","level":"INFO","thread":"main","class":"AbstractAltBnPrecompiledContract","message":"Native alt bn128 not available","throwable":""}
{"timestamp":"2022-12-14T11:31:17,158","container":"a4bcdf629705","level":"INFO","thread":"main","class":"AbstractAltBnPrecompiledContract","message":"Native alt bn128 not available","throwable":""}
{"timestamp":"2022-12-14T11:31:17,204","container":"a4bcdf629705","level":"INFO","thread":"main","class":"ProtocolScheduleBuilder","message":"Protocol schedule created with milestones: [Petersburg: 0]","throwable":""}
{"timestamp":"2022-12-14T11:31:17,673","container":"a4bcdf629705","level":"INFO","thread":"main","class":"BesuControllerBuilder","message":"TTD difficulty is not present, creating initial sync phase for PoW","throwable":""}
{"timestamp":"2022-12-14T11:31:18,041","container":"a4bcdf629705","level":"INFO","thread":"main","class":"RunnerBuilder","message":"Detecting NAT service.","throwable":""}
{"timestamp":"2022-12-14T11:31:19,412","container":"a4bcdf629705","level":"INFO","thread":"main","class":"Runner","message":"Starting external services ... ","throwable":""}
{"timestamp":"2022-12-14T11:31:19,414","container":"a4bcdf629705","level":"INFO","thread":"main","class":"MetricsHttpService","message":"Starting metrics http service on 0.0.0.0:9545","throwable":""}
{"timestamp":"2022-12-14T11:31:19,844","container":"a4bcdf629705","level":"INFO","thread":"vert.x-eventloop-thread-1","class":"MetricsHttpService","message":"Metrics service started and listening on 0.0.0.0:9545","throwable":""}
{"timestamp":"2022-12-14T11:31:19,845","container":"a4bcdf629705","level":"INFO","thread":"main","class":"JsonRpcHttpService","message":"Starting JSON-RPC service on 0.0.0.0:8545","throwable":""}
{"timestamp":"2022-12-14T11:31:20,019","container":"a4bcdf629705","level":"INFO","thread":"vert.x-eventloop-thread-1","class":"JsonRpcHttpService","message":"JSON-RPC service started and listening on 0.0.0.0:8545","throwable":""}
{"timestamp":"2022-12-14T11:31:20,036","container":"a4bcdf629705","level":"INFO","thread":"main","class":"GraphQLHttpService","message":"Starting GraphQL HTTP service on 0.0.0.0:8547","throwable":""}
{"timestamp":"2022-12-14T11:31:20,051","container":"a4bcdf629705","level":"INFO","thread":"vert.x-eventloop-thread-1","class":"GraphQLHttpService","message":"GraphQL HTTP service started and listening on 0.0.0.0:8547","throwable":""}
{"timestamp":"2022-12-14T11:31:20,057","container":"a4bcdf629705","level":"INFO","thread":"main","class":"WebSocketService","message":"Starting Websocket service on 0.0.0.0:8546","throwable":""}
{"timestamp":"2022-12-14T11:31:20,088","container":"a4bcdf629705","level":"INFO","thread":"vert.x-eventloop-thread-1","class":"WebSocketService","message":"Websocket service started and listening on 0.0.0.0:8546","throwable":""}
{"timestamp":"2022-12-14T11:31:20,115","container":"a4bcdf629705","level":"INFO","thread":"main","class":"AutoTransactionLogBloomCachingService","message":"Starting auto transaction log bloom caching service.","throwable":""}
{"timestamp":"2022-12-14T11:31:20,119","container":"a4bcdf629705","level":"INFO","thread":"main","class":"LogBloomCacheMetadata","message":"Lookup cache metadata file in data directory: /opt/besu/data/caches","throwable":""}
{"timestamp":"2022-12-14T11:31:20,203","container":"a4bcdf629705","level":"INFO","thread":"main","class":"Runner","message":"Starting Ethereum main loop ... ","throwable":""}
{"timestamp":"2022-12-14T11:31:20,204","container":"a4bcdf629705","level":"INFO","thread":"main","class":"NatService","message":"No NAT environment detected so no service could be started","throwable":""}
{"timestamp":"2022-12-14T11:31:20,205","container":"a4bcdf629705","level":"INFO","thread":"main","class":"NetworkRunner","message":"Starting Network.","throwable":""}
{"timestamp":"2022-12-14T11:31:20,262","container":"a4bcdf629705","level":"INFO","thread":"nioEventLoopGroup-2-1","class":"RlpxAgent","message":"P2P RLPx agent started and listening on /0.0.0.0:30303.","throwable":""}
{"timestamp":"2022-12-14T11:31:20,268","container":"a4bcdf629705","level":"INFO","thread":"main","class":"PeerDiscoveryAgent","message":"Starting peer discovery agent on host=0.0.0.0, port=30303","throwable":""}
{"timestamp":"2022-12-14T11:31:20,378","container":"a4bcdf629705","level":"INFO","thread":"vert.x-eventloop-thread-1","class":"VertxPeerDiscoveryAgent","message":"Started peer discovery agent successfully, on effective host=0.0.0.0 and port=30303","throwable":""}
{"timestamp":"2022-12-14T11:31:20,381","container":"a4bcdf629705","level":"INFO","thread":"main","class":"PeerDiscoveryAgent","message":"P2P peer discovery agent started and listening on /0.0.0.0:30303","throwable":""}
{"timestamp":"2022-12-14T11:31:20,629","container":"a4bcdf629705","level":"INFO","thread":"main","class":"PeerDiscoveryAgent","message":"Writing node record to disk. NodeRecord{seq=1, publicKey=0x0259cf0c623c582fa9b19bdf70fb6bade07f4ae32218dd4d1c7e2c7e65acf87da4, udpAddress=Optional[/172.16.239.13:30303], tcpAddress=Optional[/172.16.239.13:30303], asBase64=-Je4QBr0IxQLG1UWUbQna1uAsdS3YJldgmgqnkWgZQfi7pjIW2DTC5jfWvr7Dz8Do-Sr4trRqP7pD8BbJbrZ6RHvJCQBg2V0aMfGhFuBMk-AgmlkgnY0gmlwhKwQ7w2Jc2VjcDI1NmsxoQJZzwxiPFgvqbGb33D7a63gf0rjIhjdTRx-LH5lrPh9pIN0Y3CCdl-DdWRwgnZf, nodeId=0x2a2fe7f9e880372cfd2bda0cce412f988377e31f4d0ff12d74df73b51c42d0ca, customFields={tcp=30303, udp=30303, ip=0xac10ef0d, eth=[[0x5b81324f, 0x]], id=V4, secp256k1=0x0259cf0c623c582fa9b19bdf70fb6bade07f4ae32218dd4d1c7e2c7e65acf87da4}}","throwable":""}
{"timestamp":"2022-12-14T11:31:20,843","container":"a4bcdf629705","level":"INFO","thread":"main","class":"DefaultP2PNetwork","message":"Enode URL enode://59cf0c623c582fa9b19bdf70fb6bade07f4ae32218dd4d1c7e2c7e65acf87da45cf2ab55d16d27360aafef17622c37c09db60d7680ebcc17b78867f4c05bcaa4@172.16.239.13:30303","throwable":""}
{"timestamp":"2022-12-14T11:31:20,854","container":"a4bcdf629705","level":"INFO","thread":"main","class":"DefaultP2PNetwork","message":"Node address 0xce412f988377e31f4d0ff12d74df73b51c42d0ca","throwable":""}
{"timestamp":"2022-12-14T11:31:20,873","container":"a4bcdf629705","level":"INFO","thread":"main","class":"DefaultSynchronizer","message":"Starting synchronizer.","throwable":""}
{"timestamp":"2022-12-14T11:31:20,907","container":"a4bcdf629705","level":"INFO","thread":"main","class":"FullSyncDownloader","message":"Starting full sync.","throwable":""}
{"timestamp":"2022-12-14T11:31:20,913","container":"a4bcdf629705","level":"INFO","thread":"main","class":"FullSyncTargetManager","message":"No sync target, waiting for peers. Current peers: 0","throwable":""}
{"timestamp":"2022-12-14T11:31:21,045","container":"a4bcdf629705","level":"INFO","thread":"main","class":"Runner","message":"Ethereum main loop is up.","throwable":""}
{"timestamp":"2022-12-14T11:31:22,542","container":"a4bcdf629705","level":"INFO","thread":"nioEventLoopGroup-3-1","class":"FullSyncTargetManager","message":"No sync target, waiting for peers. Current peers: 2","throwable":""}
{"timestamp":"2022-12-14T11:31:22,996","container":"a4bcdf629705","level":"INFO","thread":"nioEventLoopGroup-3-4","class":"FullSyncTargetManager","message":"No sync target, waiting for peers. Current peers: 2","throwable":""}
{"timestamp":"2022-12-14T11:31:23,893","container":"a4bcdf629705","level":"INFO","thread":"nioEventLoopGroup-3-9","class":"FullSyncTargetManager","message":"No sync target, waiting for peers. Current peers: 4","throwable":""}
{"timestamp":"2022-12-14T11:31:24,029","container":"a4bcdf629705","level":"INFO","thread":"nioEventLoopGroup-3-7","class":"FullSyncTargetManager","message":"No sync target, waiting for peers. Current peers: 4","throwable":""}
{"timestamp":"2022-12-14T11:31:29,062","container":"a4bcdf629705","level":"INFO","thread":"EthScheduler-Timer-0","class":"FullSyncTargetManager","message":"No sync target, waiting for peers. Current peers: 4","throwable":""}
{"timestamp":"2022-12-14T11:31:31,864","container":"a4bcdf629705","level":"INFO","thread":"BftProcessorExecutor-QBFT-0","class":"QbftRound","message":"Importing proposed block to chain. round=ConsensusRoundIdentifier{Sequence=1, Round=1}, hash=0x95acbca0bfcf3fd2f8801bac94db74b86d4fe9719b2cbe05ebb81a97b0dc67b9","throwable":""}
{"timestamp":"2022-12-14T11:31:31,925","container":"a4bcdf629705","level":"INFO","thread":"EthScheduler-Workers-0","class":"PersistBlockTask","message":"Imported #1 / 0 tx / 0 om / 0 (0.0%) gas / (0x95acbca0bfcf3fd2f8801bac94db74b86d4fe9719b2cbe05ebb81a97b0dc67b9) in 0.086s. Peers: 4","throwable":""}
{"timestamp":"2022-12-14T11:31:31,926","container":"a4bcdf629705","level":"INFO","thread":"BftProcessorExecutor-QBFT-0","class":"QbftBesuControllerBuilder","message":"Imported #1 / 0 tx / 0 pending / 0 (0.0%) gas / (0x95acbca0bfcf3fd2f8801bac94db74b86d4fe9719b2cbe05ebb81a97b0dc67b9)","throwable":""}
{"timestamp":"2022-12-14T11:31:34,085","container":"a4bcdf629705","level":"INFO","thread":"EthScheduler-Timer-0","class":"FullSyncTargetManager","message":"No sync target, waiting for peers. Current peers: 4","throwable":""}
{"timestamp":"2022-12-14T11:31:36,344","container":"a4bcdf629705","level":"INFO","thread":"BftProcessorExecutor-QBFT-0","class":"QbftBesuControllerBuilder","message":"Imported #2 / 0 tx / 0 pending / 0 (0.0%) gas / (0x07b8dae65e7f97e40e478d2ba3bcb202a3b81915951124842c31c310a9cc074c)","throwable":""}
{"timestamp":"2022-12-14T11:31:41,372","container":"a4bcdf629705","level":"INFO","thread":"BftProcessorExecutor-QBFT-0","class":"QbftBesuControllerBuilder","message":"Produced #3 / 0 tx / 0 pending / 0 (0.0%) gas / (0x7ef79b980a47c2a4c6dfa5f545e1aab1b1b409144245b653e359c674c5d9e7bf)","throwable":""}
{"timestamp":"2022-12-14T11:31:46,194","container":"a4bcdf629705","level":"INFO","thread":"BftProcessorExecutor-QBFT-0","class":"QbftBesuControllerBuilder","message":"Imported #4 / 0 tx / 0 pending / 0 (0.0%) gas / (0x766f7cc5fbde6fe364920143a7fd9d212a04eb8e16b0a7de38f69ee2c9f2c1af)","throwable":""}
{"timestamp":"2022-12-14T11:31:51,285","container":"a4bcdf629705","level":"INFO","thread":"BftProcessorExecutor-QBFT-0","class":"QbftBesuControllerBuilder","message":"Imported #5 / 0 tx / 0 pending / 0 (0.0%) gas / (0x819d8ea1089f43d7eb134b3b3a06d03645d5984da3cb6b53810267a84f07c2ff)","throwable":""}
{"timestamp":"2022-12-14T11:31:56,130","container":"a4bcdf629705","level":"INFO","thread":"BftProcessorExecutor-QBFT-0","class":"QbftBesuControllerBuilder","message":"Imported #6 / 0 tx / 0 pending / 0 (0.0%) gas / (0x91c7af267bbba5a62ae39be875738c91e1c39f17fc6ac0881845dfd9fce44f75)","throwable":""}
{"timestamp":"2022-12-14T11:32:01,098","container":"a4bcdf629705","level":"INFO","thread":"BftProcessorExecutor-QBFT-0","class":"QbftBesuControllerBuilder","message":"Produced #7 / 0 tx / 0 pending / 0 (0.0%) gas / (0x6b50778c592abcbfe929ec03c84745ce6c7f0e896e47d9f9accf0fb159d6f487)","throwable":""}
{"timestamp":"2022-12-14T11:32:06,093","container":"a4bcdf629705","level":"INFO","thread":"BftProcessorExecutor-QBFT-0","class":"QbftBesuControllerBuilder","message":"Imported #8 / 0 tx / 0 pending / 0 (0.0%) gas / (0xfcc78191dfbf37812ab55ffb3cba02c117696204074bc186416e4cfa0bf9550b)","throwable":""}
{"timestamp":"2022-12-14T11:32:11,269","container":"a4bcdf629705","level":"INFO","thread":"EthScheduler-Workers-2","class":"PersistBlockTask","message":"Imported #9 / 1 tx / 0 om / 142,397 (0.9%) gas / (0x4cded00fdd0a062a9b2f5cbf0b40b8cac7779e21e3d32dc6a9c6e8c234988658) in 0.066s. Peers: 4","throwable":""}
{"timestamp":"2022-12-14T11:32:16,146","container":"a4bcdf629705","level":"INFO","thread":"BftProcessorExecutor-QBFT-0","class":"QbftBesuControllerBuilder","message":"Imported #10 / 1 tx / 0 pending / 2,847,803 (17.5%) gas / (0x5cebd410edbeb64dadd2331f2c242d6f7b5cd8a6fb838280cf2df10ffd45d268)","throwable":""}
{"timestamp":"2022-12-14T11:32:21,100","container":"a4bcdf629705","level":"INFO","thread":"BftProcessorExecutor-QBFT-0","class":"QbftBesuControllerBuilder","message":"Produced #11 / 0 tx / 0 pending / 0 (0.0%) gas / (0x8b6862dfdd902c667e99fab570e5b53107bc58da160e57d9eac88d779a279a5f)","throwable":""}
{"timestamp":"2022-12-14T11:32:26,079","container":"a4bcdf629705","level":"INFO","thread":"BftProcessorExecutor-QBFT-0","class":"QbftBesuControllerBuilder","message":"Imported #12 / 0 tx / 0 pending / 0 (0.0%) gas / (0xb580d8e25885daea684b7e02595758719e91e957740442b53f23e843a52fc4b0)","throwable":""}
{"timestamp":"2022-12-14T11:32:31,059","container":"a4bcdf629705","level":"INFO","thread":"BftProcessorExecutor-QBFT-0","class":"QbftBesuControllerBuilder","message":"Imported #13 / 0 tx / 0 pending / 0 (0.0%) gas / (0xeb46b822cad7e9e4fb847f47fce08bd824bc462de40700b6400dc482b8945d8f)","throwable":""}
{"timestamp":"2022-12-14T11:32:36,067","container":"a4bcdf629705","level":"INFO","thread":"EthScheduler-Workers-0","class":"PersistBlockTask","message":"Imported #14 / 0 tx / 0 om / 0 (0.0%) gas / (0x9c5abde941536ffb2fa180e6758211bf30c5fd25977ddbf2a6019880e17ae816) in 0.013s. Peers: 4","throwable":""}
{"timestamp":"2022-12-14T11:32:41,060","container":"a4bcdf629705","level":"INFO","thread":"BftProcessorExecutor-QBFT-0","class":"QbftBesuControllerBuilder","message":"Produced #15 / 0 tx / 0 pending / 0 (0.0%) gas / (0x20ac484a74ade58fb03c7ceb0471941c75c058455972e43aa25a047157f9feaa)","throwable":""}
{"timestamp":"2022-12-14T11:32:46,122","container":"a4bcdf629705","level":"INFO","thread":"EthScheduler-Workers-1","class":"PersistBlockTask","message":"Imported #16 / 0 tx / 0 om / 0 (0.0%) gas / (0xa398c470baea0dca4230b2f57e2a92c8efef13a02309164acf706d2623499139) in 0.030s. Peers: 4","throwable":""}
{"timestamp":"2022-12-14T11:32:51,057","container":"a4bcdf629705","level":"INFO","thread":"BftProcessorExecutor-QBFT-0","class":"QbftBesuControllerBuilder","message":"Imported #17 / 0 tx / 0 pending / 0 (0.0%) gas / (0x71c128e1fa130315d4578dfda5216d6419b31fd3da3350150d1a9c02ea18c40f)","throwable":""}
{"timestamp":"2022-12-14T11:32:56,141","container":"a4bcdf629705","level":"INFO","thread":"BftProcessorExecutor-QBFT-0","class":"QbftBesuControllerBuilder","message":"Imported #18 / 0 tx / 0 pending / 0 (0.0%) gas / (0x22e2b4cddf7643d975b23833b2228cec0abad5f2dff98e8fa884d27a521f5e3f)","throwable":""}
{"timestamp":"2022-12-14T11:33:01,061","container":"a4bcdf629705","level":"INFO","thread":"BftProcessorExecutor-QBFT-0","class":"QbftBesuControllerBuilder","message":"Produced #19 / 0 tx / 0 pending / 0 (0.0%) gas / (0xa810987ba5407b1021782e835aee204cd7f9f920f51014d45cbc7cb276cada75)","throwable":""}
{"timestamp":"2022-12-14T11:33:06,118","container":"a4bcdf629705","level":"INFO","thread":"EthScheduler-Workers-3","class":"PersistBlockTask","message":"Imported #20 / 0 tx / 0 om / 0 (0.0%) gas / (0xf10af39d6b0c08790c93ad42fa023ccb40c1fb42ad5bd651cd15dce7bc8aeb3d) in 0.014s. Peers: 4","throwable":""}
{"timestamp":"2022-12-14T11:33:11,076","container":"a4bcdf629705","level":"INFO","thread":"EthScheduler-Workers-2","class":"PersistBlockTask","message":"Imported #21 / 0 tx / 0 om / 0 (0.0%) gas / (0x73a7f5dd87a018aac4931e2a45e379795454fdda22a589a02c10cdc54057c387) in 0.030s. Peers: 4","throwable":""}
{"timestamp":"2022-12-14T11:33:16,113","container":"a4bcdf629705","level":"INFO","thread":"BftProcessorExecutor-QBFT-0","class":"QbftBesuControllerBuilder","message":"Imported #22 / 0 tx / 0 pending / 0 (0.0%) gas / (0x2368de5e00e1e3240d39a80e54fe744b0c5600a6e9e5123cf5e573f5f6d3c163)","throwable":""}
{"timestamp":"2022-12-14T11:33:21,046","container":"a4bcdf629705","level":"INFO","thread":"BftProcessorExecutor-QBFT-0","class":"QbftBesuControllerBuilder","message":"Produced #23 / 0 tx / 0 pending / 0 (0.0%) gas / (0xd107710a3578c4e77c8ac1f5489807d78e75b29ebd4f9127ab7eab52ba742250)","throwable":""}
{"timestamp":"2022-12-14T11:33:26,062","container":"a4bcdf629705","level":"INFO","thread":"BftProcessorExecutor-QBFT-0","class":"QbftBesuControllerBuilder","message":"Imported #24 / 0 tx / 0 pending / 0 (0.0%) gas / (0x334cfd2602e3f95e6e308b1a453b264b4586b7a654f2011433b352a62e4d5f07)","throwable":""}
{"timestamp":"2022-12-14T11:33:31,102","container":"a4bcdf629705","level":"INFO","thread":"EthScheduler-Workers-0","class":"PersistBlockTask","message":"Imported #25 / 0 tx / 0 om / 0 (0.0%) gas / (0xbdddc4869c1f30a9e6ec6302c23651d5ed3b4a1e7364840f361800ca7d4375e6) in 0.012s. Peers: 4","throwable":""}
{"timestamp":"2022-12-14T11:33:31,105","container":"a4bcdf629705","level":"INFO","thread":"BftProcessorExecutor-QBFT-0","class":"QbftBesuControllerBuilder","message":"Imported #25 / 0 tx / 0 pending / 0 (0.0%) gas / (0xbdddc4869c1f30a9e6ec6302c23651d5ed3b4a1e7364840f361800ca7d4375e6)","throwable":""}
{"timestamp":"2022-12-14T11:33:36,038","container":"a4bcdf629705","level":"INFO","thread":"BftProcessorExecutor-QBFT-0","class":"QbftBesuControllerBuilder","message":"Imported #26 / 0 tx / 0 pending / 0 (0.0%) gas / (0x15f82878c718f8e54cdba8abc4e7ccf2b726831286eca2d4cdcb7f4ed6e5f934)","throwable":""}
{"timestamp":"2022-12-14T11:33:41,124","container":"a4bcdf629705","level":"INFO","thread":"BftProcessorExecutor-QBFT-0","class":"QbftBesuControllerBuilder","message":"Produced #27 / 0 tx / 0 pending / 0 (0.0%) gas / (0x62572970a2d146358928ac4a3cc9e342999e300449461ec6cee1f1ed5b76dd49)","throwable":""}
{"timestamp":"2022-12-14T11:33:46,187","container":"a4bcdf629705","level":"INFO","thread":"BftProcessorExecutor-QBFT-0","class":"QbftBesuControllerBuilder","message":"Imported #28 / 0 tx / 0 pending / 0 (0.0%) gas / (0xd99bd682867bbd5f0af5e99aaa2218cff346e9c3aded3ccaea3c9b397b978445)","throwable":""}
{"timestamp":"2022-12-14T11:33:51,085","container":"a4bcdf629705","level":"INFO","thread":"EthScheduler-Workers-1","class":"PersistBlockTask","message":"Imported #29 / 0 tx / 0 om / 0 (0.0%) gas / (0x7a72e3bc7d526e6b1cbc2e6de7adabb2a0eebebf45b7cbdc2961b4738cd443c0) in 0.009s. Peers: 4","throwable":""}
{"timestamp":"2022-12-14T11:33:51,085","container":"a4bcdf629705","level":"INFO","thread":"BftProcessorExecutor-QBFT-0","class":"QbftBesuControllerBuilder","message":"Imported #29 / 0 tx / 0 pending / 0 (0.0%) gas / (0x7a72e3bc7d526e6b1cbc2e6de7adabb2a0eebebf45b7cbdc2961b4738cd443c0)","throwable":""}
{"timestamp":"2022-12-14T11:33:56,084","container":"a4bcdf629705","level":"INFO","thread":"BftProcessorExecutor-QBFT-0","class":"QbftBesuControllerBuilder","message":"Imported #30 / 0 tx / 0 pending / 0 (0.0%) gas / (0xba75b53800f7894570d7b1a71396f8073a0a1f2d5f45c9f1ff80b998f3990816)","throwable":""}
{"timestamp":"2022-12-14T11:34:01,093","container":"a4bcdf629705","level":"INFO","thread":"BftProcessorExecutor-QBFT-0","class":"QbftBesuControllerBuilder","message":"Produced #31 / 0 tx / 0 pending / 0 (0.0%) gas / (0x9b46677cc84c5f83d4976c63155f28c7b95f966080fcb7c09cc6f8cbe91f1d44)","throwable":""}
{"timestamp":"2022-12-14T11:34:06,106","container":"a4bcdf629705","level":"INFO","thread":"BftProcessorExecutor-QBFT-0","class":"QbftBesuControllerBuilder","message":"Imported #32 / 0 tx / 0 pending / 0 (0.0%) gas / (0xc53b1ff745c3cedc6ba91086d00707b72393ee51a153eb2804ff2b75ddf66027)","throwable":""}
{"timestamp":"2022-12-14T11:34:11,089","container":"a4bcdf629705","level":"INFO","thread":"BftProcessorExecutor-QBFT-0","class":"QbftBesuControllerBuilder","message":"Imported #33 / 0 tx / 0 pending / 0 (0.0%) gas / (0xc5a58b122f6e9c678a25ce31f04b5dc9bf1b8adac6c5448f24c46a9fc197fd99)","throwable":""}
{"timestamp":"2022-12-14T11:34:16,045","container":"a4bcdf629705","level":"INFO","thread":"BftProcessorExecutor-QBFT-0","class":"QbftBesuControllerBuilder","message":"Imported #34 / 0 tx / 0 pending / 0 (0.0%) gas / (0xa94288ace2416f8ca39220f1040a465f5db2d78c45c5ff4e3fd14ab8a1d14485)","throwable":""}
{"timestamp":"2022-12-14T11:34:21,082","container":"a4bcdf629705","level":"INFO","thread":"BftProcessorExecutor-QBFT-0","class":"QbftBesuControllerBuilder","message":"Produced #35 / 0 tx / 0 pending / 0 (0.0%) gas / (0x9b26d8c286cda60f0048482fb4bf51e10db43397ab78cc8270146e72798a0a57)","throwable":""}
{"timestamp":"2022-12-14T11:34:26,044","container":"a4bcdf629705","level":"INFO","thread":"BftProcessorExecutor-QBFT-0","class":"QbftBesuControllerBuilder","message":"Imported #36 / 0 tx / 0 pending / 0 (0.0%) gas / (0xfbacb02deaec4ee7df8b83e5340e39b0c35ebb75b6958be89334634966a6c0e9)","throwable":""}
{"timestamp":"2022-12-14T11:34:31,125","container":"a4bcdf629705","level":"INFO","thread":"BftProcessorExecutor-QBFT-0","class":"QbftBesuControllerBuilder","message":"Imported #37 / 0 tx / 0 pending / 0 (0.0%) gas / (0x035970fa9ec3e56692d52af061805f5a76a90000745eb09138a6884815595a23)","throwable":""}
{"timestamp":"2022-12-14T11:34:36,037","container":"a4bcdf629705","level":"INFO","thread":"BftProcessorExecutor-QBFT-0","class":"QbftBesuControllerBuilder","message":"Imported #38 / 0 tx / 0 pending / 0 (0.0%) gas / (0x13dc09dbcd5412b227095852454651deedd63131b800712ddcd8230f34a5ee8b)","throwable":""}
{"timestamp":"2022-12-14T11:34:41,065","container":"a4bcdf629705","level":"INFO","thread":"BftProcessorExecutor-QBFT-0","class":"QbftBesuControllerBuilder","message":"Produced #39 / 0 tx / 0 pending / 0 (0.0%) gas / (0xeafa6b1277c1ad5fdaecb5c84ae44c98e7a1adb2b313b084a4db26a25e7e089a)","throwable":""}
{"timestamp":"2022-12-14T11:34:46,040","container":"a4bcdf629705","level":"INFO","thread":"BftProcessorExecutor-QBFT-0","class":"QbftBesuControllerBuilder","message":"Imported #40 / 0 tx / 0 pending / 0 (0.0%) gas / (0x46767559136c348237671c0d64e3a552ff4ad67da8cef88713d2ac7e4c3e98db)","throwable":""}
{"timestamp":"2022-12-14T11:34:51,073","container":"a4bcdf629705","level":"INFO","thread":"EthScheduler-Workers-3","class":"PersistBlockTask","message":"Imported #41 / 0 tx / 0 om / 0 (0.0%) gas / (0x742288e472f558d7b1d8e35d2030a9a1de08fbd94f09b20cc87335c3aa054749) in 0.017s. Peers: 4","throwable":""}
{"timestamp":"2022-12-14T11:34:56,070","container":"a4bcdf629705","level":"INFO","thread":"BftProcessorExecutor-QBFT-0","class":"QbftBesuControllerBuilder","message":"Imported #42 / 0 tx / 0 pending / 0 (0.0%) gas / (0x2d3ed5d1ae2fe88bd9d4b69b827a54a4d815bd8a86de9e6313b667d66631f27d)","throwable":""}
{"timestamp":"2022-12-14T11:35:01,130","container":"a4bcdf629705","level":"INFO","thread":"BftProcessorExecutor-QBFT-0","class":"QbftBesuControllerBuilder","message":"Produced #43 / 0 tx / 0 pending / 0 (0.0%) gas / (0xe01244085bcb2d22efd3c1fbeca40a4d223518c0555f4fd637a7406d6fc34691)","throwable":""}
{"timestamp":"2022-12-14T11:35:01,130","container":"a4bcdf629705","level":"INFO","thread":"EthScheduler-Workers-2","class":"PersistBlockTask","message":"Imported #43 / 0 tx / 0 om / 0 (0.0%) gas / (0xe01244085bcb2d22efd3c1fbeca40a4d223518c0555f4fd637a7406d6fc34691) in 0.026s. Peers: 4","throwable":""}
{"timestamp":"2022-12-14T11:35:06,083","container":"a4bcdf629705","level":"INFO","thread":"BftProcessorExecutor-QBFT-0","class":"QbftBesuControllerBuilder","message":"Imported #44 / 0 tx / 0 pending / 0 (0.0%) gas / (0xe426a6946d1028a1b463b49d7f493497ddbd37950eb5cc967afddad2c905f4ee)","throwable":""}
{"timestamp":"2022-12-14T11:35:11,097","container":"a4bcdf629705","level":"INFO","thread":"BftProcessorExecutor-QBFT-0","class":"QbftBesuControllerBuilder","message":"Imported #45 / 0 tx / 0 pending / 0 (0.0%) gas / (0xe0c059a9978f0a383fdf5f64c895fefbd0934af2ed298712ffc2c835639cb112)","throwable":""}
{"timestamp":"2022-12-14T11:35:11,097","container":"a4bcdf629705","level":"INFO","thread":"EthScheduler-Workers-0","class":"PersistBlockTask","message":"Imported #45 / 0 tx / 0 om / 0 (0.0%) gas / (0xe0c059a9978f0a383fdf5f64c895fefbd0934af2ed298712ffc2c835639cb112) in 0.021s. Peers: 4","throwable":""}
{"timestamp":"2022-12-14T11:35:16,103","container":"a4bcdf629705","level":"INFO","thread":"BftProcessorExecutor-QBFT-0","class":"QbftBesuControllerBuilder","message":"Imported #46 / 0 tx / 0 pending / 0 (0.0%) gas / (0xe544933c49f1d5a67b20b555097477a80ade3fae3eb802cac3876daba38b5382)","throwable":""}
{"timestamp":"2022-12-14T11:35:21,068","container":"a4bcdf629705","level":"INFO","thread":"BftProcessorExecutor-QBFT-0","class":"QbftBesuControllerBuilder","message":"Produced #47 / 0 tx / 0 pending / 0 (0.0%) gas / (0xfddbbb44c4ab2bf01d0ea106c7295a607b9883d6bc0fedfc296295db24b09072)","throwable":""}
{"timestamp":"2022-12-14T11:35:26,039","container":"a4bcdf629705","level":"INFO","thread":"BftProcessorExecutor-QBFT-0","class":"QbftBesuControllerBuilder","message":"Imported #48 / 0 tx / 0 pending / 0 (0.0%) gas / (0xb8db256471465cfe545778e441ddd1e4687d9ce4e78872ebedbff4d8b575e86e)","throwable":""}
{"timestamp":"2022-12-14T11:35:31,097","container":"a4bcdf629705","level":"INFO","thread":"BftProcessorExecutor-QBFT-0","class":"QbftBesuControllerBuilder","message":"Imported #49 / 0 tx / 0 pending / 0 (0.0%) gas / (0x6e04d3b269ec8b49367c82fba5738de298635eb9d684ba55bec7876ef8bafb3f)","throwable":""}
{"timestamp":"2022-12-14T11:35:36,097","container":"a4bcdf629705","level":"INFO","thread":"EthScheduler-Workers-1","class":"PersistBlockTask","message":"Imported #50 / 0 tx / 0 om / 0 (0.0%) gas / (0x209ff3a09c005b19948cb643290465cc0ad0d819c0932f9bc7cf46e9bfbea825) in 0.012s. Peers: 4","throwable":""}
{"timestamp":"2022-12-14T11:35:41,084","container":"a4bcdf629705","level":"INFO","thread":"BftProcessorExecutor-QBFT-0","class":"QbftBesuControllerBuilder","message":"Produced #51 / 0 tx / 0 pending / 0 (0.0%) gas / (0x82175d7438d8e07ad56988f077e72e2b86ccb5dd74fd7452b3b4ee0a3198641c)","throwable":""}
{"timestamp":"2022-12-14T11:35:46,086","container":"a4bcdf629705","level":"INFO","thread":"BftProcessorExecutor-QBFT-0","class":"QbftBesuControllerBuilder","message":"Imported #52 / 0 tx / 0 pending / 0 (0.0%) gas / (0x8c1845a4a7aed566208276dd0314a880044cd2e94263aee47acd33cc0d709502)","throwable":""}
{"timestamp":"2022-12-14T11:35:51,031","container":"a4bcdf629705","level":"INFO","thread":"EthScheduler-Workers-3","class":"PersistBlockTask","message":"Imported #53 / 0 tx / 0 om / 0 (0.0%) gas / (0x134126f85a65a5b55a34eebd860ff864f495fe30be49fcbafb80ba0c4c322833) in 0.006s. Peers: 4","throwable":""}
{"timestamp":"2022-12-14T11:35:51,034","container":"a4bcdf629705","level":"INFO","thread":"BftProcessorExecutor-QBFT-0","class":"QbftBesuControllerBuilder","message":"Imported #53 / 0 tx / 0 pending / 0 (0.0%) gas / (0x134126f85a65a5b55a34eebd860ff864f495fe30be49fcbafb80ba0c4c322833)","throwable":""}
{"timestamp":"2022-12-14T11:35:56,089","container":"a4bcdf629705","level":"INFO","thread":"BftProcessorExecutor-QBFT-0","class":"QbftBesuControllerBuilder","message":"Imported #54 / 0 tx / 0 pending / 0 (0.0%) gas / (0xfb9b7255928df7f08204de8f4bf52d4c8da248fcde2bb0c7bfe4441cd59fe5b5)","throwable":""}
{"timestamp":"2022-12-14T11:36:01,043","container":"a4bcdf629705","level":"INFO","thread":"BftProcessorExecutor-QBFT-0","class":"QbftBesuControllerBuilder","message":"Produced #55 / 0 tx / 0 pending / 0 (0.0%) gas / (0xe993adea0b5172dcee1bcfb4613add9c6090f94b0e9ce37f7dc324a7858fd21a)","throwable":""}
{"timestamp":"2022-12-14T11:36:06,045","container":"a4bcdf629705","level":"INFO","thread":"EthScheduler-Workers-2","class":"PersistBlockTask","message":"Imported #56 / 0 tx / 0 om / 0 (0.0%) gas / (0xbce4a09ccc2742fa196dc6420ca9393ac1aee73e3d852b187a782981c031639a) in 0.003s. Peers: 4","throwable":""}
{"timestamp":"2022-12-14T11:36:06,045","container":"a4bcdf629705","level":"INFO","thread":"BftProcessorExecutor-QBFT-0","class":"QbftBesuControllerBuilder","message":"Imported #56 / 0 tx / 0 pending / 0 (0.0%) gas / (0xbce4a09ccc2742fa196dc6420ca9393ac1aee73e3d852b187a782981c031639a)","throwable":""}
{"timestamp":"2022-12-14T11:36:11,148","container":"a4bcdf629705","level":"INFO","thread":"BftProcessorExecutor-QBFT-0","class":"QbftBesuControllerBuilder","message":"Imported #57 / 0 tx / 0 pending / 0 (0.0%) gas / (0x09c9f009462676b1af52db87d806e1c4fd73e0243e7925c887e2d47bae13b948)","throwable":""}
{"timestamp":"2022-12-14T11:36:16,062","container":"a4bcdf629705","level":"INFO","thread":"EthScheduler-Workers-0","class":"PersistBlockTask","message":"Imported #58 / 0 tx / 0 om / 0 (0.0%) gas / (0xcd42509e95527575dfb5f5807dd90ed7e675d5ef1c2c460418d2c0273561d5ba) in 0.003s. Peers: 4","throwable":""}
{"timestamp":"2022-12-14T11:36:16,064","container":"a4bcdf629705","level":"INFO","thread":"BftProcessorExecutor-QBFT-0","class":"QbftBesuControllerBuilder","message":"Imported #58 / 0 tx / 0 pending / 0 (0.0%) gas / (0xcd42509e95527575dfb5f5807dd90ed7e675d5ef1c2c460418d2c0273561d5ba)","throwable":""}
{"timestamp":"2022-12-14T11:36:21,043","container":"a4bcdf629705","level":"INFO","thread":"BftProcessorExecutor-QBFT-0","class":"QbftBesuControllerBuilder","message":"Produced #59 / 0 tx / 0 pending / 0 (0.0%) gas / (0xf65dc68f0cbeea1add15f583e0a75cbccba033d1a078cf6e8d5e32f890e15108)","throwable":""}
{"timestamp":"2022-12-14T11:36:21,044","container":"a4bcdf629705","level":"INFO","thread":"EthScheduler-Workers-1","class":"PersistBlockTask","message":"Imported #59 / 0 tx / 0 om / 0 (0.0%) gas / (0xf65dc68f0cbeea1add15f583e0a75cbccba033d1a078cf6e8d5e32f890e15108) in 0.006s. Peers: 4","throwable":""}
{"timestamp":"2022-12-14T11:36:26,054","container":"a4bcdf629705","level":"INFO","thread":"EthScheduler-Workers-3","class":"PersistBlockTask","message":"Imported #60 / 0 tx / 0 om / 0 (0.0%) gas / (0x6a817424a2877b2a662e7edbc830f7dedb75979d775557515334ce3b1d8f4502) in 0.040s. Peers: 4","throwable":""}
{"timestamp":"2022-12-14T11:36:31,065","container":"a4bcdf629705","level":"INFO","thread":"BftProcessorExecutor-QBFT-0","class":"QbftBesuControllerBuilder","message":"Imported #61 / 0 tx / 0 pending / 0 (0.0%) gas / (0xa11c916a7ed3306506b4d8f4cddfc565e5688dc4c56737dec4a121c42afdf9f6)","throwable":""}
{"timestamp":"2022-12-14T11:36:36,048","container":"a4bcdf629705","level":"INFO","thread":"BftProcessorExecutor-QBFT-0","class":"QbftBesuControllerBuilder","message":"Imported #62 / 0 tx / 0 pending / 0 (0.0%) gas / (0x39dcdc2d071e7f364f940b0bca05a0da975a1c001535db78037f2ccdefc37236)","throwable":""}
{"timestamp":"2022-12-14T11:36:41,022","container":"a4bcdf629705","level":"INFO","thread":"BftProcessorExecutor-QBFT-0","class":"QbftBesuControllerBuilder","message":"Produced #63 / 0 tx / 0 pending / 0 (0.0%) gas / (0x4b252dea1627cf2402df837e00f3ccf56d89c9e6582eb69479edd3d7fc574eae)","throwable":""}
{"timestamp":"2022-12-14T11:36:46,081","container":"a4bcdf629705","level":"INFO","thread":"BftProcessorExecutor-QBFT-0","class":"QbftBesuControllerBuilder","message":"Imported #64 / 0 tx / 0 pending / 0 (0.0%) gas / (0x0c0f78ee4d366a9accee3572d367d644e63c971e62937ddfe877169b47815b7a)","throwable":""}
{"timestamp":"2022-12-14T11:36:51,148","container":"a4bcdf629705","level":"INFO","thread":"BftProcessorExecutor-QBFT-0","class":"QbftBesuControllerBuilder","message":"Imported #65 / 0 tx / 0 pending / 0 (0.0%) gas / (0x5a7cebd5d4283b3e741b27cc1011835fec28af96e221e88a429b58e220c3c1bc)","throwable":""}
{"timestamp":"2022-12-14T11:36:56,047","container":"a4bcdf629705","level":"INFO","thread":"BftProcessorExecutor-QBFT-0","class":"QbftBesuControllerBuilder","message":"Imported #66 / 0 tx / 2 pending / 0 (0.0%) gas / (0xbb0322ad9c95de075660150809f2d5f90c057d4865363368168ea99ffda24b98)","throwable":""}
{"timestamp":"2022-12-14T11:37:01,071","container":"a4bcdf629705","level":"INFO","thread":"BftProcessorExecutor-QBFT-0","class":"QbftBesuControllerBuilder","message":"Produced #67 / 0 tx / 2 pending / 0 (0.0%) gas / (0xb9c55262d7b031a7dce95a845794ba08e7ee8c975f6e7245530d99d10f52e208)","throwable":""}
{"timestamp":"2022-12-14T11:37:06,100","container":"a4bcdf629705","level":"INFO","thread":"BftProcessorExecutor-QBFT-0","class":"QbftBesuControllerBuilder","message":"Imported #68 / 0 tx / 2 pending / 0 (0.0%) gas / (0x71ca53dba1c77f8a073768286c91666c1e60a94ee4b7b55663f518cc8d1f6f17)","throwable":""}
{"timestamp":"2022-12-14T11:37:11,019","container":"a4bcdf629705","level":"INFO","thread":"BftProcessorExecutor-QBFT-0","class":"QbftBesuControllerBuilder","message":"Imported #69 / 0 tx / 2 pending / 0 (0.0%) gas / (0xab9e91fd61a56a80afd00ad4c616135d6d381829e22f77408b6410d4686cb317)","throwable":""}
{"timestamp":"2022-12-14T11:37:11,027","container":"a4bcdf629705","level":"INFO","thread":"EthScheduler-Workers-1","class":"PersistBlockTask","message":"Imported #69 / 0 tx / 0 om / 0 (0.0%) gas / (0xab9e91fd61a56a80afd00ad4c616135d6d381829e22f77408b6410d4686cb317) in 0.011s. Peers: 4","throwable":""}
{"timestamp":"2022-12-14T11:37:16,079","container":"a4bcdf629705","level":"INFO","thread":"BftProcessorExecutor-QBFT-0","class":"QbftBesuControllerBuilder","message":"Imported #70 / 0 tx / 2 pending / 0 (0.0%) gas / (0x6a2270c6b563bbdc65fd93a65fe2e123c3a6d3cb514714ef777a782660cde094)","throwable":""}
{"timestamp":"2022-12-14T11:37:21,028","container":"a4bcdf629705","level":"INFO","thread":"EthScheduler-Workers-3","class":"PersistBlockTask","message":"Imported #71 / 0 tx / 0 om / 0 (0.0%) gas / (0xf6186d72fd889034b01498c0680792c4722af2f88bb35111a25a36ea5a43f1bf) in 0.004s. Peers: 4","throwable":""}
{"timestamp":"2022-12-14T11:37:26,057","container":"a4bcdf629705","level":"INFO","thread":"BftProcessorExecutor-QBFT-0","class":"QbftBesuControllerBuilder","message":"Imported #72 / 0 tx / 2 pending / 0 (0.0%) gas / (0xe03f92526d092fd2b6ff8423f87b163ae2e6dc6c7371f6a902c84c3ddd13139e)","throwable":""}
{"timestamp":"2022-12-14T11:37:31,096","container":"a4bcdf629705","level":"INFO","thread":"BftProcessorExecutor-QBFT-0","class":"QbftBesuControllerBuilder","message":"Imported #73 / 0 tx / 2 pending / 0 (0.0%) gas / (0xa2c7b2081974b8f2b13643c9a380a2b47be670072aaffc81a0aa92c091ba162b)","throwable":""}
{"timestamp":"2022-12-14T11:37:36,042","container":"a4bcdf629705","level":"INFO","thread":"BftProcessorExecutor-QBFT-0","class":"QbftBesuControllerBuilder","message":"Imported #74 / 0 tx / 2 pending / 0 (0.0%) gas / (0x4bbb678b073f74c194ae8e935099e7102445fc83975de877ca4090f40176b969)","throwable":""}
{"timestamp":"2022-12-14T11:37:41,188","container":"a4bcdf629705","level":"INFO","thread":"BftProcessorExecutor-QBFT-0","class":"QbftBesuControllerBuilder","message":"Produced #75 / 0 tx / 2 pending / 0 (0.0%) gas / (0x7f144e4b719a7b57dfb284ec2875a55853f271a502661f42185b6ea7f93ec8d6)","throwable":""}
{"timestamp":"2022-12-14T11:37:46,107","container":"a4bcdf629705","level":"INFO","thread":"BftProcessorExecutor-QBFT-0","class":"QbftBesuControllerBuilder","message":"Imported #76 / 0 tx / 2 pending / 0 (0.0%) gas / (0x22a607a8aeb1a66ce3c7fc1a709c237b55112d0d4876b1b1920272c0a6c06cb5)","throwable":""}
{"timestamp":"2022-12-14T11:37:51,086","container":"a4bcdf629705","level":"INFO","thread":"BftProcessorExecutor-QBFT-0","class":"QbftBesuControllerBuilder","message":"Imported #77 / 1 tx / 2 pending / 127,008 (0.8%) gas / (0x997cacfa0942658e844e00bcc277296e8e726ac66782e7fe0327c0ae4c83f9d2)","throwable":""}
{"timestamp":"2022-12-14T11:37:56,195","container":"a4bcdf629705","level":"INFO","thread":"BftProcessorExecutor-QBFT-0","class":"QbftBesuControllerBuilder","message":"Imported #78 / 0 tx / 2 pending / 0 (0.0%) gas / (0xb9a9da0e51e393ca2dbea2bac8a29d503cc8d543fde6fc91df0345656a47126e)","throwable":""}
{"timestamp":"2022-12-14T11:38:01,040","container":"a4bcdf629705","level":"INFO","thread":"BftProcessorExecutor-QBFT-0","class":"QbftBesuControllerBuilder","message":"Produced #79 / 0 tx / 2 pending / 0 (0.0%) gas / (0x1d91c7fbb823ebba6299019f32ad6cc8d17dfea983db9ba4c0aa2d10edd67fc7)","throwable":""}
{"timestamp":"2022-12-14T11:38:06,085","container":"a4bcdf629705","level":"INFO","thread":"BftProcessorExecutor-QBFT-0","class":"QbftBesuControllerBuilder","message":"Imported #80 / 0 tx / 2 pending / 0 (0.0%) gas / (0x003f6346e518c61c341ee3cc09bc36c29d675b615fcaa87cdbd9b9dd9013b1dc)","throwable":""}
{"timestamp":"2022-12-14T11:38:11,034","container":"a4bcdf629705","level":"INFO","thread":"BftProcessorExecutor-QBFT-0","class":"QbftBesuControllerBuilder","message":"Imported #81 / 0 tx / 2 pending / 0 (0.0%) gas / (0xf6973bfe315844f8008000f9b18f499d5a4b9e045a3df70f7fb8e27365ba32cf)","throwable":""}
{"timestamp":"2022-12-14T11:38:16,038","container":"a4bcdf629705","level":"INFO","thread":"BftProcessorExecutor-QBFT-0","class":"QbftBesuControllerBuilder","message":"Imported #82 / 0 tx / 2 pending / 0 (0.0%) gas / (0xd713958e078ac7761085718097c34f10412d5860a0d30d250313992cfdab9ea1)","throwable":""}
{"timestamp":"2022-12-14T11:38:21,028","container":"a4bcdf629705","level":"INFO","thread":"BftProcessorExecutor-QBFT-0","class":"QbftBesuControllerBuilder","message":"Produced #83 / 0 tx / 2 pending / 0 (0.0%) gas / (0xf621f4998a977bfdbccc226b63793f6efc973787f2b895d837070116c1296de4)","throwable":""}
{"timestamp":"2022-12-14T11:38:26,028","container":"a4bcdf629705","level":"INFO","thread":"BftProcessorExecutor-QBFT-0","class":"QbftBesuControllerBuilder","message":"Imported #84 / 0 tx / 2 pending / 0 (0.0%) gas / (0xf9c03e369cb84408cd8bd240df013cb6be9f930a0a8199dda5bb120ae9317403)","throwable":""}
{"timestamp":"2022-12-14T11:38:31,038","container":"a4bcdf629705","level":"INFO","thread":"BftProcessorExecutor-QBFT-0","class":"QbftBesuControllerBuilder","message":"Imported #85 / 0 tx / 2 pending / 0 (0.0%) gas / (0xf7ada01c0e652d23b6d8a3c0d1b83cf68099851629745913888cc7479a0c8895)","throwable":""}
{"timestamp":"2022-12-14T11:38:31,039","container":"a4bcdf629705","level":"INFO","thread":"EthScheduler-Workers-1","class":"PersistBlockTask","message":"Imported #85 / 0 tx / 0 om / 0 (0.0%) gas / (0xf7ada01c0e652d23b6d8a3c0d1b83cf68099851629745913888cc7479a0c8895) in 0.004s. Peers: 4","throwable":""}
{"timestamp":"2022-12-14T11:38:36,020","container":"a4bcdf629705","level":"INFO","thread":"BftProcessorExecutor-QBFT-0","class":"QbftBesuControllerBuilder","message":"Imported #86 / 0 tx / 2 pending / 0 (0.0%) gas / (0x5e405ecab8482a3baa79e6825d1e4b593bd87c619e1b2f4d3cfba8070bb47a60)","throwable":""}
{"timestamp":"2022-12-14T11:38:41,039","container":"a4bcdf629705","level":"INFO","thread":"BftProcessorExecutor-QBFT-0","class":"QbftBesuControllerBuilder","message":"Produced #87 / 0 tx / 2 pending / 0 (0.0%) gas / (0xbd508fd341c1ff7365cccddc916058a11e24fdfde7149362e0dec55f27fd82df)","throwable":""}
{"timestamp":"2022-12-14T11:38:46,045","container":"a4bcdf629705","level":"INFO","thread":"BftProcessorExecutor-QBFT-0","class":"QbftBesuControllerBuilder","message":"Imported #88 / 0 tx / 2 pending / 0 (0.0%) gas / (0xff92222b945e635cdaddee4b1e9252a78632da92629dcf8b52013426e3bd51c5)","throwable":""}
{"timestamp":"2022-12-14T11:38:51,052","container":"a4bcdf629705","level":"INFO","thread":"EthScheduler-Workers-0","class":"PersistBlockTask","message":"Imported #89 / 0 tx / 0 om / 0 (0.0%) gas / (0x891ae0d31d57c099e3870d8afec17a80102de9aa4855419023b65563d210e5c8) in 0.004s. Peers: 4","throwable":""}
{"timestamp":"2022-12-14T11:38:56,038","container":"a4bcdf629705","level":"INFO","thread":"BftProcessorExecutor-QBFT-0","class":"QbftBesuControllerBuilder","message":"Imported #90 / 0 tx / 2 pending / 0 (0.0%) gas / (0xc83e1eabfe42ce613b45d8ce9e8e9a0e861be70fc72c1228af6cfb73450d1e7a)","throwable":""}
{"timestamp":"2022-12-14T11:39:01,034","container":"a4bcdf629705","level":"INFO","thread":"BftProcessorExecutor-QBFT-0","class":"QbftBesuControllerBuilder","message":"Produced #91 / 0 tx / 2 pending / 0 (0.0%) gas / (0xa629f507a51bb4c596535762d56e41675e1f6a902711303297186e5769d2067a)","throwable":""}
{"timestamp":"2022-12-14T11:39:06,124","container":"a4bcdf629705","level":"INFO","thread":"BftProcessorExecutor-QBFT-0","class":"QbftBesuControllerBuilder","message":"Imported #92 / 0 tx / 2 pending / 0 (0.0%) gas / (0x750e5cf82802687cc193604066e0a9f5606f009f3537f8113f5a07a5888e2065)","throwable":""}
{"timestamp":"2022-12-14T11:39:11,108","container":"a4bcdf629705","level":"INFO","thread":"BftProcessorExecutor-QBFT-0","class":"QbftBesuControllerBuilder","message":"Imported #93 / 0 tx / 2 pending / 0 (0.0%) gas / (0xc47a54f0d29ec1881b95445c411286b4d7e9d707539f844c1041885d8058929f)","throwable":""}
{"timestamp":"2022-12-14T11:39:11,108","container":"a4bcdf629705","level":"INFO","thread":"EthScheduler-Workers-2","class":"PersistBlockTask","message":"Imported #93 / 0 tx / 0 om / 0 (0.0%) gas / (0xc47a54f0d29ec1881b95445c411286b4d7e9d707539f844c1041885d8058929f) in 0.025s. Peers: 4","throwable":""}
{"timestamp":"2022-12-14T11:39:16,038","container":"a4bcdf629705","level":"INFO","thread":"BftProcessorExecutor-QBFT-0","class":"QbftBesuControllerBuilder","message":"Imported #94 / 0 tx / 2 pending / 0 (0.0%) gas / (0x868ae4094d8df60767c89433992d38cacbd36fb41d5c47dd67f4dc8363841a25)","throwable":""}
{"timestamp":"2022-12-14T11:39:16,039","container":"a4bcdf629705","level":"INFO","thread":"EthScheduler-Workers-3","class":"PersistBlockTask","message":"Imported #94 / 0 tx / 0 om / 0 (0.0%) gas / (0x868ae4094d8df60767c89433992d38cacbd36fb41d5c47dd67f4dc8363841a25) in 0.002s. Peers: 4","throwable":""}
{"timestamp":"2022-12-14T11:39:21,033","container":"a4bcdf629705","level":"INFO","thread":"BftProcessorExecutor-QBFT-0","class":"QbftBesuControllerBuilder","message":"Produced #95 / 0 tx / 2 pending / 0 (0.0%) gas / (0xd164fb243331602cbfd06f7d739590e83a437e72e06fa2cc94a9b9d0ec6c8618)","throwable":""}
{"timestamp":"2022-12-14T11:39:26,028","container":"a4bcdf629705","level":"INFO","thread":"BftProcessorExecutor-QBFT-0","class":"QbftBesuControllerBuilder","message":"Imported #96 / 0 tx / 2 pending / 0 (0.0%) gas / (0x4843508eae626d13d1f94770387add6044436f3f744bca2676ed80299513d2a1)","throwable":""}
{"timestamp":"2022-12-14T11:39:31,042","container":"a4bcdf629705","level":"INFO","thread":"BftProcessorExecutor-QBFT-0","class":"QbftBesuControllerBuilder","message":"Imported #97 / 0 tx / 2 pending / 0 (0.0%) gas / (0xac9e8b5fb10de58f53a98f26cf02206052189e9855827055929a1e60e256d91d)","throwable":""}
{"timestamp":"2022-12-14T11:39:36,097","container":"a4bcdf629705","level":"INFO","thread":"BftProcessorExecutor-QBFT-0","class":"QbftBesuControllerBuilder","message":"Imported #98 / 0 tx / 2 pending / 0 (0.0%) gas / (0x09d60547ee5dfa2e472fb041e5006f011b79db4c95587eea0d369d8776f0590c)","throwable":""}
{"timestamp":"2022-12-14T11:39:41,077","container":"a4bcdf629705","level":"INFO","thread":"BftProcessorExecutor-QBFT-0","class":"QbftBesuControllerBuilder","message":"Produced #99 / 0 tx / 2 pending / 0 (0.0%) gas / (0xe4e293c7e82d00b924ac69c8d5582dd80619c0a6406cd52825c83e2309d9ca7a)","throwable":""}
{"timestamp":"2022-12-14T11:39:46,106","container":"a4bcdf629705","level":"INFO","thread":"BftProcessorExecutor-QBFT-0","class":"QbftBesuControllerBuilder","message":"Imported #100 / 0 tx / 2 pending / 0 (0.0%) gas / (0x1fcfa6f00adc9cdee6f1951302e755af4a7055bc3dd9022005580bafd9a492ef)","throwable":""}
{"timestamp":"2022-12-14T11:39:51,030","container":"a4bcdf629705","level":"INFO","thread":"BftProcessorExecutor-QBFT-0","class":"QbftBesuControllerBuilder","message":"Imported #101 / 0 tx / 2 pending / 0 (0.0%) gas / (0x55c645116dfd84913d8d31abd4fdc65cb50a061387e4f7cf4851efc3b267dfc1)","throwable":""}
{"timestamp":"2022-12-14T11:39:56,148","container":"a4bcdf629705","level":"INFO","thread":"BftProcessorExecutor-QBFT-0","class":"QbftBesuControllerBuilder","message":"Imported #102 / 0 tx / 2 pending / 0 (0.0%) gas / (0x3534556f678908691fe69e23f1102643464663bfa7f92d3ad6151d170533743a)","throwable":""}
{"timestamp":"2022-12-14T11:40:01,063","container":"a4bcdf629705","level":"INFO","thread":"BftProcessorExecutor-QBFT-0","class":"QbftBesuControllerBuilder","message":"Produced #103 / 0 tx / 2 pending / 0 (0.0%) gas / (0xec8d6efed0f6d21bc0394cc939ac7b4ed291bbced6e3c934b4a83493ac16f27e)","throwable":""}
{"timestamp":"2022-12-14T11:40:06,047","container":"a4bcdf629705","level":"INFO","thread":"EthScheduler-Workers-1","class":"PersistBlockTask","message":"Imported #104 / 0 tx / 0 om / 0 (0.0%) gas / (0xd0d0bb17945a043fce86cc4131249185cccfdf4e1ec799e473852f5c025a064e) in 0.002s. Peers: 4","throwable":""}
{"timestamp":"2022-12-14T11:40:06,047","container":"a4bcdf629705","level":"INFO","thread":"BftProcessorExecutor-QBFT-0","class":"QbftBesuControllerBuilder","message":"Imported #104 / 0 tx / 2 pending / 0 (0.0%) gas / (0xd0d0bb17945a043fce86cc4131249185cccfdf4e1ec799e473852f5c025a064e)","throwable":""}
{"timestamp":"2022-12-14T11:40:11,027","container":"a4bcdf629705","level":"INFO","thread":"EthScheduler-Workers-0","class":"PersistBlockTask","message":"Imported #105 / 0 tx / 0 om / 0 (0.0%) gas / (0x7360c137d759b45b71861489da8d794653a8c1f9eef6bca3c00e744aa2b5cb47) in 0.003s. Peers: 4","throwable":""}
{"timestamp":"2022-12-14T11:40:11,027","container":"a4bcdf629705","level":"INFO","thread":"BftProcessorExecutor-QBFT-0","class":"QbftBesuControllerBuilder","message":"Imported #105 / 0 tx / 2 pending / 0 (0.0%) gas / (0x7360c137d759b45b71861489da8d794653a8c1f9eef6bca3c00e744aa2b5cb47)","throwable":""}
{"timestamp":"2022-12-14T11:40:16,028","container":"a4bcdf629705","level":"INFO","thread":"BftProcessorExecutor-QBFT-0","class":"QbftBesuControllerBuilder","message":"Imported #106 / 0 tx / 2 pending / 0 (0.0%) gas / (0x6962bd2dc07954afe904e48c9a7835754ab2c0937257f337a1b02ebfc02fbacc)","throwable":""}
{"timestamp":"2022-12-14T11:40:21,043","container":"a4bcdf629705","level":"INFO","thread":"BftProcessorExecutor-QBFT-0","class":"QbftBesuControllerBuilder","message":"Produced #107 / 0 tx / 2 pending / 0 (0.0%) gas / (0x68aa191649d9a0f97970d63452cb7d75ab8abbf842736752d67640da8eb99768)","throwable":""}
{"timestamp":"2022-12-14T11:40:26,034","container":"a4bcdf629705","level":"INFO","thread":"BftProcessorExecutor-QBFT-0","class":"QbftBesuControllerBuilder","message":"Imported #108 / 0 tx / 2 pending / 0 (0.0%) gas / (0x897a8b3ba1f01a76416a22b7d62a32d72eec78de5380bed82451b3bd3effd25e)","throwable":""}
{"timestamp":"2022-12-14T11:40:31,037","container":"a4bcdf629705","level":"INFO","thread":"BftProcessorExecutor-QBFT-0","class":"QbftBesuControllerBuilder","message":"Imported #109 / 0 tx / 2 pending / 0 (0.0%) gas / (0xcfae95237c9fa971c1498915191059ffdb301d997ee589462e09bc746f033978)","throwable":""}
{"timestamp":"2022-12-14T11:40:31,047","container":"a4bcdf629705","level":"INFO","thread":"EthScheduler-Workers-2","class":"PersistBlockTask","message":"Imported #109 / 0 tx / 0 om / 0 (0.0%) gas / (0xcfae95237c9fa971c1498915191059ffdb301d997ee589462e09bc746f033978) in 0.012s. Peers: 4","throwable":""}
{"timestamp":"2022-12-14T11:40:36,179","container":"a4bcdf629705","level":"INFO","thread":"BftProcessorExecutor-QBFT-0","class":"QbftBesuControllerBuilder","message":"Imported #110 / 0 tx / 2 pending / 0 (0.0%) gas / (0xca8a440439da41ac6d306ec366c5b21b67fa22653b9ba139ea3816ec384f2bc8)","throwable":""}
{"timestamp":"2022-12-14T11:40:41,073","container":"a4bcdf629705","level":"INFO","thread":"BftProcessorExecutor-QBFT-0","class":"QbftBesuControllerBuilder","message":"Produced #111 / 0 tx / 2 pending / 0 (0.0%) gas / (0x9ca7e3d2ce9147c51cefc0b7ee05fa07a21694d7db0d34b303704aeceed8d4c0)","throwable":""}
{"timestamp":"2022-12-14T11:40:46,083","container":"a4bcdf629705","level":"INFO","thread":"BftProcessorExecutor-QBFT-0","class":"QbftBesuControllerBuilder","message":"Imported #112 / 0 tx / 2 pending / 0 (0.0%) gas / (0xa746ef428c038f1edbf076b3ed9906682f526b260f1c3700027060b8d06d71c1)","throwable":""}
{"timestamp":"2022-12-14T11:40:51,060","container":"a4bcdf629705","level":"INFO","thread":"BftProcessorExecutor-QBFT-0","class":"QbftBesuControllerBuilder","message":"Imported #113 / 0 tx / 2 pending / 0 (0.0%) gas / (0xfff18e357cfbb8586e28c823ad0dcdcb9325cabf3647404464e0a664d3f89e99)","throwable":""}
{"timestamp":"2022-12-14T11:40:56,018","container":"a4bcdf629705","level":"INFO","thread":"EthScheduler-Workers-3","class":"PersistBlockTask","message":"Imported #114 / 0 tx / 0 om / 0 (0.0%) gas / (0x7cec2ddbeff9dcade9cbae2fc252eb4c84018113cef6b9bbc181ab9e77d1e6bd) in 0.000s. Peers: 4","throwable":""}
{"timestamp":"2022-12-14T11:40:56,019","container":"a4bcdf629705","level":"INFO","thread":"BftProcessorExecutor-QBFT-0","class":"QbftBesuControllerBuilder","message":"Imported #114 / 0 tx / 2 pending / 0 (0.0%) gas / (0x7cec2ddbeff9dcade9cbae2fc252eb4c84018113cef6b9bbc181ab9e77d1e6bd)","throwable":""}
{"timestamp":"2022-12-14T11:41:01,037","container":"a4bcdf629705","level":"INFO","thread":"BftProcessorExecutor-QBFT-0","class":"QbftBesuControllerBuilder","message":"Produced #115 / 0 tx / 2 pending / 0 (0.0%) gas / (0x065b5f20ce9c69fd2a159d5f53a39d35459671cb565f5c78152cc4ec7ca2ce88)","throwable":""}
{"timestamp":"2022-12-14T11:41:06,049","container":"a4bcdf629705","level":"INFO","thread":"BftProcessorExecutor-QBFT-0","class":"QbftBesuControllerBuilder","message":"Imported #116 / 0 tx / 2 pending / 0 (0.0%) gas / (0x4b8d052557538c1fd939ad54c2de73b6a9973bf78af4f7294d3a0151d108f10a)","throwable":""}
{"timestamp":"2022-12-14T11:41:11,103","container":"a4bcdf629705","level":"INFO","thread":"BftProcessorExecutor-QBFT-0","class":"QbftBesuControllerBuilder","message":"Imported #117 / 0 tx / 2 pending / 0 (0.0%) gas / (0x96ae9b16841713f3ea21c41c95bef5af8b21a88184d6f467e506aa201d3fdefb)","throwable":""}
{"timestamp":"2022-12-14T11:41:16,026","container":"a4bcdf629705","level":"INFO","thread":"BftProcessorExecutor-QBFT-0","class":"QbftBesuControllerBuilder","message":"Imported #118 / 0 tx / 2 pending / 0 (0.0%) gas / (0x3de7906863363741a8064ba7f0fae36127f19bd1cfc5b833687e79c75cf9b6b8)","throwable":""}
{"timestamp":"2022-12-14T11:41:16,028","container":"a4bcdf629705","level":"INFO","thread":"EthScheduler-Workers-1","class":"PersistBlockTask","message":"Imported #118 / 0 tx / 0 om / 0 (0.0%) gas / (0x3de7906863363741a8064ba7f0fae36127f19bd1cfc5b833687e79c75cf9b6b8) in 0.003s. Peers: 4","throwable":""}
{"timestamp":"2022-12-14T11:41:21,063","container":"a4bcdf629705","level":"INFO","thread":"BftProcessorExecutor-QBFT-0","class":"QbftBesuControllerBuilder","message":"Produced #119 / 0 tx / 2 pending / 0 (0.0%) gas / (0xcb1db75d553b7227590607dc13b4a1c325c63f1ff1168e715e42608afa51ecf9)","throwable":""}
{"timestamp":"2022-12-14T11:41:26,054","container":"a4bcdf629705","level":"INFO","thread":"EthScheduler-Workers-0","class":"PersistBlockTask","message":"Imported #120 / 0 tx / 0 om / 0 (0.0%) gas / (0xb1bdf9d6f01e3f0f99d9dbf8464503a7561205b72da7c6bc70570655c2b01c1f) in 0.007s. Peers: 4","throwable":""}
{"timestamp":"2022-12-14T11:41:31,036","container":"a4bcdf629705","level":"INFO","thread":"BftProcessorExecutor-QBFT-0","class":"QbftBesuControllerBuilder","message":"Imported #121 / 0 tx / 3 pending / 0 (0.0%) gas / (0x8b00c94ff075e8ce4632f3fcd28b0c2ab907ef94e448a8ea6c146a03c538a7cf)","throwable":""}
{"timestamp":"2022-12-14T11:41:36,022","container":"a4bcdf629705","level":"INFO","thread":"BftProcessorExecutor-QBFT-0","class":"QbftBesuControllerBuilder","message":"Imported #122 / 0 tx / 3 pending / 0 (0.0%) gas / (0xd297a81f909aee3fc8f1f8acdc106fe65bcada4d4c0694db36504750efe13b54)","throwable":""}
{"timestamp":"2022-12-14T11:41:41,055","container":"a4bcdf629705","level":"INFO","thread":"BftProcessorExecutor-QBFT-0","class":"QbftBesuControllerBuilder","message":"Produced #123 / 0 tx / 3 pending / 0 (0.0%) gas / (0x85c6924eb9f3003ed47bb112a7915fc4ce8e4deeb7715dc3854f0cd21774b93c)","throwable":""}
{"timestamp":"2022-12-14T11:41:46,060","container":"a4bcdf629705","level":"INFO","thread":"BftProcessorExecutor-QBFT-0","class":"QbftBesuControllerBuilder","message":"Imported #124 / 0 tx / 3 pending / 0 (0.0%) gas / (0x83b866859d68e501a495b4e9542c0e095156268722469f4bb15f78f1ed365722)","throwable":""}
{"timestamp":"2022-12-14T11:41:51,087","container":"a4bcdf629705","level":"INFO","thread":"BftProcessorExecutor-QBFT-0","class":"QbftBesuControllerBuilder","message":"Imported #125 / 1 tx / 3 pending / 39,028 (0.2%) gas / (0x04d76700b7eeb4db6b0a8488ec920b4aa16255d7de11e68231eff2458a369c15)","throwable":""}
{"timestamp":"2022-12-14T11:41:56,077","container":"a4bcdf629705","level":"INFO","thread":"EthScheduler-Workers-1","class":"PersistBlockTask","message":"Imported #126 / 0 tx / 0 om / 0 (0.0%) gas / (0x588090b28e51096ced84d41947f517a721dd013c4e2a97dcd25e71d081fa20dd) in 0.005s. Peers: 4","throwable":""}
{"timestamp":"2022-12-14T11:42:01,080","container":"a4bcdf629705","level":"INFO","thread":"BftProcessorExecutor-QBFT-0","class":"QbftBesuControllerBuilder","message":"Produced #127 / 0 tx / 3 pending / 0 (0.0%) gas / (0x661e9c57f27308bddd65b43ceb1832d766bb49aa9bb1b6fde553e8199c7ff53b)","throwable":""}
{"timestamp":"2022-12-14T11:42:06,069","container":"a4bcdf629705","level":"INFO","thread":"BftProcessorExecutor-QBFT-0","class":"QbftBesuControllerBuilder","message":"Imported #128 / 0 tx / 3 pending / 0 (0.0%) gas / (0xc76e7b85c6672754c7e8ebcdf20eaaad3e49d746cfe55b9887c8ef562b1c6884)","throwable":""}
{"timestamp":"2022-12-14T11:42:11,047","container":"a4bcdf629705","level":"INFO","thread":"BftProcessorExecutor-QBFT-0","class":"QbftBesuControllerBuilder","message":"Imported #129 / 0 tx / 3 pending / 0 (0.0%) gas / (0xa7b8ccd8fed160cac6b59e2595aabfa84b31d0b07b873a491724ff44877bfb21)","throwable":""}
{"timestamp":"2022-12-14T11:42:16,082","container":"a4bcdf629705","level":"INFO","thread":"BftProcessorExecutor-QBFT-0","class":"QbftBesuControllerBuilder","message":"Imported #130 / 0 tx / 4 pending / 0 (0.0%) gas / (0x98c6ba55a9b893dea1aaebe51e8c52fade6e6818a2d1699e5c50d1122cba3842)","throwable":""}
{"timestamp":"2022-12-14T11:42:21,286","container":"a4bcdf629705","level":"INFO","thread":"EthScheduler-Workers-2","class":"PersistBlockTask","message":"Imported #131 / 0 tx / 0 om / 0 (0.0%) gas / (0xb6690285270d643f23d4c52abee715e1e39e7dccd5021d95bb16dc5fac81d46b) in 0.048s. Peers: 4","throwable":""}
{"timestamp":"2022-12-14T11:42:21,288","container":"a4bcdf629705","level":"INFO","thread":"BftProcessorExecutor-QBFT-0","class":"QbftBesuControllerBuilder","message":"Produced #131 / 0 tx / 4 pending / 0 (0.0%) gas / (0xb6690285270d643f23d4c52abee715e1e39e7dccd5021d95bb16dc5fac81d46b)","throwable":""}
{"timestamp":"2022-12-14T11:42:26,023","container":"a4bcdf629705","level":"INFO","thread":"BftProcessorExecutor-QBFT-0","class":"QbftBesuControllerBuilder","message":"Imported #132 / 0 tx / 4 pending / 0 (0.0%) gas / (0xcf0335e30ad715f323c8c6dfa32e7b49f1db07a6362dbdfb60c1b84a50a45a49)","throwable":""}
{"timestamp":"2022-12-14T11:42:31,045","container":"a4bcdf629705","level":"INFO","thread":"BftProcessorExecutor-QBFT-0","class":"QbftBesuControllerBuilder","message":"Imported #133 / 0 tx / 4 pending / 0 (0.0%) gas / (0xe979e44ad67075976e87c5ed536340a13653f6da615eb3e92d07171a796de7e2)","throwable":""}
{"timestamp":"2022-12-14T11:42:36,040","container":"a4bcdf629705","level":"INFO","thread":"BftProcessorExecutor-QBFT-0","class":"QbftBesuControllerBuilder","message":"Imported #134 / 0 tx / 4 pending / 0 (0.0%) gas / (0x010e8932c9a6895b68110d249641e9f018b6cb4b264180a63ff34e435f3f2094)","throwable":""}
{"timestamp":"2022-12-14T11:42:41,028","container":"a4bcdf629705","level":"INFO","thread":"EthScheduler-Workers-3","class":"PersistBlockTask","message":"Imported #135 / 0 tx / 0 om / 0 (0.0%) gas / (0x64ef489952c2039ebe95238685ee31a318279877c0add787e9474cc4688726df) in 0.001s. Peers: 4","throwable":""}
{"timestamp":"2022-12-14T11:42:41,028","container":"a4bcdf629705","level":"INFO","thread":"BftProcessorExecutor-QBFT-0","class":"QbftBesuControllerBuilder","message":"Produced #135 / 0 tx / 4 pending / 0 (0.0%) gas / (0x64ef489952c2039ebe95238685ee31a318279877c0add787e9474cc4688726df)","throwable":""}
{"timestamp":"2022-12-14T11:42:46,066","container":"a4bcdf629705","level":"INFO","thread":"BftProcessorExecutor-QBFT-0","class":"QbftBesuControllerBuilder","message":"Imported #136 / 0 tx / 4 pending / 0 (0.0%) gas / (0xbf34caf7b5bfb62eb2803f75f99d46dc83f16891859de6e4a5aa6197cdbe4a18)","throwable":""}
{"timestamp":"2022-12-14T11:42:51,022","container":"a4bcdf629705","level":"INFO","thread":"BftProcessorExecutor-QBFT-0","class":"QbftBesuControllerBuilder","message":"Imported #137 / 0 tx / 4 pending / 0 (0.0%) gas / (0x56565db6461087f502e7fbb7e0f55ab0849b1cf8a76eb7a7c40d88ef54891881)","throwable":""}
{"timestamp":"2022-12-14T11:42:56,042","container":"a4bcdf629705","level":"INFO","thread":"BftProcessorExecutor-QBFT-0","class":"QbftBesuControllerBuilder","message":"Imported #138 / 0 tx / 4 pending / 0 (0.0%) gas / (0x7db15573b1ebbe06427733587910e64a897a039d697266061d54e60fb66059b2)","throwable":""}
{"timestamp":"2022-12-14T11:43:01,022","container":"a4bcdf629705","level":"INFO","thread":"BftProcessorExecutor-QBFT-0","class":"QbftBesuControllerBuilder","message":"Produced #139 / 0 tx / 4 pending / 0 (0.0%) gas / (0xed98f7f53ff32e0ef61ee3ded5a8e52e65c773a416a72b52fb1ae4bbbcbfd68c)","throwable":""}
{"timestamp":"2022-12-14T11:43:06,018","container":"a4bcdf629705","level":"INFO","thread":"BftProcessorExecutor-QBFT-0","class":"QbftBesuControllerBuilder","message":"Imported #140 / 0 tx / 4 pending / 0 (0.0%) gas / (0x85235c65311f876592c5d0f37e1a5de66f4ca1efec2672f37f2dd569a6df203a)","throwable":""}
{"timestamp":"2022-12-14T11:43:11,020","container":"a4bcdf629705","level":"INFO","thread":"BftProcessorExecutor-QBFT-0","class":"QbftBesuControllerBuilder","message":"Imported #141 / 0 tx / 4 pending / 0 (0.0%) gas / (0x48f6a94293af219ef1d05a7b14e7e5d3b383ed7644d851e4745902fb6fd97589)","throwable":""}
{"timestamp":"2022-12-14T11:43:16,049","container":"a4bcdf629705","level":"INFO","thread":"BftProcessorExecutor-QBFT-0","class":"QbftBesuControllerBuilder","message":"Imported #142 / 0 tx / 4 pending / 0 (0.0%) gas / (0x4aaf055115b7963b62b21159a88414f3be0e07f7c9db92030416aff384859479)","throwable":""}
{"timestamp":"2022-12-14T11:43:16,050","container":"a4bcdf629705","level":"INFO","thread":"EthScheduler-Workers-0","class":"PersistBlockTask","message":"Imported #142 / 0 tx / 0 om / 0 (0.0%) gas / (0x4aaf055115b7963b62b21159a88414f3be0e07f7c9db92030416aff384859479) in 0.003s. Peers: 4","throwable":""}
{"timestamp":"2022-12-14T11:43:21,034","container":"a4bcdf629705","level":"INFO","thread":"BftProcessorExecutor-QBFT-0","class":"QbftBesuControllerBuilder","message":"Produced #143 / 0 tx / 4 pending / 0 (0.0%) gas / (0x1afb5a9ee19bfc25b6df65dfa15ae0c3bda8b5ede0878ff3f22330d279abbf16)","throwable":""}
{"timestamp":"2022-12-14T11:43:21,539","container":"a4bcdf629705","level":"INFO","thread":"BftProcessorExecutor-QBFT-0","class":"BftProcessor","message":"Shutting down BFT event processor","throwable":""}
{"timestamp":"2022-12-14T11:43:21,547","container":"a4bcdf629705","level":"INFO","thread":"BesuCommand-Shutdown-Hook","class":"DefaultSynchronizer","message":"Stopping synchronizer","throwable":""}
{"timestamp":"2022-12-14T11:43:21,552","container":"a4bcdf629705","level":"INFO","thread":"BesuCommand-Shutdown-Hook","class":"NetworkRunner","message":"Stopping Network.","throwable":""}
{"timestamp":"2022-12-14T11:43:21,584","container":"a4bcdf629705","level":"INFO","thread":"BesuCommand-Shutdown-Hook","class":"EthProtocolManager","message":"Stopping eth Subprotocol.","throwable":""}
{"timestamp":"2022-12-14T11:43:21,622","container":"a4bcdf629705","level":"INFO","thread":"BesuCommand-Shutdown-Hook","class":"EthProtocolManager","message":"eth Subprotocol stopped.","throwable":""}
{"timestamp":"2022-12-14T11:43:21,650","container":"a4bcdf629705","level":"INFO","thread":"BesuCommand-Shutdown-Hook","class":"NetworkRunner","message":"Network stopped.","throwable":""}
{"timestamp":"2022-12-14T11:43:21,655","container":"a4bcdf629705","level":"INFO","thread":"BesuCommand-Shutdown-Hook","class":"AutoTransactionLogBloomCachingService","message":"Shutting down Auto transaction logs caching service.","throwable":""}
{"timestamp":"2022-12-14T11:43:21,680","container":"a4bcdf629705","level":"INFO","thread":"BesuCommand-Shutdown-Hook","class":"NatService","message":"No NAT environment detected so no service could be stopped","throwable":""}
