{"timestamp":"2022-12-14T09:54:32,813","container":"c49fc272e03d","level":"INFO","thread":"main","class":"Besu","message":"Using the Java implementation of alt bn128","throwable":""}
{"timestamp":"2022-12-14T09:54:32,836","container":"c49fc272e03d","level":"INFO","thread":"main","class":"Besu","message":"Using the native implementation of the signature algorithm","throwable":""}
{"timestamp":"2022-12-14T09:54:32,853","container":"c49fc272e03d","level":"INFO","thread":"main","class":"Besu","message":"Starting Besu version: besu/v22.7.1/linux-aarch_64/openjdk-java-11","throwable":""}
{"timestamp":"2022-12-14T09:54:33,499","container":"c49fc272e03d","level":"WARN","thread":"main","class":"Besu","message":"--min-gas-price has been ignored because --miner-enabled was not defined on the command line.","throwable":""}
{"timestamp":"2022-12-14T09:54:34,369","container":"c49fc272e03d","level":"INFO","thread":"main","class":"Besu","message":"Static Nodes file = /config/static-nodes.json","throwable":""}
{"timestamp":"2022-12-14T09:54:34,453","container":"c49fc272e03d","level":"INFO","thread":"main","class":"Besu","message":"Connecting to 8 static nodes.","throwable":""}
{"timestamp":"2022-12-14T09:54:34,464","container":"c49fc272e03d","level":"INFO","thread":"main","class":"Besu","message":"Security Module: localfile","throwable":""}
{"timestamp":"2022-12-14T09:54:34,506","container":"c49fc272e03d","level":"INFO","thread":"main","class":"RocksDBKeyValueStorageFactory","message":"No existing database detected at /opt/besu/data. Using version 1","throwable":""}
{"timestamp":"2022-12-14T09:54:35,572","container":"c49fc272e03d","level":"INFO","thread":"main","class":"KeyPairUtil","message":"Loaded public key 0xb9050e002aa42464e6b07c811a1f9dfec01249af03f67b753e8415420649b184447bb2a784863ccbf327ad9e31aaba803464979dfe6a7facc669151a5fa6ad1b from /opt/besu/keys/nodekey","throwable":""}
{"timestamp":"2022-12-14T09:54:35,598","container":"c49fc272e03d","level":"WARN","thread":"main","class":"Besu","message":"Privacy is disabled. Cannot use EEA/PRIV API methods when not using Privacy.","throwable":""}
{"timestamp":"2022-12-14T09:54:36,088","container":"c49fc272e03d","level":"INFO","thread":"main","class":"AbstractAltBnPrecompiledContract","message":"Native alt bn128 not available","throwable":""}
{"timestamp":"2022-12-14T09:54:36,090","container":"c49fc272e03d","level":"INFO","thread":"main","class":"AbstractAltBnPrecompiledContract","message":"Native alt bn128 not available","throwable":""}
{"timestamp":"2022-12-14T09:54:36,094","container":"c49fc272e03d","level":"INFO","thread":"main","class":"AbstractAltBnPrecompiledContract","message":"Native alt bn128 not available","throwable":""}
{"timestamp":"2022-12-14T09:54:36,289","container":"c49fc272e03d","level":"INFO","thread":"main","class":"ProtocolScheduleBuilder","message":"Protocol schedule created with milestones: [Petersburg: 0]","throwable":""}
{"timestamp":"2022-12-14T09:54:36,696","container":"c49fc272e03d","level":"INFO","thread":"main","class":"BesuControllerBuilder","message":"TTD difficulty is not present, creating initial sync phase for PoW","throwable":""}
{"timestamp":"2022-12-14T09:54:36,832","container":"c49fc272e03d","level":"INFO","thread":"main","class":"RunnerBuilder","message":"Detecting NAT service.","throwable":""}
{"timestamp":"2022-12-14T09:54:38,302","container":"c49fc272e03d","level":"INFO","thread":"main","class":"Runner","message":"Starting external services ... ","throwable":""}
{"timestamp":"2022-12-14T09:54:38,304","container":"c49fc272e03d","level":"INFO","thread":"main","class":"MetricsHttpService","message":"Starting metrics http service on 0.0.0.0:9545","throwable":""}
{"timestamp":"2022-12-14T09:54:38,513","container":"c49fc272e03d","level":"INFO","thread":"vert.x-eventloop-thread-1","class":"MetricsHttpService","message":"Metrics service started and listening on 0.0.0.0:9545","throwable":""}
{"timestamp":"2022-12-14T09:54:38,514","container":"c49fc272e03d","level":"INFO","thread":"main","class":"JsonRpcHttpService","message":"Starting JSON-RPC service on 0.0.0.0:8545","throwable":""}
{"timestamp":"2022-12-14T09:54:38,536","container":"c49fc272e03d","level":"INFO","thread":"vert.x-eventloop-thread-1","class":"JsonRpcHttpService","message":"JSON-RPC service started and listening on 0.0.0.0:8545","throwable":""}
{"timestamp":"2022-12-14T09:54:38,546","container":"c49fc272e03d","level":"INFO","thread":"main","class":"GraphQLHttpService","message":"Starting GraphQL HTTP service on 0.0.0.0:8547","throwable":""}
{"timestamp":"2022-12-14T09:54:38,550","container":"c49fc272e03d","level":"INFO","thread":"vert.x-eventloop-thread-1","class":"GraphQLHttpService","message":"GraphQL HTTP service started and listening on 0.0.0.0:8547","throwable":""}
{"timestamp":"2022-12-14T09:54:38,551","container":"c49fc272e03d","level":"INFO","thread":"main","class":"WebSocketService","message":"Starting Websocket service on 0.0.0.0:8546","throwable":""}
{"timestamp":"2022-12-14T09:54:38,555","container":"c49fc272e03d","level":"INFO","thread":"vert.x-eventloop-thread-1","class":"WebSocketService","message":"Websocket service started and listening on 0.0.0.0:8546","throwable":""}
{"timestamp":"2022-12-14T09:54:38,559","container":"c49fc272e03d","level":"INFO","thread":"main","class":"AutoTransactionLogBloomCachingService","message":"Starting auto transaction log bloom caching service.","throwable":""}
{"timestamp":"2022-12-14T09:54:38,561","container":"c49fc272e03d","level":"INFO","thread":"main","class":"LogBloomCacheMetadata","message":"Lookup cache metadata file in data directory: /opt/besu/data/caches","throwable":""}
{"timestamp":"2022-12-14T09:54:38,577","container":"c49fc272e03d","level":"INFO","thread":"main","class":"Runner","message":"Starting Ethereum main loop ... ","throwable":""}
{"timestamp":"2022-12-14T09:54:38,578","container":"c49fc272e03d","level":"INFO","thread":"main","class":"NatService","message":"No NAT environment detected so no service could be started","throwable":""}
{"timestamp":"2022-12-14T09:54:38,579","container":"c49fc272e03d","level":"INFO","thread":"main","class":"NetworkRunner","message":"Starting Network.","throwable":""}
{"timestamp":"2022-12-14T09:54:38,639","container":"c49fc272e03d","level":"INFO","thread":"nioEventLoopGroup-2-1","class":"RlpxAgent","message":"P2P RLPx agent started and listening on /0.0.0.0:30303.","throwable":""}
{"timestamp":"2022-12-14T09:54:38,642","container":"c49fc272e03d","level":"INFO","thread":"main","class":"PeerDiscoveryAgent","message":"Starting peer discovery agent on host=0.0.0.0, port=30303","throwable":""}
{"timestamp":"2022-12-14T09:54:38,725","container":"c49fc272e03d","level":"INFO","thread":"vert.x-eventloop-thread-1","class":"VertxPeerDiscoveryAgent","message":"Started peer discovery agent successfully, on effective host=0.0.0.0 and port=30303","throwable":""}
{"timestamp":"2022-12-14T09:54:38,731","container":"c49fc272e03d","level":"INFO","thread":"vert.x-eventloop-thread-1","class":"PeerDiscoveryAgent","message":"P2P peer discovery agent started and listening on /0.0.0.0:30303","throwable":""}
{"timestamp":"2022-12-14T09:54:39,036","container":"c49fc272e03d","level":"INFO","thread":"vert.x-eventloop-thread-1","class":"PeerDiscoveryAgent","message":"Writing node record to disk. NodeRecord{seq=1, publicKey=0x03b9050e002aa42464e6b07c811a1f9dfec01249af03f67b753e8415420649b184, udpAddress=Optional[/172.16.239.12:30303], tcpAddress=Optional[/172.16.239.12:30303], asBase64=-Je4QMbQ1CqdixZXh30ENrDWbrDckLSVpTEobrHJV-o9k2JPEDp_w2vr-KamqrY2dWEtE61Og6mE27tmU8AfuV8iNOgBg2V0aMfGhFuBMk-AgmlkgnY0gmlwhKwQ7wyJc2VjcDI1NmsxoQO5BQ4AKqQkZOawfIEaH53-wBJJrwP2e3U-hBVCBkmxhIN0Y3CCdl-DdWRwgnZf, nodeId=0x27059b2392ab7830b38b2f4d27a97c9aaf04f18f3014c32e036dd0ac76da5f18, customFields={tcp=30303, udp=30303, ip=0xac10ef0c, eth=[[0x5b81324f, 0x]], id=V4, secp256k1=0x03b9050e002aa42464e6b07c811a1f9dfec01249af03f67b753e8415420649b184}}","throwable":""}
{"timestamp":"2022-12-14T09:54:39,200","container":"c49fc272e03d","level":"INFO","thread":"main","class":"DefaultP2PNetwork","message":"Enode URL enode://b9050e002aa42464e6b07c811a1f9dfec01249af03f67b753e8415420649b184447bb2a784863ccbf327ad9e31aaba803464979dfe6a7facc669151a5fa6ad1b@172.16.239.12:30303","throwable":""}
{"timestamp":"2022-12-14T09:54:39,208","container":"c49fc272e03d","level":"INFO","thread":"main","class":"DefaultP2PNetwork","message":"Node address 0x27a97c9aaf04f18f3014c32e036dd0ac76da5f18","throwable":""}
{"timestamp":"2022-12-14T09:54:39,210","container":"c49fc272e03d","level":"INFO","thread":"main","class":"DefaultSynchronizer","message":"Starting synchronizer.","throwable":""}
{"timestamp":"2022-12-14T09:54:39,217","container":"c49fc272e03d","level":"INFO","thread":"main","class":"FullSyncDownloader","message":"Starting full sync.","throwable":""}
{"timestamp":"2022-12-14T09:54:39,227","container":"c49fc272e03d","level":"INFO","thread":"main","class":"FullSyncTargetManager","message":"No sync target, waiting for peers. Current peers: 0","throwable":""}
{"timestamp":"2022-12-14T09:54:39,317","container":"c49fc272e03d","level":"INFO","thread":"main","class":"Runner","message":"Ethereum main loop is up.","throwable":""}
{"timestamp":"2022-12-14T09:54:41,160","container":"c49fc272e03d","level":"INFO","thread":"nioEventLoopGroup-3-6","class":"FullSyncTargetManager","message":"No sync target, waiting for peers. Current peers: 6","throwable":""}
{"timestamp":"2022-12-14T09:54:41,510","container":"c49fc272e03d","level":"INFO","thread":"nioEventLoopGroup-3-10","class":"FullSyncTargetManager","message":"No sync target, waiting for peers. Current peers: 6","throwable":""}
{"timestamp":"2022-12-14T09:54:46,519","container":"c49fc272e03d","level":"INFO","thread":"EthScheduler-Timer-0","class":"FullSyncTargetManager","message":"No sync target, waiting for peers. Current peers: 6","throwable":""}
{"timestamp":"2022-12-14T09:54:49,258","container":"c49fc272e03d","level":"INFO","thread":"BftProcessorExecutor-QBFT-0","class":"QbftRound","message":"Importing proposed block to chain. round=ConsensusRoundIdentifier{Sequence=1, Round=1}, hash=0xd6349157545f24127316ebd1128670cb0e977445d7ba19fab7fdd27cd65d16cb","throwable":""}
{"timestamp":"2022-12-14T09:54:49,343","container":"c49fc272e03d","level":"INFO","thread":"BftProcessorExecutor-QBFT-0","class":"QbftBesuControllerBuilder","message":"Imported #1 / 0 tx / 0 pending / 0 (0.0%) gas / (0xd6349157545f24127316ebd1128670cb0e977445d7ba19fab7fdd27cd65d16cb)","throwable":""}
{"timestamp":"2022-12-14T09:54:51,527","container":"c49fc272e03d","level":"INFO","thread":"EthScheduler-Timer-0","class":"FullSyncTargetManager","message":"No sync target, waiting for peers. Current peers: 6","throwable":""}
{"timestamp":"2022-12-14T09:54:54,203","container":"c49fc272e03d","level":"INFO","thread":"BftProcessorExecutor-QBFT-0","class":"QbftBesuControllerBuilder","message":"Imported #2 / 0 tx / 0 pending / 0 (0.0%) gas / (0x7809215187bf3e56bc5e2b69c2312783f020cc548794b1ecf5257f6ecc1797ac)","throwable":""}
{"timestamp":"2022-12-14T09:54:59,123","container":"c49fc272e03d","level":"INFO","thread":"BftProcessorExecutor-QBFT-0","class":"QbftBesuControllerBuilder","message":"Imported #3 / 0 tx / 0 pending / 0 (0.0%) gas / (0xd61298a9978bc91c2812541b53c1bfc76f8c1d028f0c8d747d2f5a408caf440c)","throwable":""}
{"timestamp":"2022-12-14T09:54:59,123","container":"c49fc272e03d","level":"INFO","thread":"EthScheduler-Workers-0","class":"PersistBlockTask","message":"Imported #3 / 0 tx / 0 om / 0 (0.0%) gas / (0xd61298a9978bc91c2812541b53c1bfc76f8c1d028f0c8d747d2f5a408caf440c) in 0.013s. Peers: 6","throwable":""}
{"timestamp":"2022-12-14T09:55:04,117","container":"c49fc272e03d","level":"INFO","thread":"BftProcessorExecutor-QBFT-0","class":"QbftBesuControllerBuilder","message":"Produced #4 / 0 tx / 0 pending / 0 (0.0%) gas / (0x6bec162929caad5c461f9d43883b04b737ac44b7d5428d550aa9efdd592ec53c)","throwable":""}
{"timestamp":"2022-12-14T09:55:09,073","container":"c49fc272e03d","level":"INFO","thread":"BftProcessorExecutor-QBFT-0","class":"QbftBesuControllerBuilder","message":"Imported #5 / 0 tx / 0 pending / 0 (0.0%) gas / (0xa9ff0836ad258c44a125547a32509c37b5128dcc542893c9c7699d04c6aa71f1)","throwable":""}
{"timestamp":"2022-12-14T09:55:14,064","container":"c49fc272e03d","level":"INFO","thread":"BftProcessorExecutor-QBFT-0","class":"QbftBesuControllerBuilder","message":"Imported #6 / 0 tx / 0 pending / 0 (0.0%) gas / (0xb3129e87fd88cc1442f578f73d9a770aad7dd819ead685cfbec08de9c04a7dd8)","throwable":""}
{"timestamp":"2022-12-14T09:55:19,089","container":"c49fc272e03d","level":"INFO","thread":"BftProcessorExecutor-QBFT-0","class":"QbftBesuControllerBuilder","message":"Imported #7 / 0 tx / 0 pending / 0 (0.0%) gas / (0x8e3c7b8ce368271a08c34a3fc620f6e0e85303d112791714ef1a24ae41492b30)","throwable":""}
{"timestamp":"2022-12-14T09:55:19,089","container":"c49fc272e03d","level":"INFO","thread":"EthScheduler-Workers-2","class":"PersistBlockTask","message":"Imported #7 / 0 tx / 0 om / 0 (0.0%) gas / (0x8e3c7b8ce368271a08c34a3fc620f6e0e85303d112791714ef1a24ae41492b30) in 0.000s. Peers: 6","throwable":""}
{"timestamp":"2022-12-14T09:55:24,042","container":"c49fc272e03d","level":"INFO","thread":"BftProcessorExecutor-QBFT-0","class":"QbftBesuControllerBuilder","message":"Produced #8 / 0 tx / 0 pending / 0 (0.0%) gas / (0xd0fc62eb8af988557d566b98b9081cc17c3bf63ce73d8b1a8c0546ba70e3b60a)","throwable":""}
{"timestamp":"2022-12-14T09:55:29,107","container":"c49fc272e03d","level":"INFO","thread":"BftProcessorExecutor-QBFT-0","class":"QbftBesuControllerBuilder","message":"Imported #9 / 0 tx / 0 pending / 0 (0.0%) gas / (0x13fe212dc1a5847329946703a1c88b85f7d95e3c2a08eaacb44e0d3ac4accef3)","throwable":""}
{"timestamp":"2022-12-14T09:55:34,075","container":"c49fc272e03d","level":"INFO","thread":"EthScheduler-Workers-1","class":"PersistBlockTask","message":"Imported #10 / 0 tx / 0 om / 0 (0.0%) gas / (0xa06c0bc5dd15f1ee3745d277eb480d1498ef17fc890166deddeb59f0be47b2a8) in 0.018s. Peers: 6","throwable":""}
{"timestamp":"2022-12-14T09:55:34,076","container":"c49fc272e03d","level":"INFO","thread":"BftProcessorExecutor-QBFT-0","class":"QbftBesuControllerBuilder","message":"Imported #10 / 0 tx / 0 pending / 0 (0.0%) gas / (0xa06c0bc5dd15f1ee3745d277eb480d1498ef17fc890166deddeb59f0be47b2a8)","throwable":""}
{"timestamp":"2022-12-14T09:55:39,035","container":"c49fc272e03d","level":"INFO","thread":"BftProcessorExecutor-QBFT-0","class":"QbftBesuControllerBuilder","message":"Imported #11 / 0 tx / 0 pending / 0 (0.0%) gas / (0x571a0b0aa478e23ad96408cac6983454f1ab12c7310a188bcd3d0432931d700c)","throwable":""}
{"timestamp":"2022-12-14T09:55:44,059","container":"c49fc272e03d","level":"INFO","thread":"EthScheduler-Workers-3","class":"PersistBlockTask","message":"Imported #12 / 0 tx / 0 om / 0 (0.0%) gas / (0x5772b8e4232d259b85903fb5c014652f9bb8c89bafcf870c1ebc206dc133204f) in 0.004s. Peers: 6","throwable":""}
{"timestamp":"2022-12-14T09:55:44,061","container":"c49fc272e03d","level":"INFO","thread":"BftProcessorExecutor-QBFT-0","class":"QbftBesuControllerBuilder","message":"Produced #12 / 0 tx / 0 pending / 0 (0.0%) gas / (0x5772b8e4232d259b85903fb5c014652f9bb8c89bafcf870c1ebc206dc133204f)","throwable":""}
{"timestamp":"2022-12-14T09:55:49,060","container":"c49fc272e03d","level":"INFO","thread":"BftProcessorExecutor-QBFT-0","class":"QbftBesuControllerBuilder","message":"Imported #13 / 0 tx / 0 pending / 0 (0.0%) gas / (0x41b985999b5dabadaa3697afe6482100a95c3f8b78937ff5ad66531256bfb36b)","throwable":""}
{"timestamp":"2022-12-14T09:55:54,044","container":"c49fc272e03d","level":"INFO","thread":"BftProcessorExecutor-QBFT-0","class":"QbftBesuControllerBuilder","message":"Imported #14 / 0 tx / 0 pending / 0 (0.0%) gas / (0x4532a450b386175c38d864892ec4cf9c2f64a02047930f0c6fdcb21ffdac7340)","throwable":""}
{"timestamp":"2022-12-14T09:55:59,055","container":"c49fc272e03d","level":"INFO","thread":"BftProcessorExecutor-QBFT-0","class":"QbftBesuControllerBuilder","message":"Imported #15 / 0 tx / 0 pending / 0 (0.0%) gas / (0x19f0119ad67c124f7781840831b0f6b3f0ca784e3a4cf0124ba3e6f6ce7204bf)","throwable":""}
{"timestamp":"2022-12-14T09:56:04,066","container":"c49fc272e03d","level":"INFO","thread":"EthScheduler-Workers-0","class":"PersistBlockTask","message":"Imported #16 / 0 tx / 0 om / 0 (0.0%) gas / (0x72b013d1f40017796648f57fd5dbcba087301e45dc2f6310403cb3d87603c712) in 0.005s. Peers: 6","throwable":""}
{"timestamp":"2022-12-14T09:56:09,054","container":"c49fc272e03d","level":"INFO","thread":"BftProcessorExecutor-QBFT-0","class":"QbftBesuControllerBuilder","message":"Imported #17 / 0 tx / 0 pending / 0 (0.0%) gas / (0x63884db53a617ca0bd2af5e6940e98d4a25d51a100d0262e2151e08c353c3aed)","throwable":""}
{"timestamp":"2022-12-14T09:56:14,037","container":"c49fc272e03d","level":"INFO","thread":"BftProcessorExecutor-QBFT-0","class":"QbftBesuControllerBuilder","message":"Imported #18 / 0 tx / 0 pending / 0 (0.0%) gas / (0x23f75a6ffd354cd824bc0cf8d9c9499174ac1f556f8bd37289afef617ec7d7cd)","throwable":""}
{"timestamp":"2022-12-14T09:56:19,046","container":"c49fc272e03d","level":"INFO","thread":"BftProcessorExecutor-QBFT-0","class":"QbftBesuControllerBuilder","message":"Imported #19 / 0 tx / 0 pending / 0 (0.0%) gas / (0xeee9faae1723703b842fdaea6aa24b338f2c35a625aa6cbdd52003299430b798)","throwable":""}
{"timestamp":"2022-12-14T09:56:24,038","container":"c49fc272e03d","level":"INFO","thread":"BftProcessorExecutor-QBFT-0","class":"QbftBesuControllerBuilder","message":"Produced #20 / 0 tx / 0 pending / 0 (0.0%) gas / (0x41a4bce698458106dafb927dfa0f416fcc92b03a2044f278df8aa358bdd2a3a8)","throwable":""}
{"timestamp":"2022-12-14T09:56:29,047","container":"c49fc272e03d","level":"INFO","thread":"BftProcessorExecutor-QBFT-0","class":"QbftBesuControllerBuilder","message":"Imported #21 / 0 tx / 0 pending / 0 (0.0%) gas / (0x0ddb2ded553f3f4da3ad597fc5b62de85bfe2912f3fc356cc47169fdaca6e4f1)","throwable":""}
{"timestamp":"2022-12-14T09:56:34,058","container":"c49fc272e03d","level":"INFO","thread":"EthScheduler-Workers-2","class":"PersistBlockTask","message":"Imported #22 / 0 tx / 0 om / 0 (0.0%) gas / (0x47747a3d15b57418d0feb6d1eae564e1b6a01afc3fc750641ecc4a15b9dc8f97) in 0.012s. Peers: 6","throwable":""}
{"timestamp":"2022-12-14T09:56:39,037","container":"c49fc272e03d","level":"INFO","thread":"BftProcessorExecutor-QBFT-0","class":"QbftBesuControllerBuilder","message":"Imported #23 / 0 tx / 0 pending / 0 (0.0%) gas / (0x9b3afe1161459cad5577ff808385f30ffc1db958da2ca5ec6d8ed5fef349bc1c)","throwable":""}
{"timestamp":"2022-12-14T09:56:44,024","container":"c49fc272e03d","level":"INFO","thread":"BftProcessorExecutor-QBFT-0","class":"QbftBesuControllerBuilder","message":"Produced #24 / 0 tx / 0 pending / 0 (0.0%) gas / (0xac1486d293c4ed87c0567746520d8ec202db881963833664c12fcd22baa6a9de)","throwable":""}
{"timestamp":"2022-12-14T09:56:49,118","container":"c49fc272e03d","level":"INFO","thread":"BftProcessorExecutor-QBFT-0","class":"QbftBesuControllerBuilder","message":"Imported #25 / 0 tx / 0 pending / 0 (0.0%) gas / (0x9d288349caece74fcd0c27c961a0de6ab4137f4b73c0dca690d7b612952122e3)","throwable":""}
{"timestamp":"2022-12-14T09:56:54,051","container":"c49fc272e03d","level":"INFO","thread":"EthScheduler-Workers-1","class":"PersistBlockTask","message":"Imported #26 / 0 tx / 0 om / 0 (0.0%) gas / (0x5961810f6f732ddbfc0e8310ccc36575e033c95d046e9732cc643d7324032aed) in 0.008s. Peers: 6","throwable":""}
{"timestamp":"2022-12-14T09:56:59,038","container":"c49fc272e03d","level":"INFO","thread":"BftProcessorExecutor-QBFT-0","class":"QbftBesuControllerBuilder","message":"Imported #27 / 0 tx / 0 pending / 0 (0.0%) gas / (0x868b605a87e5dcde243de03d21557f10f526d383114eaf408edf1b36968a1fa8)","throwable":""}
{"timestamp":"2022-12-14T09:57:04,038","container":"c49fc272e03d","level":"INFO","thread":"BftProcessorExecutor-QBFT-0","class":"QbftBesuControllerBuilder","message":"Produced #28 / 0 tx / 0 pending / 0 (0.0%) gas / (0x0902e1ea50a8c88ae91e70698545efa9474763ff68fe948079b157fc645a89b6)","throwable":""}
{"timestamp":"2022-12-14T09:57:09,026","container":"c49fc272e03d","level":"INFO","thread":"BftProcessorExecutor-QBFT-0","class":"QbftBesuControllerBuilder","message":"Imported #29 / 0 tx / 0 pending / 0 (0.0%) gas / (0xd097315df50a8904be6943d68a57d50c02607e05f157d19c788d0e3412de28bd)","throwable":""}
{"timestamp":"2022-12-14T09:57:14,054","container":"c49fc272e03d","level":"INFO","thread":"EthScheduler-Workers-3","class":"PersistBlockTask","message":"Imported #30 / 0 tx / 0 om / 0 (0.0%) gas / (0x9b6e253ea00f05487b274627a5dbe57a9fd5eb89f98b1f79981dcb0146bac400) in 0.025s. Peers: 6","throwable":""}
{"timestamp":"2022-12-14T09:57:14,056","container":"c49fc272e03d","level":"INFO","thread":"BftProcessorExecutor-QBFT-0","class":"QbftBesuControllerBuilder","message":"Imported #30 / 0 tx / 0 pending / 0 (0.0%) gas / (0x9b6e253ea00f05487b274627a5dbe57a9fd5eb89f98b1f79981dcb0146bac400)","throwable":""}
{"timestamp":"2022-12-14T09:57:16,079","container":"c49fc272e03d","level":"INFO","thread":"BftProcessorExecutor-QBFT-0","class":"BftProcessor","message":"Shutting down BFT event processor","throwable":""}
{"timestamp":"2022-12-14T09:57:16,088","container":"c49fc272e03d","level":"INFO","thread":"BesuCommand-Shutdown-Hook","class":"DefaultSynchronizer","message":"Stopping synchronizer","throwable":""}
{"timestamp":"2022-12-14T09:57:16,107","container":"c49fc272e03d","level":"INFO","thread":"BesuCommand-Shutdown-Hook","class":"NetworkRunner","message":"Stopping Network.","throwable":""}
{"timestamp":"2022-12-14T09:57:16,156","container":"c49fc272e03d","level":"INFO","thread":"BesuCommand-Shutdown-Hook","class":"EthProtocolManager","message":"Stopping eth Subprotocol.","throwable":""}
{"timestamp":"2022-12-14T09:57:16,205","container":"c49fc272e03d","level":"INFO","thread":"BesuCommand-Shutdown-Hook","class":"EthProtocolManager","message":"eth Subprotocol stopped.","throwable":""}
{"timestamp":"2022-12-14T09:57:16,210","container":"c49fc272e03d","level":"INFO","thread":"BesuCommand-Shutdown-Hook","class":"NetworkRunner","message":"Network stopped.","throwable":""}
{"timestamp":"2022-12-14T09:57:16,219","container":"c49fc272e03d","level":"INFO","thread":"BesuCommand-Shutdown-Hook","class":"AutoTransactionLogBloomCachingService","message":"Shutting down Auto transaction logs caching service.","throwable":""}
{"timestamp":"2022-12-14T09:57:16,277","container":"c49fc272e03d","level":"INFO","thread":"BesuCommand-Shutdown-Hook","class":"NatService","message":"No NAT environment detected so no service could be stopped","throwable":""}
